<?xml version="1.0" encoding="UTF-8"?>
<testng-results skipped="0" failed="15" total="63" passed="48">
  <reporter-output>
    <line>
      <![CDATA[Test Data from Excel : Username: prod@mail.com]]>
    </line>
    <line>
      <![CDATA[Test Data from Excel : SignInPassword: Test1234]]>
    </line>
    <line>
      <![CDATA[Test Data from Excel : SearchString: bracelets]]>
    </line>
    <line>
      <![CDATA[Test Data from Excel : Username: prod@mail.com]]>
    </line>
    <line>
      <![CDATA[Test Data from Excel : SignInPassword: Test1234]]>
    </line>
    <line>
      <![CDATA[Test Data from Excel : Username: prod@mail.com]]>
    </line>
    <line>
      <![CDATA[Test Data from Excel : SignInPassword: Test1234]]>
    </line>
    <line>
      <![CDATA[Test Data from Excel : ZipCode: 12345]]>
    </line>
    <line>
      <![CDATA[Test Data from Excel : ZipCode: 12345]]>
    </line>
    <line>
      <![CDATA[Test Data from Excel : ProductId: #D056119S]]>
    </line>
    <line>
      <![CDATA[Test Data from Excel : Username: prod@mail.com]]>
    </line>
    <line>
      <![CDATA[Test Data from Excel : SignInPassword: Test1234]]>
    </line>
    <line>
      <![CDATA[Test Data from Excel : ZipCode: 12345]]>
    </line>
    <line>
      <![CDATA[Test Data from Excel : Username: prod@mail.com]]>
    </line>
    <line>
      <![CDATA[Test Data from Excel : SignInPassword: Test1234]]>
    </line>
    <line>
      <![CDATA[Test Data from Excel : ZipCode: 12345]]>
    </line>
    <line>
      <![CDATA[Test Data from Excel : FirstName: testa]]>
    </line>
    <line>
      <![CDATA[Test Data from Excel : LastName: mich]]>
    </line>
    <line>
      <![CDATA[Test Data from Excel : Password: Test1234]]>
    </line>
    <line>
      <![CDATA[Test Data from Excel : ZipCode: 12345]]>
    </line>
    <line>
      <![CDATA[Test Data from Excel : ZipCode: 12345]]>
    </line>
    <line>
      <![CDATA[Test Data from Excel : Username: prod@mail.com]]>
    </line>
    <line>
      <![CDATA[Test Data from Excel : SignInPassword: Test1234]]>
    </line>
    <line>
      <![CDATA[Test Data from Excel : ZipCode: 12345]]>
    </line>
    <line>
      <![CDATA[Test Data from Excel : Username: prod@mail.com]]>
    </line>
    <line>
      <![CDATA[Test Data from Excel : SignInPassword: Test1234]]>
    </line>
    <line>
      <![CDATA[Test Data from Excel : Username: prod@mail.com]]>
    </line>
    <line>
      <![CDATA[Test Data from Excel : SignInPassword: Test1234]]>
    </line>
    <line>
      <![CDATA[Test Data from Excel : ZipCode: 12345]]>
    </line>
    <line>
      <![CDATA[Test Data from Excel : FirstName: test]]>
    </line>
    <line>
      <![CDATA[Test Data from Excel : LastName: rw]]>
    </line>
    <line>
      <![CDATA[Test Data from Excel : Password: Test1234]]>
    </line>
    <line>
      <![CDATA[Test Data from Excel : ZipCode: 12345]]>
    </line>
    <line>
      <![CDATA[Test Data from Excel : Username: prod@mail.com]]>
    </line>
    <line>
      <![CDATA[Test Data from Excel : SignInPassword: Test1234]]>
    </line>
    <line>
      <![CDATA[Test Data from Excel : FirstName: testcr]]>
    </line>
    <line>
      <![CDATA[Test Data from Excel : LastName: m]]>
    </line>
    <line>
      <![CDATA[Test Data from Excel : Password: Test1234]]>
    </line>
    <line>
      <![CDATA[Test Data from Excel : ZipCode: 12345]]>
    </line>
    <line>
      <![CDATA[Test Data from Excel : FirstName: test]]>
    </line>
    <line>
      <![CDATA[Test Data from Excel : LastName: mm]]>
    </line>
    <line>
      <![CDATA[Test Data from Excel : Password: Test1234]]>
    </line>
    <line>
      <![CDATA[Test Data from Excel : ZipCode: 12345]]>
    </line>
    <line>
      <![CDATA[Test Data from Excel : ZipCode: 12345]]>
    </line>
    <line>
      <![CDATA[Test Data from Excel : SearchString: green bag]]>
    </line>
    <line>
      <![CDATA[Test Data from Excel : ZipCode: 12345]]>
    </line>
    <line>
      <![CDATA[Test Data from Excel : ZipCode: 12345]]>
    </line>
    <line>
      <![CDATA[Test Data from Excel : Username: prod@mail.com]]>
    </line>
    <line>
      <![CDATA[Test Data from Excel : SignInPassword: Test1234]]>
    </line>
    <line>
      <![CDATA[Test Data from Excel : ZipCode: 12345]]>
    </line>
    <line>
      <![CDATA[Test Data from Excel : Username: prod@mail.com]]>
    </line>
    <line>
      <![CDATA[Test Data from Excel : SignInPassword: Test1234]]>
    </line>
    <line>
      <![CDATA[Test Data from Excel : FirstName: test]]>
    </line>
    <line>
      <![CDATA[Test Data from Excel : LastName: rw]]>
    </line>
    <line>
      <![CDATA[Test Data from Excel : Password: Test1234]]>
    </line>
    <line>
      <![CDATA[Test Data from Excel : ZipCode: 12345]]>
    </line>
    <line>
      <![CDATA[Test Data from Excel : ZipCode: 12345]]>
    </line>
    <line>
      <![CDATA[Test Data from Excel : SearchString: bag]]>
    </line>
    <line>
      <![CDATA[Test Data from Excel : Username: prod@mail.com]]>
    </line>
    <line>
      <![CDATA[Test Data from Excel : SignInPassword: Test1234]]>
    </line>
    <line>
      <![CDATA[Test Data from Excel : ZipCode: 12345]]>
    </line>
    <line>
      <![CDATA[Test Data from Excel : Username: prod@mail.com]]>
    </line>
    <line>
      <![CDATA[Test Data from Excel : SignInPassword: Test1234]]>
    </line>
    <line>
      <![CDATA[Test Data from Excel : Username: prod@mail.com]]>
    </line>
    <line>
      <![CDATA[Test Data from Excel : SignInPassword: Test1234]]>
    </line>
    <line>
      <![CDATA[Test Data from Excel : Username: prod@mail.com]]>
    </line>
    <line>
      <![CDATA[Test Data from Excel : SignInPassword: Test1234]]>
    </line>
    <line>
      <![CDATA[Test Data from Excel : ZipCode: 12345]]>
    </line>
    <line>
      <![CDATA[Test Data from Excel : ZipCode: 12345]]>
    </line>
    <line>
      <![CDATA[Test Data from Excel : SearchString: floral printanier]]>
    </line>
    <line>
      <![CDATA[Test Data from Excel : ZipCode: 12345]]>
    </line>
    <line>
      <![CDATA[Test Data from Excel : Username: prod@mail.com]]>
    </line>
    <line>
      <![CDATA[Test Data from Excel : SignInPassword: Test1234]]>
    </line>
    <line>
      <![CDATA[Test Data from Excel : SearchString: irving texas]]>
    </line>
    <line>
      <![CDATA[Test Data from Excel : Username: prod@mail.com]]>
    </line>
    <line>
      <![CDATA[Test Data from Excel : SignInPassword: Test1234]]>
    </line>
    <line>
      <![CDATA[Test Data from Excel : ZipCode: 12345]]>
    </line>
    <line>
      <![CDATA[Test Data from Excel : Username: prod@mail.com]]>
    </line>
    <line>
      <![CDATA[Test Data from Excel : SignInPassword: Test1234]]>
    </line>
    <line>
      <![CDATA[Test Data from Excel : ZipCode: 12345]]>
    </line>
    <line>
      <![CDATA[Setting the Capabilities]]>
    </line>
    <line>
      <![CDATA[Initiated Method to Verify app guide and land on Home page ]]>
    </line>
    <line>
      <![CDATA[Element is displayed Successfully*****Located by Locator map: 
- native content: "By.chained({By.id: android:id/button2})" 
- html content: "by id or name "btnDenyLocationAccess""]]>
    </line>
    <line>
      <![CDATA[Element is displayed Successfully*****Located by By.id: flexGuideControl41]]>
    </line>
    <line>
      <![CDATA[Element is displayed Successfully*****Located by By.id: flexGuideControl41]]>
    </line>
    <line>
      <![CDATA[Element is displayed Successfully*****Located by Locator map: 
- native content: "By.chained({By.xpath: //*[@text='Deny']})" 
- html content: "by id or name "btnDeny""]]>
    </line>
    <line>
      <![CDATA[******* Test Case PASSED ******* tC01_appGuideTest]]>
    </line>
    <line>
      <![CDATA[******* Test Case PASSED ******* tC01_appGuideTest]]>
    </line>
    <line>
      <![CDATA[Setting the Capabilities]]>
    </line>
    <line>
      <![CDATA[Setting the Capabilities]]>
    </line>
    <line>
      <![CDATA[Intitaited method to Click on Sigin in On App guide page]]>
    </line>
    <line>
      <![CDATA[Element is displayed Successfully*****Located by Locator map: 
- native content: "By.chained({By.id: android:id/button2})" 
- html content: "by id or name "btnDenyLocationAccess""]]>
    </line>
    <line>
      <![CDATA[Element is displayed Successfully*****Located by By.id: flexGuideControl41]]>
    </line>
    <line>
      <![CDATA[Element is displayed Successfully*****Located by By.id: flexGuideControl41]]>
    </line>
    <line>
      <![CDATA[Element is displayed Successfully*****Located by Locator map: 
- native content: "By.chained({By.xpath: //*[@text='Deny']})" 
- html content: "by id or name "btnDeny""]]>
    </line>
    <line>
      <![CDATA[Element is displayed Successfully*****Located by Locator map: 
- native content: "By.chained({By.xpath: //*[@text='You’re logged in now.']})" 
- html content: "by id or name "txt_loginSuccess""]]>
    </line>
    <line>
      <![CDATA[******* Test Case PASSED ******* tc03_appGuideSignInTest]]>
    </line>
    <line>
      <![CDATA[******* Test Case PASSED ******* tc03_appGuideSignInTest]]>
    </line>
    <line>
      <![CDATA[Setting the Capabilities]]>
    </line>
    <line>
      <![CDATA[Initiated Method to Click on Sign Up button on App guide Page ]]>
    </line>
    <line>
      <![CDATA[Element is displayed Successfully*****Located by Locator map: 
- native content: "By.chained({By.id: android:id/button2})" 
- html content: "by id or name "btnDenyLocationAccess""]]>
    </line>
    <line>
      <![CDATA[Element is displayed Successfully*****Located by By.id: flexGuideControl41]]>
    </line>
    <line>
      <![CDATA[Element is displayed Successfully*****Located by By.id: flexGuideControl41]]>
    </line>
    <line>
      <![CDATA[Element is displayed Successfully*****Located by Locator map: 
- native content: "By.chained({By.xpath: //*[@text='Deny']})" 
- html content: "by id or name "btnDeny""]]>
    </line>
    <line>
      <![CDATA[Initiated method to enter details and click on create account ]]>
    </line>
    <line>
      <![CDATA[Element is displayed Successfully*****Located by By.id: btnYes]]>
    </line>
    <line>
      <![CDATA[Element is displayed Successfully*****Located by By.id: btnNotRightNow]]>
    </line>
    <line>
      <![CDATA[******* Test Case PASSED ******* tc04_createAccountAppGuideTest]]>
    </line>
    <line>
      <![CDATA[******* Test Case PASSED ******* tc04_createAccountAppGuideTest]]>
    </line>
    <line>
      <![CDATA[Setting the Capabilities]]>
    </line>
    <line>
      <![CDATA[Initiated Method to Verify app guide and land on Home page ]]>
    </line>
    <line>
      <![CDATA[Element is displayed Successfully*****Located by Locator map: 
- native content: "By.chained({By.id: android:id/button2})" 
- html content: "by id or name "btnDenyLocationAccess""]]>
    </line>
    <line>
      <![CDATA[Element is displayed Successfully*****Located by By.id: flexGuideControl41]]>
    </line>
    <line>
      <![CDATA[Element is displayed Successfully*****Located by By.id: flexGuideControl41]]>
    </line>
    <line>
      <![CDATA[Element is displayed Successfully*****Located by Locator map: 
- native content: "By.chained({By.xpath: //*[@text='Deny']})" 
- html content: "by id or name "btnDeny""]]>
    </line>
    <line>
      <![CDATA[Initiated Method to Click on More Menu ]]>
    </line>
    <line>
      <![CDATA[Initiated Method to Click on SignIn Button ]]>
    </line>
    <line>
      <![CDATA[Element is displayed Successfully*****Located by By.id: btnSignIn]]>
    </line>
    <line>
      <![CDATA[Initiated Method to Click on Create Account ]]>
    </line>
    <line>
      <![CDATA[Initiated method to enter details and click on create account ]]>
    </line>
    <line>
      <![CDATA[Element is displayed Successfully*****Located by By.id: btnYes]]>
    </line>
    <line>
      <![CDATA[Element is displayed Successfully*****Located by By.id: btnNotRightNow]]>
    </line>
    <line>
      <![CDATA[******* Test Case PASSED ******* tc05_createAccountSignInTest]]>
    </line>
    <line>
      <![CDATA[******* Test Case PASSED ******* tc05_createAccountSignInTest]]>
    </line>
    <line>
      <![CDATA[Setting the Capabilities]]>
    </line>
    <line>
      <![CDATA[Initiated Method to Verify app guide and land on Home page ]]>
    </line>
    <line>
      <![CDATA[Element is displayed Successfully*****Located by Locator map: 
- native content: "By.chained({By.id: android:id/button2})" 
- html content: "by id or name "btnDenyLocationAccess""]]>
    </line>
    <line>
      <![CDATA[Element is displayed Successfully*****Located by By.id: flexGuideControl41]]>
    </line>
    <line>
      <![CDATA[Element is displayed Successfully*****Located by By.id: flexGuideControl41]]>
    </line>
    <line>
      <![CDATA[Element is displayed Successfully*****Located by Locator map: 
- native content: "By.chained({By.xpath: //*[@text='Deny']})" 
- html content: "by id or name "btnDeny""]]>
    </line>
    <line>
      <![CDATA[Initiated Method to Verify Tile navigation ]]>
    </line>
    <line>
      <![CDATA[Element is displayed Successfully*****Located by Locator map: 
- native content: "By.chained({By.id: android:id/button1})" 
- html content: "by id or name "btn_Yes""]]>
    </line>
    <line>
      <![CDATA[Initiated Method to Select Store]]>
    </line>
    <line>
      <![CDATA[Element is displayed Successfully*****Located by Locator map: 
- native content: "By.chained({By.id: android:id/button1})" 
- html content: "by id or name "btn_Yes""]]>
    </line>
    <line>
      <![CDATA[******* Test Case PASSED ******* tc06_tc07_homeTileClickTest]]>
    </line>
    <line>
      <![CDATA[******* Test Case PASSED ******* tc06_tc07_homeTileClickTest]]>
    </line>
    <line>
      <![CDATA[Setting the Capabilities]]>
    </line>
    <line>
      <![CDATA[Initiated Method to Verify app guide and land on Home page ]]>
    </line>
    <line>
      <![CDATA[Initiated Method to Verify Tile navigation ]]>
    </line>
    <line>
      <![CDATA[Unable to find Verify Tile navigationorg.openqa.selenium.NoSuchElementException: Can't locate an element by this strategy: Locator map: 
- native content: "By.chained({By.xpath: (//*[@text='Get Coupon' and @index='0'])[2]})" 
- html content: "by id or name "homeTile2""]]>
    </line>
    <line>
      <![CDATA[Setting the Capabilities]]>
    </line>
    <line>
      <![CDATA[Initiated Method to Verify app guide and land on Home page ]]>
    </line>
    <line>
      <![CDATA[Element is displayed Successfully*****Located by Locator map: 
- native content: "By.chained({By.id: android:id/button2})" 
- html content: "by id or name "btnDenyLocationAccess""]]>
    </line>
    <line>
      <![CDATA[Element is displayed Successfully*****Located by By.id: flexGuideControl41]]>
    </line>
    <line>
      <![CDATA[Element is displayed Successfully*****Located by By.id: flexGuideControl41]]>
    </line>
    <line>
      <![CDATA[Element is displayed Successfully*****Located by Locator map: 
- native content: "By.chained({By.xpath: //*[@text='Deny']})" 
- html content: "by id or name "btnDeny""]]>
    </line>
    <line>
      <![CDATA[Initiated Method to Verify Carousel ]]>
    </line>
    <line>
      <![CDATA[Element is displayed Successfully*****Located by By.id: flexCarouselContainer]]>
    </line>
    <line>
      <![CDATA[******* Test Case PASSED ******* tc08_homePageCarouselTest]]>
    </line>
    <line>
      <![CDATA[******* Test Case PASSED ******* tc08_homePageCarouselTest]]>
    </line>
    <line>
      <![CDATA[Setting the Capabilities]]>
    </line>
    <line>
      <![CDATA[Initiated Method to Verify app guide and land on Home page ]]>
    </line>
    <line>
      <![CDATA[Initiated Method to Verify Carousel ]]>
    </line>
    <line>
      <![CDATA[Unable to find Verify Carouselorg.openqa.selenium.NoSuchElementException: Can't locate an element by this strategy: By.id: flexCarouselContainer]]>
    </line>
    <line>
      <![CDATA[Setting the Capabilities]]>
    </line>
    <line>
      <![CDATA[Initiated Method to Verify app guide and land on Home page ]]>
    </line>
    <line>
      <![CDATA[Initiated Method to Verify Carousel ]]>
    </line>
    <line>
      <![CDATA[Unable to find Verify Carouselorg.openqa.selenium.NoSuchElementException: Can't locate an element by this strategy: By.id: flexCarouselContainer]]>
    </line>
    <line>
      <![CDATA[Setting the Capabilities]]>
    </line>
    <line>
      <![CDATA[Initiated Method to Verify app guide and land on Home page ]]>
    </line>
    <line>
      <![CDATA[Element is displayed Successfully*****Located by Locator map: 
- native content: "By.chained({By.id: android:id/button2})" 
- html content: "by id or name "btnDenyLocationAccess""]]>
    </line>
    <line>
      <![CDATA[Element is displayed Successfully*****Located by By.id: flexGuideControl41]]>
    </line>
    <line>
      <![CDATA[Element is displayed Successfully*****Located by By.id: flexGuideControl41]]>
    </line>
    <line>
      <![CDATA[Element is displayed Successfully*****Located by Locator map: 
- native content: "By.chained({By.xpath: //*[@text='Deny']})" 
- html content: "by id or name "btnDeny""]]>
    </line>
    <line>
      <![CDATA[Initiated Method to Set Favourite Store ]]>
    </line>
    <line>
      <![CDATA[Element is displayed Successfully*****Located by By.id: btnChooseStore]]>
    </line>
    <line>
      <![CDATA[Initiated Method to Select Store]]>
    </line>
    <line>
      <![CDATA[Element is displayed Successfully*****Located by By.id: lblChevron]]>
    </line>
    <line>
      <![CDATA[******* Test Case PASSED ******* tc11_setFavouriteStoreUsingZipCodeTest]]>
    </line>
    <line>
      <![CDATA[******* Test Case PASSED ******* tc11_setFavouriteStoreUsingZipCodeTest]]>
    </line>
    <line>
      <![CDATA[Setting the Capabilities]]>
    </line>
    <line>
      <![CDATA[Initiated Method to Verify app guide and land on Home page ]]>
    </line>
    <line>
      <![CDATA[Element is displayed Successfully*****Located by Locator map: 
- native content: "By.chained({By.id: android:id/button2})" 
- html content: "by id or name "btnDenyLocationAccess""]]>
    </line>
    <line>
      <![CDATA[Element is displayed Successfully*****Located by By.id: flexGuideControl41]]>
    </line>
    <line>
      <![CDATA[Element is displayed Successfully*****Located by By.id: flexGuideControl41]]>
    </line>
    <line>
      <![CDATA[Element is displayed Successfully*****Located by Locator map: 
- native content: "By.chained({By.xpath: //*[@text='Deny']})" 
- html content: "by id or name "btnDeny""]]>
    </line>
    <line>
      <![CDATA[Initiated Method to Set Favourite Store ]]>
    </line>
    <line>
      <![CDATA[Element is displayed Successfully*****Located by By.id: btnChooseStore]]>
    </line>
    <line>
      <![CDATA[Initiated Method to Select Store]]>
    </line>
    <line>
      <![CDATA[Element is displayed Successfully*****Located by By.id: lblChevron]]>
    </line>
    <line>
      <![CDATA[******* Test Case PASSED ******* tc12_setFavouriteStoreUsingAddressTest]]>
    </line>
    <line>
      <![CDATA[******* Test Case PASSED ******* tc12_setFavouriteStoreUsingAddressTest]]>
    </line>
    <line>
      <![CDATA[Setting the Capabilities]]>
    </line>
    <line>
      <![CDATA[Initiated Method to Verify app guide and land on Home page ]]>
    </line>
    <line>
      <![CDATA[Element is displayed Successfully*****Located by Locator map: 
- native content: "By.chained({By.id: android:id/button2})" 
- html content: "by id or name "btnDenyLocationAccess""]]>
    </line>
    <line>
      <![CDATA[Element is displayed Successfully*****Located by By.id: flexGuideControl41]]>
    </line>
    <line>
      <![CDATA[Element is displayed Successfully*****Located by By.id: flexGuideControl41]]>
    </line>
    <line>
      <![CDATA[Element is displayed Successfully*****Located by Locator map: 
- native content: "By.chained({By.xpath: //*[@text='Deny']})" 
- html content: "by id or name "btnDeny""]]>
    </line>
    <line>
      <![CDATA[Initiated Method to Set Favourite Store ]]>
    </line>
    <line>
      <![CDATA[Element is displayed Successfully*****Located by By.id: btnChooseStore]]>
    </line>
    <line>
      <![CDATA[Initiated Method to Select Store]]>
    </line>
    <line>
      <![CDATA[Element is displayed Successfully*****Located by By.id: lblChevron]]>
    </line>
    <line>
      <![CDATA[Initiated Method to Change Favourite Store ]]>
    </line>
    <line>
      <![CDATA[Element is displayed Successfully*****Located by By.id: btnChangeStore]]>
    </line>
    <line>
      <![CDATA[Initiated Method to Select Store]]>
    </line>
    <line>
      <![CDATA[Element is displayed Successfully*****Located by By.id: lblChevron]]>
    </line>
    <line>
      <![CDATA[******* Test Case PASSED ******* tc13_changeFavouriteStoreTest]]>
    </line>
    <line>
      <![CDATA[******* Test Case PASSED ******* tc13_changeFavouriteStoreTest]]>
    </line>
    <line>
      <![CDATA[Setting the Capabilities]]>
    </line>
    <line>
      <![CDATA[Initiated Method to Verify app guide and land on Home page ]]>
    </line>
    <line>
      <![CDATA[Element is displayed Successfully*****Located by Locator map: 
- native content: "By.chained({By.id: android:id/button2})" 
- html content: "by id or name "btnDenyLocationAccess""]]>
    </line>
    <line>
      <![CDATA[Element is displayed Successfully*****Located by By.id: flexGuideControl41]]>
    </line>
    <line>
      <![CDATA[Element is displayed Successfully*****Located by By.id: flexGuideControl41]]>
    </line>
    <line>
      <![CDATA[Element is displayed Successfully*****Located by Locator map: 
- native content: "By.chained({By.xpath: //*[@text='Deny']})" 
- html content: "by id or name "btnDeny""]]>
    </line>
    <line>
      <![CDATA[Initiated Method to Set Favourite Store ]]>
    </line>
    <line>
      <![CDATA[Element is displayed Successfully*****Located by By.id: btnChooseStore]]>
    </line>
    <line>
      <![CDATA[Initiated Method to Select Store]]>
    </line>
    <line>
      <![CDATA[Element is displayed Successfully*****Located by By.id: lblChevron]]>
    </line>
    <line>
      <![CDATA[Initiated Method to Remove Favourite Store ]]>
    </line>
    <line>
      <![CDATA[Element is displayed Successfully*****Located by By.id: btnChangeStore]]>
    </line>
    <line>
      <![CDATA[Element is displayed Successfully*****Located by By.id: btnChooseStore]]>
    </line>
    <line>
      <![CDATA[******* Test Case PASSED ******* tc14_removeFavouriteStoreTest]]>
    </line>
    <line>
      <![CDATA[******* Test Case PASSED ******* tc14_removeFavouriteStoreTest]]>
    </line>
    <line>
      <![CDATA[Setting the Capabilities]]>
    </line>
    <line>
      <![CDATA[Initiated Method to Verify app guide and land on Home page ]]>
    </line>
    <line>
      <![CDATA[Initiated Method to Set Favourite Store ]]>
    </line>
    <line>
      <![CDATA[Initiated Method to Select Store]]>
    </line>
    <line>
      <![CDATA[Unable to find Select Storeorg.openqa.selenium.NoSuchElementException: Can't locate an element by this strategy: By.id: textSearch]]>
    </line>
    <line>
      <![CDATA[Unable to find Verify Call Storeorg.openqa.selenium.NoSuchElementException: Can't locate an element by this strategy: By.id: lblProducts]]>
    </line>
    <line>
      <![CDATA[Setting the Capabilities]]>
    </line>
    <line>
      <![CDATA[Initiated Method to Verify app guide and land on Home page ]]>
    </line>
    <line>
      <![CDATA[Element is displayed Successfully*****Located by Locator map: 
- native content: "By.chained({By.id: android:id/button2})" 
- html content: "by id or name "btnDenyLocationAccess""]]>
    </line>
    <line>
      <![CDATA[Element is displayed Successfully*****Located by By.id: flexGuideControl41]]>
    </line>
    <line>
      <![CDATA[Element is displayed Successfully*****Located by By.id: flexGuideControl41]]>
    </line>
    <line>
      <![CDATA[Element is displayed Successfully*****Located by Locator map: 
- native content: "By.chained({By.xpath: //*[@text='Deny']})" 
- html content: "by id or name "btnDeny""]]>
    </line>
    <line>
      <![CDATA[Initiated Method to Set Favourite Store ]]>
    </line>
    <line>
      <![CDATA[Element is displayed Successfully*****Located by By.id: btnChooseStore]]>
    </line>
    <line>
      <![CDATA[Initiated Method to Select Store]]>
    </line>
    <line>
      <![CDATA[Element is displayed Successfully*****Located by By.id: lblChevron]]>
    </line>
    <line>
      <![CDATA[Element is displayed Successfully*****Located by By.id: btnStoreMap]]>
    </line>
    <line>
      <![CDATA[Element is displayed Successfully*****Located by Locator map: 
- native content: "By.chained({By.className: android.webkit.WebView})" 
- html content: "by id or name "androidWebView""]]>
    </line>
    <line>
      <![CDATA[Element is displayed Successfully*****Located by By.id: btnDepartments]]>
    </line>
    <line>
      <![CDATA[Element is displayed Successfully*****Located by By.id: btnAisles]]>
    </line>
    <line>
      <![CDATA[******* Test Case PASSED ******* tc16_storeMapTest]]>
    </line>
    <line>
      <![CDATA[******* Test Case PASSED ******* tc16_storeMapTest]]>
    </line>
    <line>
      <![CDATA[Setting the Capabilities]]>
    </line>
    <line>
      <![CDATA[Initiated Method to Verify app guide and land on Home page ]]>
    </line>
    <line>
      <![CDATA[Element is displayed Successfully*****Located by Locator map: 
- native content: "By.chained({By.id: android:id/button2})" 
- html content: "by id or name "btnDenyLocationAccess""]]>
    </line>
    <line>
      <![CDATA[Element is displayed Successfully*****Located by By.id: flexGuideControl41]]>
    </line>
    <line>
      <![CDATA[Element is displayed Successfully*****Located by By.id: flexGuideControl41]]>
    </line>
    <line>
      <![CDATA[Element is displayed Successfully*****Located by Locator map: 
- native content: "By.chained({By.xpath: //*[@text='Deny']})" 
- html content: "by id or name "btnDeny""]]>
    </line>
    <line>
      <![CDATA[Initiated Method to Set Favourite Store ]]>
    </line>
    <line>
      <![CDATA[Element is displayed Successfully*****Located by By.id: btnChooseStore]]>
    </line>
    <line>
      <![CDATA[Initiated Method to Select Store]]>
    </line>
    <line>
      <![CDATA[Element is displayed Successfully*****Located by By.id: lblChevron]]>
    </line>
    <line>
      <![CDATA[Initiated Method to Click on Shop Menu ]]>
    </line>
    <line>
      <![CDATA[Initiated Method to Click on Shop Menu ]]>
    </line>
    <line>
      <![CDATA[ Initiated Method to Verify products Page ]]>
    </line>
    <line>
      <![CDATA[Element is displayed Successfully*****Located by By.id: frmProducts]]>
    </line>
    <line>
      <![CDATA[Products Page is displayed]]>
    </line>
    <line>
      <![CDATA[Aisle info not available]]>
    </line>
    <line>
      <![CDATA[******* Test Case PASSED ******* tc17_productWayFindingTest]]>
    </line>
    <line>
      <![CDATA[******* Test Case PASSED ******* tc17_productWayFindingTest]]>
    </line>
    <line>
      <![CDATA[Setting the Capabilities]]>
    </line>
    <line>
      <![CDATA[Initiated Method to Verify app guide and land on Home page ]]>
    </line>
    <line>
      <![CDATA[Element is displayed Successfully*****Located by Locator map: 
- native content: "By.chained({By.id: android:id/button2})" 
- html content: "by id or name "btnDenyLocationAccess""]]>
    </line>
    <line>
      <![CDATA[Element is displayed Successfully*****Located by By.id: flexGuideControl41]]>
    </line>
    <line>
      <![CDATA[Element is displayed Successfully*****Located by By.id: flexGuideControl41]]>
    </line>
    <line>
      <![CDATA[Element is displayed Successfully*****Located by Locator map: 
- native content: "By.chained({By.xpath: //*[@text='Deny']})" 
- html content: "by id or name "btnDeny""]]>
    </line>
    <line>
      <![CDATA[Initiated Method to Click on Shop Menu ]]>
    </line>
    <line>
      <![CDATA[Initiated Method to Click on Shop Menu ]]>
    </line>
    <line>
      <![CDATA[ Initiated Method to Verify products Page ]]>
    </line>
    <line>
      <![CDATA[Element is displayed Successfully*****Located by By.id: frmProducts]]>
    </line>
    <line>
      <![CDATA[Products Page is displayed]]>
    </line>
    <line>
      <![CDATA[Element is displayed Successfully*****Located by By.id: frmProductsList]]>
    </line>
    <line>
      <![CDATA[******* Test Case PASSED ******* tc18_productsListPageTest]]>
    </line>
    <line>
      <![CDATA[******* Test Case PASSED ******* tc18_productsListPageTest]]>
    </line>
    <line>
      <![CDATA[Setting the Capabilities]]>
    </line>
    <line>
      <![CDATA[Initiated Method to Verify app guide and land on Home page ]]>
    </line>
    <line>
      <![CDATA[Element is displayed Successfully*****Located by Locator map: 
- native content: "By.chained({By.id: android:id/button2})" 
- html content: "by id or name "btnDenyLocationAccess""]]>
    </line>
    <line>
      <![CDATA[Element is displayed Successfully*****Located by By.id: flexGuideControl41]]>
    </line>
    <line>
      <![CDATA[Element is displayed Successfully*****Located by By.id: flexGuideControl41]]>
    </line>
    <line>
      <![CDATA[Element is displayed Successfully*****Located by Locator map: 
- native content: "By.chained({By.xpath: //*[@text='Deny']})" 
- html content: "by id or name "btnDeny""]]>
    </line>
    <line>
      <![CDATA[Initiated Method to Click on Shop Menu ]]>
    </line>
    <line>
      <![CDATA[Initiated Method to Click on Shop Menu ]]>
    </line>
    <line>
      <![CDATA[ Initiated Method to Verify products Page ]]>
    </line>
    <line>
      <![CDATA[Element is displayed Successfully*****Located by By.id: frmProducts]]>
    </line>
    <line>
      <![CDATA[Products Page is displayed]]>
    </line>
    <line>
      <![CDATA[Element is displayed Successfully*****Located by By.id: frmProductsList]]>
    </line>
    <line>
      <![CDATA[Element is displayed Successfully*****Located by By.id: frmProductsList]]>
    </line>
    <line>
      <![CDATA[******* Test Case PASSED ******* tc19_productsListPageScrollTest]]>
    </line>
    <line>
      <![CDATA[******* Test Case PASSED ******* tc19_productsListPageScrollTest]]>
    </line>
    <line>
      <![CDATA[Setting the Capabilities]]>
    </line>
    <line>
      <![CDATA[Initiated Method to Verify app guide and land on Home page ]]>
    </line>
    <line>
      <![CDATA[Initiated Method to Click on Shop Menu ]]>
    </line>
    <line>
      <![CDATA[Initiated Method to Click on Shop Menu ]]>
    </line>
    <line>
      <![CDATA[Unable to Click on Shop Menuorg.openqa.selenium.NoSuchElementException: Can't locate an element by this strategy: By.id: btnProducts]]>
    </line>
    <line>
      <![CDATA[Initiated Method to verify product details page ]]>
    </line>
    <line>
      <![CDATA[ Initiated Method to Verify products Page ]]>
    </line>
    <line>
      <![CDATA[Setting the Capabilities]]>
    </line>
    <line>
      <![CDATA[Initiated Method to Verify app guide and land on Home page ]]>
    </line>
    <line>
      <![CDATA[Element is displayed Successfully*****Located by Locator map: 
- native content: "By.chained({By.id: android:id/button2})" 
- html content: "by id or name "btnDenyLocationAccess""]]>
    </line>
    <line>
      <![CDATA[Element is displayed Successfully*****Located by By.id: flexGuideControl41]]>
    </line>
    <line>
      <![CDATA[Element is displayed Successfully*****Located by By.id: flexGuideControl41]]>
    </line>
    <line>
      <![CDATA[Element is displayed Successfully*****Located by Locator map: 
- native content: "By.chained({By.xpath: //*[@text='Deny']})" 
- html content: "by id or name "btnDeny""]]>
    </line>
    <line>
      <![CDATA[Initiated Method to Click on More Menu ]]>
    </line>
    <line>
      <![CDATA[Initiated Method to Click on SignIn Button ]]>
    </line>
    <line>
      <![CDATA[Element is displayed Successfully*****Located by By.id: btnSignIn]]>
    </line>
    <line>
      <![CDATA[Element is displayed Successfully*****Located by Locator map: 
- native content: "By.chained({By.xpath: //*[@text='You’re logged in now.']})" 
- html content: "by id or name "txt_loginSuccess""]]>
    </line>
    <line>
      <![CDATA[Initiated Method to Click on SignIn Button ]]>
    </line>
    <line>
      <![CDATA[Element is displayed Successfully*****Located by By.id: btnCouponMain]]>
    </line>
    <line>
      <![CDATA[Initiated Method to Select Store]]>
    </line>
    <line>
      <![CDATA[Element is displayed Successfully*****Located by Locator map: 
- native content: "By.chained({By.id: android:id/button1})" 
- html content: "by id or name "btn_Yes""]]>
    </line>
    <line>
      <![CDATA[Initiated Method to verify Coupons Page ]]>
    </line>
    <line>
      <![CDATA[Element is displayed Successfully*****Located by By.id: lblCouponTitle]]>
    </line>
    <line>
      <![CDATA[******* Test Case PASSED ******* tc21_couponsSignInTest]]>
    </line>
    <line>
      <![CDATA[******* Test Case PASSED ******* tc21_couponsSignInTest]]>
    </line>
    <line>
      <![CDATA[Setting the Capabilities]]>
    </line>
    <line>
      <![CDATA[Initiated Method to Verify app guide and land on Home page ]]>
    </line>
    <line>
      <![CDATA[Element is displayed Successfully*****Located by Locator map: 
- native content: "By.chained({By.id: android:id/button2})" 
- html content: "by id or name "btnDenyLocationAccess""]]>
    </line>
    <line>
      <![CDATA[Element is displayed Successfully*****Located by By.id: flexGuideControl41]]>
    </line>
    <line>
      <![CDATA[Element is displayed Successfully*****Located by By.id: flexGuideControl41]]>
    </line>
    <line>
      <![CDATA[Element is displayed Successfully*****Located by Locator map: 
- native content: "By.chained({By.xpath: //*[@text='Deny']})" 
- html content: "by id or name "btnDeny""]]>
    </line>
    <line>
      <![CDATA[Initiated Method to Click on More Menu ]]>
    </line>
    <line>
      <![CDATA[Initiated Method to Click on SignIn Button ]]>
    </line>
    <line>
      <![CDATA[Element is displayed Successfully*****Located by By.id: btnSignIn]]>
    </line>
    <line>
      <![CDATA[Element is displayed Successfully*****Located by Locator map: 
- native content: "By.chained({By.xpath: //*[@text='You’re logged in now.']})" 
- html content: "by id or name "txt_loginSuccess""]]>
    </line>
    <line>
      <![CDATA[Initiated Method to Click on Shop Menu ]]>
    </line>
    <line>
      <![CDATA[Initiated Method to Click on Shop Menu ]]>
    </line>
    <line>
      <![CDATA[Initiated Method to verify product details page ]]>
    </line>
    <line>
      <![CDATA[ Initiated Method to Verify products Page ]]>
    </line>
    <line>
      <![CDATA[Element is displayed Successfully*****Located by By.id: frmProducts]]>
    </line>
    <line>
      <![CDATA[Products Page is displayed]]>
    </line>
    <line>
      <![CDATA[Element is displayed Successfully*****Located by By.id: frmProductsList]]>
    </line>
    <line>
      <![CDATA[Element is displayed Successfully*****Located by By.id: flxProductDetails1]]>
    </line>
    <line>
      <![CDATA[******* Test Case PASSED ******* tc22_productAddToMyListTest]]>
    </line>
    <line>
      <![CDATA[******* Test Case PASSED ******* tc22_productAddToMyListTest]]>
    </line>
    <line>
      <![CDATA[Setting the Capabilities]]>
    </line>
    <line>
      <![CDATA[Initiated Method to Verify app guide and land on Home page ]]>
    </line>
    <line>
      <![CDATA[Element is displayed Successfully*****Located by Locator map: 
- native content: "By.chained({By.id: android:id/button2})" 
- html content: "by id or name "btnDenyLocationAccess""]]>
    </line>
    <line>
      <![CDATA[Element is displayed Successfully*****Located by By.id: flexGuideControl41]]>
    </line>
    <line>
      <![CDATA[Element is displayed Successfully*****Located by By.id: flexGuideControl41]]>
    </line>
    <line>
      <![CDATA[Element is displayed Successfully*****Located by Locator map: 
- native content: "By.chained({By.xpath: //*[@text='Deny']})" 
- html content: "by id or name "btnDeny""]]>
    </line>
    <line>
      <![CDATA[Initiated Method to Click on Shop Menu ]]>
    </line>
    <line>
      <![CDATA[Initiated Method to Click on Shop Menu ]]>
    </line>
    <line>
      <![CDATA[Initiated Method to verify product details page ]]>
    </line>
    <line>
      <![CDATA[ Initiated Method to Verify products Page ]]>
    </line>
    <line>
      <![CDATA[Element is displayed Successfully*****Located by By.id: frmProducts]]>
    </line>
    <line>
      <![CDATA[Products Page is displayed]]>
    </line>
    <line>
      <![CDATA[Element is displayed Successfully*****Located by By.id: frmProductsList]]>
    </line>
    <line>
      <![CDATA[Element is displayed Successfully*****Located by By.id: flxProductDetails1]]>
    </line>
    <line>
      <![CDATA[Element is displayed Successfully*****Located by Locator map: 
- native content: "By.chained({By.xpath: //*[@text='You’re logged in now.']})" 
- html content: "by id or name "txt_loginSuccess""]]>
    </line>
    <line>
      <![CDATA[******* Test Case PASSED ******* tc23_productAddToMyListNotSignedInTest]]>
    </line>
    <line>
      <![CDATA[******* Test Case PASSED ******* tc23_productAddToMyListNotSignedInTest]]>
    </line>
    <line>
      <![CDATA[Setting the Capabilities]]>
    </line>
    <line>
      <![CDATA[Initiated Method to Verify app guide and land on Home page ]]>
    </line>
    <line>
      <![CDATA[Element is displayed Successfully*****Located by Locator map: 
- native content: "By.chained({By.id: android:id/button2})" 
- html content: "by id or name "btnDenyLocationAccess""]]>
    </line>
    <line>
      <![CDATA[Element is displayed Successfully*****Located by By.id: flexGuideControl41]]>
    </line>
    <line>
      <![CDATA[Element is displayed Successfully*****Located by By.id: flexGuideControl41]]>
    </line>
    <line>
      <![CDATA[Element is displayed Successfully*****Located by Locator map: 
- native content: "By.chained({By.xpath: //*[@text='Deny']})" 
- html content: "by id or name "btnDeny""]]>
    </line>
    <line>
      <![CDATA[Initiated Method to Click on Shop Menu ]]>
    </line>
    <line>
      <![CDATA[Initiated Method to Click on Shop Menu ]]>
    </line>
    <line>
      <![CDATA[Initiated Method to verify product details page ]]>
    </line>
    <line>
      <![CDATA[ Initiated Method to Verify products Page ]]>
    </line>
    <line>
      <![CDATA[Element is displayed Successfully*****Located by By.id: frmProducts]]>
    </line>
    <line>
      <![CDATA[Products Page is displayed]]>
    </line>
    <line>
      <![CDATA[Element is displayed Successfully*****Located by By.id: frmProductsList]]>
    </line>
    <line>
      <![CDATA[Element is displayed Successfully*****Located by By.id: flxProductDetails1]]>
    </line>
    <line>
      <![CDATA[Element is displayed Successfully*****Located by Locator map: 
- native content: "By.chained({By.className: android.webkit.WebView})" 
- html content: "by id or name "androidWebView""]]>
    </line>
    <line>
      <![CDATA[******* Test Case PASSED ******* tc24_productBuyOnlineTest]]>
    </line>
    <line>
      <![CDATA[******* Test Case PASSED ******* tc24_productBuyOnlineTest]]>
    </line>
    <line>
      <![CDATA[Setting the Capabilities]]>
    </line>
    <line>
      <![CDATA[Initiated Method to Verify app guide and land on Home page ]]>
    </line>
    <line>
      <![CDATA[Element is displayed Successfully*****Located by Locator map: 
- native content: "By.chained({By.id: android:id/button2})" 
- html content: "by id or name "btnDenyLocationAccess""]]>
    </line>
    <line>
      <![CDATA[Element is displayed Successfully*****Located by By.id: flexGuideControl41]]>
    </line>
    <line>
      <![CDATA[Element is displayed Successfully*****Located by By.id: flexGuideControl41]]>
    </line>
    <line>
      <![CDATA[Element is displayed Successfully*****Located by Locator map: 
- native content: "By.chained({By.xpath: //*[@text='Deny']})" 
- html content: "by id or name "btnDeny""]]>
    </line>
    <line>
      <![CDATA[Initiated Method to Set Favourite Store ]]>
    </line>
    <line>
      <![CDATA[Element is displayed Successfully*****Located by By.id: btnChooseStore]]>
    </line>
    <line>
      <![CDATA[Initiated Method to Select Store]]>
    </line>
    <line>
      <![CDATA[Element is displayed Successfully*****Located by By.id: lblChevron]]>
    </line>
    <line>
      <![CDATA[Initiated Method to Click on Shop Menu ]]>
    </line>
    <line>
      <![CDATA[Initiated Method to Click on Shop Menu ]]>
    </line>
    <line>
      <![CDATA[Initiated Method to verify product details page ]]>
    </line>
    <line>
      <![CDATA[ Initiated Method to Verify products Page ]]>
    </line>
    <line>
      <![CDATA[Element is displayed Successfully*****Located by By.id: frmProducts]]>
    </line>
    <line>
      <![CDATA[Products Page is displayed]]>
    </line>
    <line>
      <![CDATA[Setting the Capabilities]]>
    </line>
    <line>
      <![CDATA[Initiated Method to Verify app guide and land on Home page ]]>
    </line>
    <line>
      <![CDATA[Element is displayed Successfully*****Located by Locator map: 
- native content: "By.chained({By.id: android:id/button2})" 
- html content: "by id or name "btnDenyLocationAccess""]]>
    </line>
    <line>
      <![CDATA[Element is displayed Successfully*****Located by By.id: flexGuideControl41]]>
    </line>
    <line>
      <![CDATA[Element is displayed Successfully*****Located by By.id: flexGuideControl41]]>
    </line>
    <line>
      <![CDATA[Element is displayed Successfully*****Located by Locator map: 
- native content: "By.chained({By.xpath: //*[@text='Deny']})" 
- html content: "by id or name "btnDeny""]]>
    </line>
    <line>
      <![CDATA[Initiated Method to Click on Shop Menu ]]>
    </line>
    <line>
      <![CDATA[Initiated Method to Click on Shop Menu ]]>
    </line>
    <line>
      <![CDATA[Initiated Method to verify product details page ]]>
    </line>
    <line>
      <![CDATA[ Initiated Method to Verify products Page ]]>
    </line>
    <line>
      <![CDATA[Element is displayed Successfully*****Located by By.id: frmProducts]]>
    </line>
    <line>
      <![CDATA[Products Page is displayed]]>
    </line>
    <line>
      <![CDATA[Intiated method for finding Text presence....]]>
    </line>
    <line>
      <![CDATA[Intiated Method to Find the Text...RECOMMENDED PRODUCTS]]>
    </line>
    <line>
      <![CDATA[Unable to find the text]]>
    </line>
    <line>
      <![CDATA[Intiated Method to Find the Text...RECOMMENDED PRODUCTS]]>
    </line>
    <line>
      <![CDATA[Unable to find the text]]>
    </line>
    <line>
      <![CDATA[Intiated Method to Find the Text...RECOMMENDED PRODUCTS]]>
    </line>
    <line>
      <![CDATA[Unable to find the text]]>
    </line>
    <line>
      <![CDATA[Intiated Method to Find the Text...RECOMMENDED PRODUCTS]]>
    </line>
    <line>
      <![CDATA[Unable to find the text]]>
    </line>
    <line>
      <![CDATA[Setting the Capabilities]]>
    </line>
    <line>
      <![CDATA[Initiated Method to Verify app guide and land on Home page ]]>
    </line>
    <line>
      <![CDATA[Element is displayed Successfully*****Located by Locator map: 
- native content: "By.chained({By.id: android:id/button2})" 
- html content: "by id or name "btnDenyLocationAccess""]]>
    </line>
    <line>
      <![CDATA[Element is displayed Successfully*****Located by By.id: flexGuideControl41]]>
    </line>
    <line>
      <![CDATA[Element is displayed Successfully*****Located by By.id: flexGuideControl41]]>
    </line>
    <line>
      <![CDATA[Element is displayed Successfully*****Located by Locator map: 
- native content: "By.chained({By.xpath: //*[@text='Deny']})" 
- html content: "by id or name "btnDeny""]]>
    </line>
    <line>
      <![CDATA[Initiated Method to Click on Shop Menu ]]>
    </line>
    <line>
      <![CDATA[Initiated Method to Click on Shop Menu ]]>
    </line>
    <line>
      <![CDATA[Initiated Method to verify product details page ]]>
    </line>
    <line>
      <![CDATA[ Initiated Method to Verify products Page ]]>
    </line>
    <line>
      <![CDATA[Element is displayed Successfully*****Located by By.id: frmProducts]]>
    </line>
    <line>
      <![CDATA[Products Page is displayed]]>
    </line>
    <line>
      <![CDATA[Element is displayed Successfully*****Located by By.id: frmProductsList]]>
    </line>
    <line>
      <![CDATA[Element is displayed Successfully*****Located by By.id: flxProductDetails1]]>
    </line>
    <line>
      <![CDATA[Intiated method for finding Text presence....]]>
    </line>
    <line>
      <![CDATA[Intiated Method to Find the Text...SHOW MORE]]>
    </line>
    <line>
      <![CDATA[Unable to find the text]]>
    </line>
    <line>
      <![CDATA[Intiated Method to Find the Text...SHOW MORE]]>
    </line>
    <line>
      <![CDATA[Unable to find the text]]>
    </line>
    <line>
      <![CDATA[Intiated Method to Find the Text...SHOW MORE]]>
    </line>
    <line>
      <![CDATA[Unable to find the text]]>
    </line>
    <line>
      <![CDATA[Intiated Method to Find the Text...SHOW MORE]]>
    </line>
    <line>
      <![CDATA[Unable to find the text]]>
    </line>
    <line>
      <![CDATA[Intiated Method to Find the Text...SHOW MORE]]>
    </line>
    <line>
      <![CDATA[Got the Required Text :SHOW MORE]]>
    </line>
    <line>
      <![CDATA[Element is displayed Successfully*****Located by By.id: ShowMoreProducts]]>
    </line>
    <line>
      <![CDATA[Intiated method for finding Text presence....]]>
    </line>
    <line>
      <![CDATA[Intiated Method to Find the Text...SHOW MORE]]>
    </line>
    <line>
      <![CDATA[Got the Required Text :SHOW MORE]]>
    </line>
    <line>
      <![CDATA[Element is displayed Successfully*****Located by By.id: ShowMoreProducts]]>
    </line>
    <line>
      <![CDATA[Intiated method for finding Text presence....]]>
    </line>
    <line>
      <![CDATA[Intiated Method to Find the Text...SHOW MORE]]>
    </line>
    <line>
      <![CDATA[Got the Required Text :SHOW MORE]]>
    </line>
    <line>
      <![CDATA[Element is displayed Successfully*****Located by By.id: ShowMoreProducts]]>
    </line>
    <line>
      <![CDATA[Intiated method for finding Text presence....]]>
    </line>
    <line>
      <![CDATA[Intiated Method to Find the Text...SHOW MORE]]>
    </line>
    <line>
      <![CDATA[Got the Required Text :SHOW MORE]]>
    </line>
    <line>
      <![CDATA[Element is displayed Successfully*****Located by By.id: ShowMoreProducts]]>
    </line>
    <line>
      <![CDATA[******* Test Case PASSED ******* tc27_showMoreUpto15ProductsTest]]>
    </line>
    <line>
      <![CDATA[******* Test Case PASSED ******* tc27_showMoreUpto15ProductsTest]]>
    </line>
    <line>
      <![CDATA[Setting the Capabilities]]>
    </line>
    <line>
      <![CDATA[Initiated Method to Verify app guide and land on Home page ]]>
    </line>
    <line>
      <![CDATA[Element is displayed Successfully*****Located by Locator map: 
- native content: "By.chained({By.id: android:id/button2})" 
- html content: "by id or name "btnDenyLocationAccess""]]>
    </line>
    <line>
      <![CDATA[Element is displayed Successfully*****Located by By.id: flexGuideControl41]]>
    </line>
    <line>
      <![CDATA[Element is displayed Successfully*****Located by By.id: flexGuideControl41]]>
    </line>
    <line>
      <![CDATA[Element is displayed Successfully*****Located by Locator map: 
- native content: "By.chained({By.xpath: //*[@text='Deny']})" 
- html content: "by id or name "btnDeny""]]>
    </line>
    <line>
      <![CDATA[Initiated Method to Click on Shop Menu ]]>
    </line>
    <line>
      <![CDATA[Initiated Method to Click on Shop Menu ]]>
    </line>
    <line>
      <![CDATA[ Initiated Method to Verify products Page ]]>
    </line>
    <line>
      <![CDATA[Element is displayed Successfully*****Located by By.id: frmProducts]]>
    </line>
    <line>
      <![CDATA[Products Page is displayed]]>
    </line>
    <line>
      <![CDATA[Element is displayed Successfully*****Located by By.id: frmProductsList]]>
    </line>
    <line>
      <![CDATA[Element is displayed Successfully*****Located by By.id: frmSortAndRefine]]>
    </line>
    <line>
      <![CDATA[Element is displayed Successfully*****Located by Locator map: 
- native content: "By.chained({By.xpath: //*[@text='Price: low-high']})" 
- html content: "by id or name "lowToHigh""]]>
    </line>
    <line>
      <![CDATA[Element is displayed Successfully*****Located by By.id: btnDone]]>
    </line>
    <line>
      <![CDATA[Price1119.99]]>
    </line>
    <line>
      <![CDATA[Price2194.99]]>
    </line>
    <line>
      <![CDATA[******* Test Case PASSED ******* tc28_pLPSortByTest]]>
    </line>
    <line>
      <![CDATA[******* Test Case PASSED ******* tc28_pLPSortByTest]]>
    </line>
    <line>
      <![CDATA[Setting the Capabilities]]>
    </line>
    <line>
      <![CDATA[Initiated Method to Verify app guide and land on Home page ]]>
    </line>
    <line>
      <![CDATA[Element is displayed Successfully*****Located by Locator map: 
- native content: "By.chained({By.id: android:id/button2})" 
- html content: "by id or name "btnDenyLocationAccess""]]>
    </line>
    <line>
      <![CDATA[Element is displayed Successfully*****Located by By.id: flexGuideControl41]]>
    </line>
    <line>
      <![CDATA[Element is displayed Successfully*****Located by By.id: flexGuideControl41]]>
    </line>
    <line>
      <![CDATA[Element is displayed Successfully*****Located by Locator map: 
- native content: "By.chained({By.xpath: //*[@text='Deny']})" 
- html content: "by id or name "btnDeny""]]>
    </line>
    <line>
      <![CDATA[Initiated Method to Click on Shop Menu ]]>
    </line>
    <line>
      <![CDATA[Initiated Method to Click on Shop Menu ]]>
    </line>
    <line>
      <![CDATA[ Initiated Method to Verify products Page ]]>
    </line>
    <line>
      <![CDATA[Element is displayed Successfully*****Located by By.id: frmProducts]]>
    </line>
    <line>
      <![CDATA[Products Page is displayed]]>
    </line>
    <line>
      <![CDATA[Element is displayed Successfully*****Located by By.id: frmProductsList]]>
    </line>
    <line>
      <![CDATA[Element is displayed Successfully*****Located by By.id: frmSortAndRefine]]>
    </line>
    <line>
      <![CDATA[******* Test Case PASSED ******* tc29_pLPShopByTest]]>
    </line>
    <line>
      <![CDATA[******* Test Case PASSED ******* tc29_pLPShopByTest]]>
    </line>
    <line>
      <![CDATA[Setting the Capabilities]]>
    </line>
    <line>
      <![CDATA[Initiated Method to Verify app guide and land on Home page ]]>
    </line>
    <line>
      <![CDATA[Element is displayed Successfully*****Located by Locator map: 
- native content: "By.chained({By.id: android:id/button2})" 
- html content: "by id or name "btnDenyLocationAccess""]]>
    </line>
    <line>
      <![CDATA[Element is displayed Successfully*****Located by By.id: flexGuideControl41]]>
    </line>
    <line>
      <![CDATA[Element is displayed Successfully*****Located by By.id: flexGuideControl41]]>
    </line>
    <line>
      <![CDATA[Element is displayed Successfully*****Located by Locator map: 
- native content: "By.chained({By.xpath: //*[@text='Deny']})" 
- html content: "by id or name "btnDeny""]]>
    </line>
    <line>
      <![CDATA[Initiated Method to Click on Shop Menu ]]>
    </line>
    <line>
      <![CDATA[Initiated Method to Click on Shop Menu ]]>
    </line>
    <line>
      <![CDATA[ Initiated Method to Verify products Page ]]>
    </line>
    <line>
      <![CDATA[Element is displayed Successfully*****Located by By.id: frmProducts]]>
    </line>
    <line>
      <![CDATA[Products Page is displayed]]>
    </line>
    <line>
      <![CDATA[Setting the Capabilities]]>
    </line>
    <line>
      <![CDATA[Initiated Method to Verify app guide and land on Home page ]]>
    </line>
    <line>
      <![CDATA[Element is displayed Successfully*****Located by Locator map: 
- native content: "By.chained({By.id: android:id/button2})" 
- html content: "by id or name "btnDenyLocationAccess""]]>
    </line>
    <line>
      <![CDATA[Element is displayed Successfully*****Located by By.id: flexGuideControl41]]>
    </line>
    <line>
      <![CDATA[Element is displayed Successfully*****Located by By.id: flexGuideControl41]]>
    </line>
    <line>
      <![CDATA[Element is displayed Successfully*****Located by Locator map: 
- native content: "By.chained({By.xpath: //*[@text='Deny']})" 
- html content: "by id or name "btnDeny""]]>
    </line>
    <line>
      <![CDATA[Initiated Method to Click on Projects Menu ]]>
    </line>
    <line>
      <![CDATA[Element is displayed Successfully*****Located by By.id: frmProjects]]>
    </line>
    <line>
      <![CDATA[******* Test Case PASSED ******* tc31_projectsLandingPageTest]]>
    </line>
    <line>
      <![CDATA[******* Test Case PASSED ******* tc31_projectsLandingPageTest]]>
    </line>
    <line>
      <![CDATA[Setting the Capabilities]]>
    </line>
    <line>
      <![CDATA[Initiated Method to Verify app guide and land on Home page ]]>
    </line>
    <line>
      <![CDATA[Element is displayed Successfully*****Located by Locator map: 
- native content: "By.chained({By.id: android:id/button2})" 
- html content: "by id or name "btnDenyLocationAccess""]]>
    </line>
    <line>
      <![CDATA[Element is displayed Successfully*****Located by By.id: flexGuideControl41]]>
    </line>
    <line>
      <![CDATA[Element is displayed Successfully*****Located by By.id: flexGuideControl41]]>
    </line>
    <line>
      <![CDATA[Element is displayed Successfully*****Located by Locator map: 
- native content: "By.chained({By.xpath: //*[@text='Deny']})" 
- html content: "by id or name "btnDeny""]]>
    </line>
    <line>
      <![CDATA[Initiated Method to Click on Projects Menu ]]>
    </line>
    <line>
      <![CDATA[Element is displayed Successfully*****Located by By.id: frmProjects]]>
    </line>
    <line>
      <![CDATA[Element is displayed Successfully*****Located by By.id: frmProjectsList]]>
    </line>
    <line>
      <![CDATA[******* Test Case PASSED ******* tc32_projectsListPageTest]]>
    </line>
    <line>
      <![CDATA[******* Test Case PASSED ******* tc32_projectsListPageTest]]>
    </line>
    <line>
      <![CDATA[Setting the Capabilities]]>
    </line>
    <line>
      <![CDATA[Initiated Method to Verify app guide and land on Home page ]]>
    </line>
    <line>
      <![CDATA[Element is displayed Successfully*****Located by Locator map: 
- native content: "By.chained({By.id: android:id/button2})" 
- html content: "by id or name "btnDenyLocationAccess""]]>
    </line>
    <line>
      <![CDATA[Element is displayed Successfully*****Located by By.id: flexGuideControl41]]>
    </line>
    <line>
      <![CDATA[Element is displayed Successfully*****Located by By.id: flexGuideControl41]]>
    </line>
    <line>
      <![CDATA[Element is displayed Successfully*****Located by Locator map: 
- native content: "By.chained({By.xpath: //*[@text='Deny']})" 
- html content: "by id or name "btnDeny""]]>
    </line>
    <line>
      <![CDATA[Initiated Method to Click on Projects Menu ]]>
    </line>
    <line>
      <![CDATA[Element is displayed Successfully*****Located by By.id: frmProjects]]>
    </line>
    <line>
      <![CDATA[Element is displayed Successfully*****Located by By.id: frmProjectsList]]>
    </line>
    <line>
      <![CDATA[Element is displayed Successfully*****Located by By.id: segProjectList]]>
    </line>
    <line>
      <![CDATA[******* Test Case PASSED ******* tc33_projectsListPageScrollTest]]>
    </line>
    <line>
      <![CDATA[******* Test Case PASSED ******* tc33_projectsListPageScrollTest]]>
    </line>
    <line>
      <![CDATA[Setting the Capabilities]]>
    </line>
    <line>
      <![CDATA[Initiated Method to Verify app guide and land on Home page ]]>
    </line>
    <line>
      <![CDATA[Element is displayed Successfully*****Located by Locator map: 
- native content: "By.chained({By.id: android:id/button2})" 
- html content: "by id or name "btnDenyLocationAccess""]]>
    </line>
    <line>
      <![CDATA[Element is displayed Successfully*****Located by By.id: flexGuideControl41]]>
    </line>
    <line>
      <![CDATA[Element is displayed Successfully*****Located by By.id: flexGuideControl41]]>
    </line>
    <line>
      <![CDATA[Element is displayed Successfully*****Located by Locator map: 
- native content: "By.chained({By.xpath: //*[@text='Deny']})" 
- html content: "by id or name "btnDeny""]]>
    </line>
    <line>
      <![CDATA[Initiated Method to Click on Projects Menu ]]>
    </line>
    <line>
      <![CDATA[Element is displayed Successfully*****Located by By.id: frmProjects]]>
    </line>
    <line>
      <![CDATA[Element is displayed Successfully*****Located by By.id: frmProjectsList]]>
    </line>
    <line>
      <![CDATA[Element is displayed Successfully*****Located by By.id: frmPJDP]]>
    </line>
    <line>
      <![CDATA[******* Test Case PASSED ******* tc34_projectDetailsPageTest]]>
    </line>
    <line>
      <![CDATA[******* Test Case PASSED ******* tc34_projectDetailsPageTest]]>
    </line>
    <line>
      <![CDATA[Setting the Capabilities]]>
    </line>
    <line>
      <![CDATA[Initiated Method to Verify app guide and land on Home page ]]>
    </line>
    <line>
      <![CDATA[Element is displayed Successfully*****Located by Locator map: 
- native content: "By.chained({By.id: android:id/button2})" 
- html content: "by id or name "btnDenyLocationAccess""]]>
    </line>
    <line>
      <![CDATA[Element is displayed Successfully*****Located by By.id: flexGuideControl41]]>
    </line>
    <line>
      <![CDATA[Element is displayed Successfully*****Located by By.id: flexGuideControl41]]>
    </line>
    <line>
      <![CDATA[Element is displayed Successfully*****Located by Locator map: 
- native content: "By.chained({By.xpath: //*[@text='Deny']})" 
- html content: "by id or name "btnDeny""]]>
    </line>
    <line>
      <![CDATA[Initiated Method to Click on Projects Menu ]]>
    </line>
    <line>
      <![CDATA[Element is displayed Successfully*****Located by By.id: frmProjects]]>
    </line>
    <line>
      <![CDATA[Element is displayed Successfully*****Located by By.id: frmProjectsList]]>
    </line>
    <line>
      <![CDATA[Element is displayed Successfully*****Located by By.id: frmPJDP]]>
    </line>
    <line>
      <![CDATA[Element is displayed Successfully*****Located by Locator map: 
- native content: "By.chained({By.className: android.webkit.WebView})" 
- html content: "by id or name "androidWebView""]]>
    </line>
    <line>
      <![CDATA[******* Test Case PASSED ******* tc35_projectsBuyOnlineTest]]>
    </line>
    <line>
      <![CDATA[******* Test Case PASSED ******* tc35_projectsBuyOnlineTest]]>
    </line>
    <line>
      <![CDATA[Setting the Capabilities]]>
    </line>
    <line>
      <![CDATA[Initiated Method to Verify app guide and land on Home page ]]>
    </line>
    <line>
      <![CDATA[Element is displayed Successfully*****Located by Locator map: 
- native content: "By.chained({By.id: android:id/button2})" 
- html content: "by id or name "btnDenyLocationAccess""]]>
    </line>
    <line>
      <![CDATA[Element is displayed Successfully*****Located by By.id: flexGuideControl41]]>
    </line>
    <line>
      <![CDATA[Element is displayed Successfully*****Located by By.id: flexGuideControl41]]>
    </line>
    <line>
      <![CDATA[Element is displayed Successfully*****Located by Locator map: 
- native content: "By.chained({By.xpath: //*[@text='Deny']})" 
- html content: "by id or name "btnDeny""]]>
    </line>
    <line>
      <![CDATA[Initiated Method to Click on Projects Menu ]]>
    </line>
    <line>
      <![CDATA[Element is displayed Successfully*****Located by By.id: frmProjects]]>
    </line>
    <line>
      <![CDATA[Element is displayed Successfully*****Located by By.id: frmProjectsList]]>
    </line>
    <line>
      <![CDATA[Element is displayed Successfully*****Located by By.id: frmRefineProjects]]>
    </line>
    <line>
      <![CDATA[******* Test Case PASSED ******* tc36_pJLPRefineBySkillLevelTest]]>
    </line>
    <line>
      <![CDATA[******* Test Case PASSED ******* tc36_pJLPRefineBySkillLevelTest]]>
    </line>
    <line>
      <![CDATA[Setting the Capabilities]]>
    </line>
    <line>
      <![CDATA[Initiated Method to Verify app guide and land on Home page ]]>
    </line>
    <line>
      <![CDATA[Element is displayed Successfully*****Located by Locator map: 
- native content: "By.chained({By.id: android:id/button2})" 
- html content: "by id or name "btnDenyLocationAccess""]]>
    </line>
    <line>
      <![CDATA[Element is displayed Successfully*****Located by By.id: flexGuideControl41]]>
    </line>
    <line>
      <![CDATA[Element is displayed Successfully*****Located by By.id: flexGuideControl41]]>
    </line>
    <line>
      <![CDATA[Element is displayed Successfully*****Located by Locator map: 
- native content: "By.chained({By.xpath: //*[@text='Deny']})" 
- html content: "by id or name "btnDeny""]]>
    </line>
    <line>
      <![CDATA[Initiated Method to Click on Projects Menu ]]>
    </line>
    <line>
      <![CDATA[Element is displayed Successfully*****Located by By.id: frmProjects]]>
    </line>
    <line>
      <![CDATA[Element is displayed Successfully*****Located by By.id: frmProjectsList]]>
    </line>
    <line>
      <![CDATA[Element is displayed Successfully*****Located by By.id: frmRefineProjects]]>
    </line>
    <line>
      <![CDATA[******* Test Case PASSED ******* tc37_pJLPRefineByCraftingTimeTest]]>
    </line>
    <line>
      <![CDATA[******* Test Case PASSED ******* tc37_pJLPRefineByCraftingTimeTest]]>
    </line>
    <line>
      <![CDATA[Setting the Capabilities]]>
    </line>
    <line>
      <![CDATA[Initiated Method to Verify app guide and land on Home page ]]>
    </line>
    <line>
      <![CDATA[Element is displayed Successfully*****Located by Locator map: 
- native content: "By.chained({By.id: android:id/button2})" 
- html content: "by id or name "btnDenyLocationAccess""]]>
    </line>
    <line>
      <![CDATA[Element is displayed Successfully*****Located by By.id: flexGuideControl41]]>
    </line>
    <line>
      <![CDATA[Element is displayed Successfully*****Located by By.id: flexGuideControl41]]>
    </line>
    <line>
      <![CDATA[Element is displayed Successfully*****Located by Locator map: 
- native content: "By.chained({By.xpath: //*[@text='Deny']})" 
- html content: "by id or name "btnDeny""]]>
    </line>
    <line>
      <![CDATA[Initiated Method to verify Text Search with One Word ]]>
    </line>
    <line>
      <![CDATA[Element is displayed Successfully*****Located by By.id: segProductsList]]>
    </line>
    <line>
      <![CDATA[******* Test Case PASSED ******* tc38_textSearchOneWordTest]]>
    </line>
    <line>
      <![CDATA[******* Test Case PASSED ******* tc38_textSearchOneWordTest]]>
    </line>
    <line>
      <![CDATA[Setting the Capabilities]]>
    </line>
    <line>
      <![CDATA[Initiated Method to Verify app guide and land on Home page ]]>
    </line>
    <line>
      <![CDATA[Element is displayed Successfully*****Located by Locator map: 
- native content: "By.chained({By.id: android:id/button2})" 
- html content: "by id or name "btnDenyLocationAccess""]]>
    </line>
    <line>
      <![CDATA[Element is displayed Successfully*****Located by By.id: flexGuideControl41]]>
    </line>
    <line>
      <![CDATA[Element is displayed Successfully*****Located by By.id: flexGuideControl41]]>
    </line>
    <line>
      <![CDATA[Element is displayed Successfully*****Located by Locator map: 
- native content: "By.chained({By.xpath: //*[@text='Deny']})" 
- html content: "by id or name "btnDeny""]]>
    </line>
    <line>
      <![CDATA[Unable to Click on do a text Searchorg.openqa.selenium.NoSuchElementException: Can't locate an element by this strategy: By.id: btnHome]]>
    </line>
    <line>
      <![CDATA[Setting the Capabilities]]>
    </line>
    <line>
      <![CDATA[Initiated Method to Verify app guide and land on Home page ]]>
    </line>
    <line>
      <![CDATA[Element is displayed Successfully*****Located by Locator map: 
- native content: "By.chained({By.id: android:id/button2})" 
- html content: "by id or name "btnDenyLocationAccess""]]>
    </line>
    <line>
      <![CDATA[Element is displayed Successfully*****Located by By.id: flexGuideControl41]]>
    </line>
    <line>
      <![CDATA[Element is displayed Successfully*****Located by By.id: flexGuideControl41]]>
    </line>
    <line>
      <![CDATA[Element is displayed Successfully*****Located by Locator map: 
- native content: "By.chained({By.xpath: //*[@text='Deny']})" 
- html content: "by id or name "btnDeny""]]>
    </line>
    <line>
      <![CDATA[Initiated Method to verify Text Search with One Word ]]>
    </line>
    <line>
      <![CDATA[Element is displayed Successfully*****Located by By.id: segProductsList]]>
    </line>
    <line>
      <![CDATA[******* Test Case PASSED ******* tc40_textSearchMorethan1WordTest]]>
    </line>
    <line>
      <![CDATA[******* Test Case PASSED ******* tc40_textSearchMorethan1WordTest]]>
    </line>
    <line>
      <![CDATA[Setting the Capabilities]]>
    </line>
    <line>
      <![CDATA[Initiated Method to Verify app guide and land on Home page ]]>
    </line>
    <line>
      <![CDATA[Element is displayed Successfully*****Located by Locator map: 
- native content: "By.chained({By.id: android:id/button2})" 
- html content: "by id or name "btnDenyLocationAccess""]]>
    </line>
    <line>
      <![CDATA[Element is displayed Successfully*****Located by By.id: flexGuideControl41]]>
    </line>
    <line>
      <![CDATA[Element is displayed Successfully*****Located by By.id: flexGuideControl41]]>
    </line>
    <line>
      <![CDATA[Element is displayed Successfully*****Located by Locator map: 
- native content: "By.chained({By.xpath: //*[@text='Deny']})" 
- html content: "by id or name "btnDeny""]]>
    </line>
    <line>
      <![CDATA[Initiated Method to Click on More Menu ]]>
    </line>
    <line>
      <![CDATA[Initiated Method to change to French locale ]]>
    </line>
    <line>
      <![CDATA[Element is displayed Successfully*****Located by By.id: imgLogo]]>
    </line>
    <line>
      <![CDATA[Initiated Method to verify Text Search with One Word ]]>
    </line>
    <line>
      <![CDATA[Element is displayed Successfully*****Located by By.id: segProductsList]]>
    </line>
    <line>
      <![CDATA[******* Test Case PASSED ******* tc41_textSearchFrenchOneWordTest]]>
    </line>
    <line>
      <![CDATA[******* Test Case PASSED ******* tc41_textSearchFrenchOneWordTest]]>
    </line>
    <line>
      <![CDATA[Setting the Capabilities]]>
    </line>
    <line>
      <![CDATA[Initiated Method to Verify app guide and land on Home page ]]>
    </line>
    <line>
      <![CDATA[Element is displayed Successfully*****Located by Locator map: 
- native content: "By.chained({By.id: android:id/button2})" 
- html content: "by id or name "btnDenyLocationAccess""]]>
    </line>
    <line>
      <![CDATA[Element is displayed Successfully*****Located by By.id: flexGuideControl41]]>
    </line>
    <line>
      <![CDATA[Element is displayed Successfully*****Located by By.id: flexGuideControl41]]>
    </line>
    <line>
      <![CDATA[Element is displayed Successfully*****Located by Locator map: 
- native content: "By.chained({By.xpath: //*[@text='Deny']})" 
- html content: "by id or name "btnDeny""]]>
    </line>
    <line>
      <![CDATA[Initiated Method to Click on More Menu ]]>
    </line>
    <line>
      <![CDATA[Initiated Method to change to French locale ]]>
    </line>
    <line>
      <![CDATA[Element is displayed Successfully*****Located by By.id: imgLogo]]>
    </line>
    <line>
      <![CDATA[Initiated Method to verify Text Search with One Word ]]>
    </line>
    <line>
      <![CDATA[Element is displayed Successfully*****Located by By.id: segProductsList]]>
    </line>
    <line>
      <![CDATA[******* Test Case PASSED ******* tc42_textSearchFrenchTwoWordTest]]>
    </line>
    <line>
      <![CDATA[******* Test Case PASSED ******* tc42_textSearchFrenchTwoWordTest]]>
    </line>
    <line>
      <![CDATA[Setting the Capabilities]]>
    </line>
    <line>
      <![CDATA[Initiated Method to Verify app guide and land on Home page ]]>
    </line>
    <line>
      <![CDATA[Element is displayed Successfully*****Located by Locator map: 
- native content: "By.chained({By.id: android:id/button2})" 
- html content: "by id or name "btnDenyLocationAccess""]]>
    </line>
    <line>
      <![CDATA[Element is displayed Successfully*****Located by By.id: flexGuideControl41]]>
    </line>
    <line>
      <![CDATA[Element is displayed Successfully*****Located by By.id: flexGuideControl41]]>
    </line>
    <line>
      <![CDATA[Element is displayed Successfully*****Located by Locator map: 
- native content: "By.chained({By.xpath: //*[@text='Deny']})" 
- html content: "by id or name "btnDeny""]]>
    </line>
    <line>
      <![CDATA[Initiated Method to Click on More Menu ]]>
    </line>
    <line>
      <![CDATA[Initiated Method to Click on SignIn Button ]]>
    </line>
    <line>
      <![CDATA[Element is displayed Successfully*****Located by By.id: btnSignIn]]>
    </line>
    <line>
      <![CDATA[Element is displayed Successfully*****Located by Locator map: 
- native content: "By.chained({By.xpath: //*[@text='You’re logged in now.']})" 
- html content: "by id or name "txt_loginSuccess""]]>
    </line>
    <line>
      <![CDATA[******* Test Case PASSED ******* tc43_signInMoreMenuTest]]>
    </line>
    <line>
      <![CDATA[******* Test Case PASSED ******* tc43_signInMoreMenuTest]]>
    </line>
    <line>
      <![CDATA[Setting the Capabilities]]>
    </line>
    <line>
      <![CDATA[Initiated Method to Verify app guide and land on Home page ]]>
    </line>
    <line>
      <![CDATA[Element is displayed Successfully*****Located by Locator map: 
- native content: "By.chained({By.id: android:id/button2})" 
- html content: "by id or name "btnDenyLocationAccess""]]>
    </line>
    <line>
      <![CDATA[Element is displayed Successfully*****Located by By.id: flexGuideControl41]]>
    </line>
    <line>
      <![CDATA[Element is displayed Successfully*****Located by By.id: flexGuideControl41]]>
    </line>
    <line>
      <![CDATA[Element is displayed Successfully*****Located by Locator map: 
- native content: "By.chained({By.xpath: //*[@text='Deny']})" 
- html content: "by id or name "btnDeny""]]>
    </line>
    <line>
      <![CDATA[Initiated Method to Click on More Menu ]]>
    </line>
    <line>
      <![CDATA[Element is displayed Successfully*****Located by Locator map: 
- native content: "By.chained({By.xpath: //*[@text='You’re logged in now.']})" 
- html content: "by id or name "txt_loginSuccess""]]>
    </line>
    <line>
      <![CDATA[Element is displayed Successfully*****Located by Locator map: 
- native content: "By.chained({By.xpath: //*[@text='MY LIST']})" 
- html content: "by id or name "myList_Page""]]>
    </line>
    <line>
      <![CDATA[******* Test Case PASSED ******* tc44_signInFromMyListScreenTest]]>
    </line>
    <line>
      <![CDATA[******* Test Case PASSED ******* tc44_signInFromMyListScreenTest]]>
    </line>
    <line>
      <![CDATA[Setting the Capabilities]]>
    </line>
    <line>
      <![CDATA[Initiated Method to Verify app guide and land on Home page ]]>
    </line>
    <line>
      <![CDATA[Element is displayed Successfully*****Located by Locator map: 
- native content: "By.chained({By.id: android:id/button2})" 
- html content: "by id or name "btnDenyLocationAccess""]]>
    </line>
    <line>
      <![CDATA[Element is displayed Successfully*****Located by By.id: flexGuideControl41]]>
    </line>
    <line>
      <![CDATA[Element is displayed Successfully*****Located by By.id: flexGuideControl41]]>
    </line>
    <line>
      <![CDATA[Element is displayed Successfully*****Located by Locator map: 
- native content: "By.chained({By.xpath: //*[@text='Deny']})" 
- html content: "by id or name "btnDeny""]]>
    </line>
    <line>
      <![CDATA[Initiated Method to Click on Shop Menu ]]>
    </line>
    <line>
      <![CDATA[Initiated Method to Click on Shop Menu ]]>
    </line>
    <line>
      <![CDATA[Initiated Method to verify product details page ]]>
    </line>
    <line>
      <![CDATA[ Initiated Method to Verify products Page ]]>
    </line>
    <line>
      <![CDATA[Element is displayed Successfully*****Located by By.id: frmProducts]]>
    </line>
    <line>
      <![CDATA[Products Page is displayed]]>
    </line>
    <line>
      <![CDATA[Element is displayed Successfully*****Located by By.id: frmProductsList]]>
    </line>
    <line>
      <![CDATA[Element is displayed Successfully*****Located by By.id: flxProductDetails1]]>
    </line>
    <line>
      <![CDATA[Element is displayed Successfully*****Located by Locator map: 
- native content: "By.chained({By.xpath: //*[@text='You’re logged in now.']})" 
- html content: "by id or name "txt_loginSuccess""]]>
    </line>
    <line>
      <![CDATA[******* Test Case PASSED ******* tc45_signInFromPDPTest]]>
    </line>
    <line>
      <![CDATA[******* Test Case PASSED ******* tc45_signInFromPDPTest]]>
    </line>
    <line>
      <![CDATA[Setting the Capabilities]]>
    </line>
    <line>
      <![CDATA[Initiated Method to Verify app guide and land on Home page ]]>
    </line>
    <line>
      <![CDATA[Element is displayed Successfully*****Located by Locator map: 
- native content: "By.chained({By.id: android:id/button2})" 
- html content: "by id or name "btnDenyLocationAccess""]]>
    </line>
    <line>
      <![CDATA[Element is displayed Successfully*****Located by By.id: flexGuideControl41]]>
    </line>
    <line>
      <![CDATA[Element is displayed Successfully*****Located by By.id: flexGuideControl41]]>
    </line>
    <line>
      <![CDATA[Element is displayed Successfully*****Located by Locator map: 
- native content: "By.chained({By.xpath: //*[@text='Deny']})" 
- html content: "by id or name "btnDeny""]]>
    </line>
    <line>
      <![CDATA[Initiated Method to Click on Projects Menu ]]>
    </line>
    <line>
      <![CDATA[Element is displayed Successfully*****Located by By.id: frmProjects]]>
    </line>
    <line>
      <![CDATA[Element is displayed Successfully*****Located by By.id: frmProjectsList]]>
    </line>
    <line>
      <![CDATA[Element is displayed Successfully*****Located by By.id: frmPJDP]]>
    </line>
    <line>
      <![CDATA[Element is displayed Successfully*****Located by Locator map: 
- native content: "By.chained({By.xpath: //*[@text='You’re logged in now.']})" 
- html content: "by id or name "txt_loginSuccess""]]>
    </line>
    <line>
      <![CDATA[******* Test Case PASSED ******* tc46_signInFromPJDPTest]]>
    </line>
    <line>
      <![CDATA[******* Test Case PASSED ******* tc46_signInFromPJDPTest]]>
    </line>
    <line>
      <![CDATA[Setting the Capabilities]]>
    </line>
    <line>
      <![CDATA[Initiated Method to Verify app guide and land on Home page ]]>
    </line>
    <line>
      <![CDATA[Element is displayed Successfully*****Located by Locator map: 
- native content: "By.chained({By.id: android:id/button2})" 
- html content: "by id or name "btnDenyLocationAccess""]]>
    </line>
    <line>
      <![CDATA[Element is displayed Successfully*****Located by By.id: flexGuideControl41]]>
    </line>
    <line>
      <![CDATA[Element is displayed Successfully*****Located by By.id: flexGuideControl41]]>
    </line>
    <line>
      <![CDATA[Element is displayed Successfully*****Located by Locator map: 
- native content: "By.chained({By.xpath: //*[@text='Deny']})" 
- html content: "by id or name "btnDeny""]]>
    </line>
    <line>
      <![CDATA[Initiated Method to Click on More Menu ]]>
    </line>
    <line>
      <![CDATA[Setting the Capabilities]]>
    </line>
    <line>
      <![CDATA[Initiated Method to Verify app guide and land on Home page ]]>
    </line>
    <line>
      <![CDATA[Element is displayed Successfully*****Located by Locator map: 
- native content: "By.chained({By.id: android:id/button2})" 
- html content: "by id or name "btnDenyLocationAccess""]]>
    </line>
    <line>
      <![CDATA[Element is displayed Successfully*****Located by By.id: flexGuideControl41]]>
    </line>
    <line>
      <![CDATA[Element is displayed Successfully*****Located by By.id: flexGuideControl41]]>
    </line>
    <line>
      <![CDATA[Element is displayed Successfully*****Located by Locator map: 
- native content: "By.chained({By.xpath: //*[@text='Deny']})" 
- html content: "by id or name "btnDeny""]]>
    </line>
    <line>
      <![CDATA[Initiated Method to Click on More Menu ]]>
    </line>
    <line>
      <![CDATA[Initiated Method to Click on SignIn Button ]]>
    </line>
    <line>
      <![CDATA[Element is displayed Successfully*****Located by By.id: btnSignUp]]>
    </line>
    <line>
      <![CDATA[Initiated method to enter details and click on create account ]]>
    </line>
    <line>
      <![CDATA[Element is displayed Successfully*****Located by By.id: btnYes]]>
    </line>
    <line>
      <![CDATA[Element is displayed Successfully*****Located by By.id: btnNotRightNow]]>
    </line>
    <line>
      <![CDATA[Setting the Capabilities]]>
    </line>
    <line>
      <![CDATA[Initiated Method to Verify app guide and land on Home page ]]>
    </line>
    <line>
      <![CDATA[Element is displayed Successfully*****Located by Locator map: 
- native content: "By.chained({By.id: android:id/button2})" 
- html content: "by id or name "btnDenyLocationAccess""]]>
    </line>
    <line>
      <![CDATA[Element is displayed Successfully*****Located by By.id: flexGuideControl41]]>
    </line>
    <line>
      <![CDATA[Element is displayed Successfully*****Located by By.id: flexGuideControl41]]>
    </line>
    <line>
      <![CDATA[Element is displayed Successfully*****Located by Locator map: 
- native content: "By.chained({By.xpath: //*[@text='Deny']})" 
- html content: "by id or name "btnDeny""]]>
    </line>
    <line>
      <![CDATA[Initiated Method to Click on More Menu ]]>
    </line>
    <line>
      <![CDATA[Initiated Method to Click on SetMyStore ]]>
    </line>
    <line>
      <![CDATA[Element is displayed Successfully*****Located by By.id: lblMyStore]]>
    </line>
    <line>
      <![CDATA[Initiated Method to Select Store]]>
    </line>
    <line>
      <![CDATA[Initiated Method to Click on Back button ]]>
    </line>
    <line>
      <![CDATA[Element is displayed Successfully*****Located by By.id: flxBackToProducts]]>
    </line>
    <line>
      <![CDATA[Initiated Method to verify MyStore Set ]]>
    </line>
    <line>
      <![CDATA[Element is displayed Successfully*****Located by By.id: lblMyStoreName]]>
    </line>
    <line>
      <![CDATA[******* Test Case PASSED ******* tc49_setFavouriteStoreFromMoreTest]]>
    </line>
    <line>
      <![CDATA[******* Test Case PASSED ******* tc49_setFavouriteStoreFromMoreTest]]>
[...]
          <reporter-output>
          </reporter-output>
        </test-method> <!-- closeApp -->
      </class> <!-- com.michaels.mobile.test.TC64_RewardsProfileSetupFromMoreMenuTest -->
      <class name="com.michaels.mobile.test.TC46_SignInFromPJDPTest">
        <test-method status="PASS" signature="intializingDriver()[pri:0, instance:com.michaels.mobile.test.TC46_SignInFromPJDPTest@6253c26]" name="intializingDriver" is-config="true" duration-ms="87250" started-at="2018-10-05T00:56:20Z" finished-at="2018-10-05T00:57:48Z">
          <reporter-output>
            <line>
              <![CDATA[Setting the Capabilities]]>
            </line>
          </reporter-output>
        </test-method> <!-- intializingDriver -->
        <test-method status="PASS" signature="setUpPage()[pri:0, instance:com.michaels.mobile.test.TC46_SignInFromPJDPTest@6253c26]" name="setUpPage" is-config="true" duration-ms="2768" started-at="2018-10-05T00:57:48Z" finished-at="2018-10-05T00:57:50Z">
          <reporter-output>
          </reporter-output>
        </test-method> <!-- setUpPage -->
        <test-method status="PASS" signature="tc46_signInFromPJDPTest()[pri:0, instance:com.michaels.mobile.test.TC46_SignInFromPJDPTest@6253c26]" name="tc46_signInFromPJDPTest" duration-ms="123949" started-at="2018-10-05T00:57:50Z" finished-at="2018-10-05T00:59:54Z">
          <reporter-output>
            <line>
              <![CDATA[Initiated Method to Verify app guide and land on Home page ]]>
            </line>
            <line>
              <![CDATA[Element is displayed Successfully*****Located by Locator map: 
- native content: "By.chained({By.id: android:id/button2})" 
- html content: "by id or name "btnDenyLocationAccess""]]>
            </line>
            <line>
              <![CDATA[Element is displayed Successfully*****Located by By.id: flexGuideControl41]]>
            </line>
            <line>
              <![CDATA[Element is displayed Successfully*****Located by By.id: flexGuideControl41]]>
            </line>
            <line>
              <![CDATA[Element is displayed Successfully*****Located by Locator map: 
- native content: "By.chained({By.xpath: //*[@text='Deny']})" 
- html content: "by id or name "btnDeny""]]>
            </line>
            <line>
              <![CDATA[Initiated Method to Click on Projects Menu ]]>
            </line>
            <line>
              <![CDATA[Element is displayed Successfully*****Located by By.id: frmProjects]]>
            </line>
            <line>
              <![CDATA[Element is displayed Successfully*****Located by By.id: frmProjectsList]]>
            </line>
            <line>
              <![CDATA[Element is displayed Successfully*****Located by By.id: frmPJDP]]>
            </line>
            <line>
              <![CDATA[Element is displayed Successfully*****Located by Locator map: 
- native content: "By.chained({By.xpath: //*[@text='You’re logged in now.']})" 
- html content: "by id or name "txt_loginSuccess""]]>
            </line>
            <line>
              <![CDATA[******* Test Case PASSED ******* tc46_signInFromPJDPTest]]>
            </line>
            <line>
              <![CDATA[******* Test Case PASSED ******* tc46_signInFromPJDPTest]]>
            </line>
          </reporter-output>
        </test-method> <!-- tc46_signInFromPJDPTest -->
        <test-method status="PASS" signature="closeApp()[pri:0, instance:com.michaels.mobile.test.TC46_SignInFromPJDPTest@6253c26]" name="closeApp" is-config="true" duration-ms="8312" started-at="2018-10-05T00:59:54Z" finished-at="2018-10-05T01:00:03Z">
          <reporter-output>
          </reporter-output>
        </test-method> <!-- closeApp -->
      </class> <!-- com.michaels.mobile.test.TC46_SignInFromPJDPTest -->
      <class name="com.michaels.mobile.test.TC23_ProductAddToMyListNotSignedInTest">
        <test-method status="PASS" signature="intializingDriver()[pri:0, instance:com.michaels.mobile.test.TC23_ProductAddToMyListNotSignedInTest@4c1909a3]" name="intializingDriver" is-config="true" duration-ms="83511" started-at="2018-10-04T23:44:56Z" finished-at="2018-10-04T23:46:19Z">
          <reporter-output>
            <line>
              <![CDATA[Setting the Capabilities]]>
            </line>
          </reporter-output>
        </test-method> <!-- intializingDriver -->
        <test-method status="PASS" signature="setUpPage()[pri:0, instance:com.michaels.mobile.test.TC23_ProductAddToMyListNotSignedInTest@4c1909a3]" name="setUpPage" is-config="true" duration-ms="2030" started-at="2018-10-04T23:46:19Z" finished-at="2018-10-04T23:46:22Z">
          <reporter-output>
          </reporter-output>
        </test-method> <!-- setUpPage -->
        <test-method status="PASS" signature="tc23_productAddToMyListNotSignedInTest()[pri:0, instance:com.michaels.mobile.test.TC23_ProductAddToMyListNotSignedInTest@4c1909a3]" name="tc23_productAddToMyListNotSignedInTest" duration-ms="132341" started-at="2018-10-04T23:46:22Z" finished-at="2018-10-04T23:48:34Z">
          <reporter-output>
            <line>
              <![CDATA[Initiated Method to Verify app guide and land on Home page ]]>
            </line>
            <line>
              <![CDATA[Element is displayed Successfully*****Located by Locator map: 
- native content: "By.chained({By.id: android:id/button2})" 
- html content: "by id or name "btnDenyLocationAccess""]]>
            </line>
            <line>
              <![CDATA[Element is displayed Successfully*****Located by By.id: flexGuideControl41]]>
            </line>
            <line>
              <![CDATA[Element is displayed Successfully*****Located by By.id: flexGuideControl41]]>
            </line>
            <line>
              <![CDATA[Element is displayed Successfully*****Located by Locator map: 
- native content: "By.chained({By.xpath: //*[@text='Deny']})" 
- html content: "by id or name "btnDeny""]]>
            </line>
            <line>
              <![CDATA[Initiated Method to Click on Shop Menu ]]>
            </line>
            <line>
              <![CDATA[Initiated Method to Click on Shop Menu ]]>
            </line>
            <line>
              <![CDATA[Initiated Method to verify product details page ]]>
            </line>
            <line>
              <![CDATA[ Initiated Method to Verify products Page ]]>
            </line>
            <line>
              <![CDATA[Element is displayed Successfully*****Located by By.id: frmProducts]]>
            </line>
            <line>
              <![CDATA[Products Page is displayed]]>
            </line>
            <line>
              <![CDATA[Element is displayed Successfully*****Located by By.id: frmProductsList]]>
            </line>
            <line>
              <![CDATA[Element is displayed Successfully*****Located by By.id: flxProductDetails1]]>
            </line>
            <line>
              <![CDATA[Element is displayed Successfully*****Located by Locator map: 
- native content: "By.chained({By.xpath: //*[@text='You’re logged in now.']})" 
- html content: "by id or name "txt_loginSuccess""]]>
            </line>
            <line>
              <![CDATA[******* Test Case PASSED ******* tc23_productAddToMyListNotSignedInTest]]>
            </line>
            <line>
              <![CDATA[******* Test Case PASSED ******* tc23_productAddToMyListNotSignedInTest]]>
            </line>
          </reporter-output>
        </test-method> <!-- tc23_productAddToMyListNotSignedInTest -->
        <test-method status="PASS" signature="closeApp()[pri:0, instance:com.michaels.mobile.test.TC23_ProductAddToMyListNotSignedInTest@4c1909a3]" name="closeApp" is-config="true" duration-ms="8875" started-at="2018-10-04T23:48:34Z" finished-at="2018-10-04T23:48:43Z">
          <reporter-output>
          </reporter-output>
        </test-method> <!-- closeApp -->
      </class> <!-- com.michaels.mobile.test.TC23_ProductAddToMyListNotSignedInTest -->
      <class name="com.michaels.mobile.test.TC63_CouponsDoneButtonTest">
        <test-method status="PASS" signature="intializingDriver()[pri:0, instance:com.michaels.mobile.test.TC63_CouponsDoneButtonTest@2ed2d9cb]" name="intializingDriver" is-config="true" duration-ms="90878" started-at="2018-10-05T01:45:07Z" finished-at="2018-10-05T01:46:38Z">
          <reporter-output>
            <line>
              <![CDATA[Setting the Capabilities]]>
            </line>
          </reporter-output>
        </test-method> <!-- intializingDriver -->
        <test-method status="PASS" signature="setUpPage()[pri:0, instance:com.michaels.mobile.test.TC63_CouponsDoneButtonTest@2ed2d9cb]" name="setUpPage" is-config="true" duration-ms="1694" started-at="2018-10-05T01:46:38Z" finished-at="2018-10-05T01:46:40Z">
          <reporter-output>
          </reporter-output>
        </test-method> <!-- setUpPage -->
        <test-method status="PASS" signature="tc63_couponsDoneButtonTest()[pri:0, instance:com.michaels.mobile.test.TC63_CouponsDoneButtonTest@2ed2d9cb]" name="tc63_couponsDoneButtonTest" duration-ms="116595" started-at="2018-10-05T01:46:40Z" finished-at="2018-10-05T01:48:37Z">
          <reporter-output>
            <line>
              <![CDATA[Initiated Method to Verify app guide and land on Home page ]]>
            </line>
            <line>
              <![CDATA[Element is displayed Successfully*****Located by Locator map: 
- native content: "By.chained({By.id: android:id/button2})" 
- html content: "by id or name "btnDenyLocationAccess""]]>
            </line>
            <line>
              <![CDATA[Element is displayed Successfully*****Located by By.id: flexGuideControl41]]>
            </line>
            <line>
              <![CDATA[Element is displayed Successfully*****Located by By.id: flexGuideControl41]]>
            </line>
            <line>
              <![CDATA[Element is displayed Successfully*****Located by Locator map: 
- native content: "By.chained({By.xpath: //*[@text='Deny']})" 
- html content: "by id or name "btnDeny""]]>
            </line>
            <line>
              <![CDATA[Initiated Method to Set Favourite Store ]]>
            </line>
            <line>
              <![CDATA[Element is displayed Successfully*****Located by By.id: btnChooseStore]]>
            </line>
            <line>
              <![CDATA[Initiated Method to Select Store]]>
            </line>
            <line>
              <![CDATA[Element is displayed Successfully*****Located by By.id: lblChevron]]>
            </line>
            <line>
              <![CDATA[Initiated Method to Click on Coupons Button ]]>
            </line>
            <line>
              <![CDATA[Element is displayed Successfully*****Located by By.id: btnCoupon]]>
            </line>
            <line>
              <![CDATA[Initiated Method to verify Coupons Page ]]>
            </line>
            <line>
              <![CDATA[Element is displayed Successfully*****Located by By.id: lblCouponTitle]]>
            </line>
            <line>
              <![CDATA[Initiated Method to verify Done button functionality of Coupons Page]]>
            </line>
            <line>
              <![CDATA[Element is displayed Successfully*****Located by By.id: btnDone]]>
            </line>
            <line>
              <![CDATA[Element is displayed Successfully*****Located by By.id: imgLogo]]>
            </line>
            <line>
              <![CDATA[******* Test Case PASSED ******* tc63_couponsDoneButtonTest]]>
            </line>
            <line>
              <![CDATA[******* Test Case PASSED ******* tc63_couponsDoneButtonTest]]>
            </line>
          </reporter-output>
        </test-method> <!-- tc63_couponsDoneButtonTest -->
        <test-method status="PASS" signature="closeApp()[pri:0, instance:com.michaels.mobile.test.TC63_CouponsDoneButtonTest@2ed2d9cb]" name="closeApp" is-config="true" duration-ms="8396" started-at="2018-10-05T01:48:37Z" finished-at="2018-10-05T01:48:45Z">
          <reporter-output>
          </reporter-output>
        </test-method> <!-- closeApp -->
      </class> <!-- com.michaels.mobile.test.TC63_CouponsDoneButtonTest -->
      <class name="com.michaels.mobile.test.TC37_PJLPRefineByCraftingTimeTest">
        <test-method status="PASS" signature="intializingDriver()[pri:0, instance:com.michaels.mobile.test.TC37_PJLPRefineByCraftingTimeTest@7c711375]" name="intializingDriver" is-config="true" duration-ms="101414" started-at="2018-10-05T00:28:18Z" finished-at="2018-10-05T00:29:59Z">
          <reporter-output>
            <line>
              <![CDATA[Setting the Capabilities]]>
            </line>
          </reporter-output>
        </test-method> <!-- intializingDriver -->
        <test-method status="PASS" signature="setUpPage()[pri:0, instance:com.michaels.mobile.test.TC37_PJLPRefineByCraftingTimeTest@7c711375]" name="setUpPage" is-config="true" duration-ms="2482" started-at="2018-10-05T00:29:59Z" finished-at="2018-10-05T00:30:02Z">
          <reporter-output>
          </reporter-output>
        </test-method> <!-- setUpPage -->
        <test-method status="PASS" signature="tc37_pJLPRefineByCraftingTimeTest()[pri:0, instance:com.michaels.mobile.test.TC37_PJLPRefineByCraftingTimeTest@7c711375]" name="tc37_pJLPRefineByCraftingTimeTest" duration-ms="73541" started-at="2018-10-05T00:30:02Z" finished-at="2018-10-05T00:31:15Z">
          <reporter-output>
            <line>
              <![CDATA[Initiated Method to Verify app guide and land on Home page ]]>
            </line>
            <line>
              <![CDATA[Element is displayed Successfully*****Located by Locator map: 
- native content: "By.chained({By.id: android:id/button2})" 
- html content: "by id or name "btnDenyLocationAccess""]]>
            </line>
            <line>
              <![CDATA[Element is displayed Successfully*****Located by By.id: flexGuideControl41]]>
            </line>
            <line>
              <![CDATA[Element is displayed Successfully*****Located by By.id: flexGuideControl41]]>
            </line>
            <line>
              <![CDATA[Element is displayed Successfully*****Located by Locator map: 
- native content: "By.chained({By.xpath: //*[@text='Deny']})" 
- html content: "by id or name "btnDeny""]]>
            </line>
            <line>
              <![CDATA[Initiated Method to Click on Projects Menu ]]>
            </line>
            <line>
              <![CDATA[Element is displayed Successfully*****Located by By.id: frmProjects]]>
            </line>
            <line>
              <![CDATA[Element is displayed Successfully*****Located by By.id: frmProjectsList]]>
            </line>
            <line>
              <![CDATA[Element is displayed Successfully*****Located by By.id: frmRefineProjects]]>
            </line>
            <line>
              <![CDATA[******* Test Case PASSED ******* tc37_pJLPRefineByCraftingTimeTest]]>
            </line>
            <line>
              <![CDATA[******* Test Case PASSED ******* tc37_pJLPRefineByCraftingTimeTest]]>
            </line>
          </reporter-output>
        </test-method> <!-- tc37_pJLPRefineByCraftingTimeTest -->
        <test-method status="PASS" signature="closeApp()[pri:0, instance:com.michaels.mobile.test.TC37_PJLPRefineByCraftingTimeTest@7c711375]" name="closeApp" is-config="true" duration-ms="9829" started-at="2018-10-05T00:31:15Z" finished-at="2018-10-05T00:31:25Z">
          <reporter-output>
          </reporter-output>
        </test-method> <!-- closeApp -->
      </class> <!-- com.michaels.mobile.test.TC37_PJLPRefineByCraftingTimeTest -->
      <class name="com.michaels.mobile.test.TC21_CouponsSignInTest">
        <test-method status="PASS" signature="intializingDriver()[pri:0, instance:com.michaels.mobile.test.TC21_CouponsSignInTest@36916eb0]" name="intializingDriver" is-config="true" duration-ms="77092" started-at="2018-10-04T23:37:38Z" finished-at="2018-10-04T23:38:55Z">
          <reporter-output>
            <line>
              <![CDATA[Setting the Capabilities]]>
            </line>
          </reporter-output>
        </test-method> <!-- intializingDriver -->
        <test-method status="PASS" signature="setUpPage()[pri:0, instance:com.michaels.mobile.test.TC21_CouponsSignInTest@36916eb0]" name="setUpPage" is-config="true" duration-ms="3063" started-at="2018-10-04T23:38:55Z" finished-at="2018-10-04T23:38:59Z">
          <reporter-output>
          </reporter-output>
        </test-method> <!-- setUpPage -->
        <test-method status="PASS" signature="tc21_couponsSignInTest()[pri:0, instance:com.michaels.mobile.test.TC21_CouponsSignInTest@36916eb0]" name="tc21_couponsSignInTest" duration-ms="113653" started-at="2018-10-04T23:38:59Z" finished-at="2018-10-04T23:40:52Z">
          <reporter-output>
            <line>
              <![CDATA[Initiated Method to Verify app guide and land on Home page ]]>
            </line>
            <line>
              <![CDATA[Element is displayed Successfully*****Located by Locator map: 
- native content: "By.chained({By.id: android:id/button2})" 
- html content: "by id or name "btnDenyLocationAccess""]]>
            </line>
            <line>
              <![CDATA[Element is displayed Successfully*****Located by By.id: flexGuideControl41]]>
            </line>
            <line>
              <![CDATA[Element is displayed Successfully*****Located by By.id: flexGuideControl41]]>
            </line>
            <line>
              <![CDATA[Element is displayed Successfully*****Located by Locator map: 
- native content: "By.chained({By.xpath: //*[@text='Deny']})" 
- html content: "by id or name "btnDeny""]]>
            </line>
            <line>
              <![CDATA[Initiated Method to Click on More Menu ]]>
            </line>
            <line>
              <![CDATA[Initiated Method to Click on SignIn Button ]]>
            </line>
            <line>
              <![CDATA[Element is displayed Successfully*****Located by By.id: btnSignIn]]>
            </line>
            <line>
              <![CDATA[Element is displayed Successfully*****Located by Locator map: 
- native content: "By.chained({By.xpath: //*[@text='You’re logged in now.']})" 
- html content: "by id or name "txt_loginSuccess""]]>
            </line>
            <line>
              <![CDATA[Initiated Method to Click on SignIn Button ]]>
            </line>
            <line>
              <![CDATA[Element is displayed Successfully*****Located by By.id: btnCouponMain]]>
            </line>
            <line>
              <![CDATA[Initiated Method to Select Store]]>
            </line>
            <line>
              <![CDATA[Element is displayed Successfully*****Located by Locator map: 
- native content: "By.chained({By.id: android:id/button1})" 
- html content: "by id or name "btn_Yes""]]>
            </line>
            <line>
              <![CDATA[Initiated Method to verify Coupons Page ]]>
            </line>
            <line>
              <![CDATA[Element is displayed Successfully*****Located by By.id: lblCouponTitle]]>
            </line>
            <line>
              <![CDATA[******* Test Case PASSED ******* tc21_couponsSignInTest]]>
            </line>
            <line>
              <![CDATA[******* Test Case PASSED ******* tc21_couponsSignInTest]]>
            </line>
          </reporter-output>
        </test-method> <!-- tc21_couponsSignInTest -->
        <test-method status="PASS" signature="closeApp()[pri:0, instance:com.michaels.mobile.test.TC21_CouponsSignInTest@36916eb0]" name="closeApp" is-config="true" duration-ms="8212" started-at="2018-10-04T23:40:52Z" finished-at="2018-10-04T23:41:00Z">
          <reporter-output>
          </reporter-output>
        </test-method> <!-- closeApp -->
      </class> <!-- com.michaels.mobile.test.TC21_CouponsSignInTest -->
    </test> <!-- Test -->
  </suite> <!-- Suite -->
</testng-results>
