<?xml version="1.0" encoding="utf-8" ?>
<!DOCTYPE html PUBLIC "-//W3C//DTD XHTML 1.0 Strict//EN"
        "http://www.w3.org/TR/xhtml1/DTD/xhtml1-strict.dtd">
<html xmlns="http://www.w3.org/1999/xhtml" xml:lang="" lang="">
<head>
  <title>Test Results Report - Test</title>
  <meta http-equiv="Content-Type" content="text/html;charset=utf-8" />
  <meta name="description" content="TestNG unit test results." />
  <link href="reportng.css" rel="stylesheet" type="text/css" />
    <script type="text/javascript" src="reportng.js"></script>
</head>
<body>
<h1>Test</h1>
<p>
  Test duration: 11838.011s
</p>



  <table class="resultsTable">
    <tr><th colspan="3" class="header failed">Failed Tests</th></tr>
          <tr>
        <td colspan="3" class="group">com.michaels.mobile.test.TC07_HomeTileClickTest</td>
      </tr>
            
<tr>
  <td class="method">
                  tc06_tc07_homeTileClickTest
      </td>
  <td class="duration">
    27.996s
  </td>
  <td class="result">
        
    
            <div class="testOutput">
                        Initiated Method to Verify app guide and land on Home page <br />
                                Initiated Method to Verify Tile navigation <br />
                                Unable to find Verify Tile navigationorg.openqa.selenium.NoSuchElementException: Can&apos;t locate an element by this strategy: Locator map: <br/>
- native content: &quot;By.chained({By.xpath: (//*[@text=&apos;Get Coupon&apos; and @index=&apos;0&apos;])[2]})&quot; <br/>
- html content: &quot;by id or name &quot;homeTile2&quot;&quot;<br />
                  </div>
    

        <a href="javascript:toggleElement('exception-0', 'block')" title="Click to expand/collapse"><b>java.lang.AssertionError: ******* Test Case FAILED ******* tc06_tc07_homeTileClickTest expected [true] but found [false]</b></a><br />
    <div class="stackTrace" id="exception-0">
              org.testng.Assert.fail(Assert.java:94)<br />
              org.testng.Assert.failNotEquals(Assert.java:494)<br />
              org.testng.Assert.assertTrue(Assert.java:42)<br />
              com.michaels.mobile.test.DriverTest.failTestCase(DriverTest.java:120)<br />
              com.michaels.mobile.test.TC07_HomeTileClickTest.tc06_tc07_homeTileClickTest(TC07_HomeTileClickTest.java:29)<br />
              sun.reflect.NativeMethodAccessorImpl.invoke0(Native Method)<br />
              sun.reflect.NativeMethodAccessorImpl.invoke(NativeMethodAccessorImpl.java:62)<br />
              sun.reflect.DelegatingMethodAccessorImpl.invoke(DelegatingMethodAccessorImpl.java:43)<br />
              java.lang.reflect.Method.invoke(Method.java:498)<br />
              org.testng.internal.MethodInvocationHelper.invokeMethod(MethodInvocationHelper.java:84)<br />
              org.testng.internal.Invoker.invokeMethod(Invoker.java:714)<br />
              org.testng.internal.Invoker.invokeTestMethod(Invoker.java:901)<br />
              org.testng.internal.Invoker.invokeTestMethods(Invoker.java:1231)<br />
              org.testng.internal.TestMethodWorker.invokeTestMethods(TestMethodWorker.java:127)<br />
              org.testng.internal.TestMethodWorker.run(TestMethodWorker.java:111)<br />
              org.testng.TestRunner.privateRun(TestRunner.java:767)<br />
              org.testng.TestRunner.run(TestRunner.java:617)<br />
              org.testng.SuiteRunner.runTest(SuiteRunner.java:348)<br />
              org.testng.SuiteRunner.runSequentially(SuiteRunner.java:343)<br />
              org.testng.SuiteRunner.privateRun(SuiteRunner.java:305)<br />
              org.testng.SuiteRunner.run(SuiteRunner.java:254)<br />
              org.testng.SuiteRunnerWorker.runSuite(SuiteRunnerWorker.java:52)<br />
              org.testng.SuiteRunnerWorker.run(SuiteRunnerWorker.java:86)<br />
              org.testng.TestNG.runSuitesSequentially(TestNG.java:1224)<br />
              org.testng.TestNG.runSuitesLocally(TestNG.java:1149)<br />
              org.testng.TestNG.run(TestNG.java:1057)<br />
              org.apache.maven.surefire.testng.TestNGExecutor.run(TestNGExecutor.java:283)<br />
              org.apache.maven.surefire.testng.TestNGXmlTestSuite.execute(TestNGXmlTestSuite.java:75)<br />
              org.apache.maven.surefire.testng.TestNGProvider.invoke(TestNGProvider.java:120)<br />
              org.apache.maven.surefire.booter.ForkedBooter.invokeProviderInSameClassLoader(ForkedBooter.java:383)<br />
              org.apache.maven.surefire.booter.ForkedBooter.runSuitesInProcess(ForkedBooter.java:344)<br />
              org.apache.maven.surefire.booter.ForkedBooter.execute(ForkedBooter.java:125)<br />
              org.apache.maven.surefire.booter.ForkedBooter.main(ForkedBooter.java:417)<br />
                </div>
      </td>
</tr>
          <tr>
        <td colspan="3" class="group">com.michaels.mobile.test.TC09_HomeCarouselClickNavigateTest</td>
      </tr>
            
<tr>
  <td class="method">
                  tc09_homeCarouselClickNavigateTest
      </td>
  <td class="duration">
    37.366s
  </td>
  <td class="result">
        
    
            <div class="testOutput">
                        Initiated Method to Verify app guide and land on Home page <br />
                                Initiated Method to Verify Carousel <br />
                                Unable to find Verify Carouselorg.openqa.selenium.NoSuchElementException: Can&apos;t locate an element by this strategy: By.id: flexCarouselContainer<br />
                  </div>
    

        <a href="javascript:toggleElement('exception-1', 'block')" title="Click to expand/collapse"><b>java.lang.AssertionError: ******* Test Case FAILED ******* tc09_homeCarouselClickNavigateTest expected [true] but found [false]</b></a><br />
    <div class="stackTrace" id="exception-1">
              org.testng.Assert.fail(Assert.java:94)<br />
              org.testng.Assert.failNotEquals(Assert.java:494)<br />
              org.testng.Assert.assertTrue(Assert.java:42)<br />
              com.michaels.mobile.test.DriverTest.failTestCase(DriverTest.java:120)<br />
              com.michaels.mobile.test.TC09_HomeCarouselClickNavigateTest.tc09_homeCarouselClickNavigateTest(TC09_HomeCarouselClickNavigateTest.java:29)<br />
              sun.reflect.NativeMethodAccessorImpl.invoke0(Native Method)<br />
              sun.reflect.NativeMethodAccessorImpl.invoke(NativeMethodAccessorImpl.java:62)<br />
              sun.reflect.DelegatingMethodAccessorImpl.invoke(DelegatingMethodAccessorImpl.java:43)<br />
              java.lang.reflect.Method.invoke(Method.java:498)<br />
              org.testng.internal.MethodInvocationHelper.invokeMethod(MethodInvocationHelper.java:84)<br />
              org.testng.internal.Invoker.invokeMethod(Invoker.java:714)<br />
              org.testng.internal.Invoker.invokeTestMethod(Invoker.java:901)<br />
              org.testng.internal.Invoker.invokeTestMethods(Invoker.java:1231)<br />
              org.testng.internal.TestMethodWorker.invokeTestMethods(TestMethodWorker.java:127)<br />
              org.testng.internal.TestMethodWorker.run(TestMethodWorker.java:111)<br />
              org.testng.TestRunner.privateRun(TestRunner.java:767)<br />
              org.testng.TestRunner.run(TestRunner.java:617)<br />
              org.testng.SuiteRunner.runTest(SuiteRunner.java:348)<br />
              org.testng.SuiteRunner.runSequentially(SuiteRunner.java:343)<br />
              org.testng.SuiteRunner.privateRun(SuiteRunner.java:305)<br />
              org.testng.SuiteRunner.run(SuiteRunner.java:254)<br />
              org.testng.SuiteRunnerWorker.runSuite(SuiteRunnerWorker.java:52)<br />
              org.testng.SuiteRunnerWorker.run(SuiteRunnerWorker.java:86)<br />
              org.testng.TestNG.runSuitesSequentially(TestNG.java:1224)<br />
              org.testng.TestNG.runSuitesLocally(TestNG.java:1149)<br />
              org.testng.TestNG.run(TestNG.java:1057)<br />
              org.apache.maven.surefire.testng.TestNGExecutor.run(TestNGExecutor.java:283)<br />
              org.apache.maven.surefire.testng.TestNGXmlTestSuite.execute(TestNGXmlTestSuite.java:75)<br />
              org.apache.maven.surefire.testng.TestNGProvider.invoke(TestNGProvider.java:120)<br />
              org.apache.maven.surefire.booter.ForkedBooter.invokeProviderInSameClassLoader(ForkedBooter.java:383)<br />
              org.apache.maven.surefire.booter.ForkedBooter.runSuitesInProcess(ForkedBooter.java:344)<br />
              org.apache.maven.surefire.booter.ForkedBooter.execute(ForkedBooter.java:125)<br />
              org.apache.maven.surefire.booter.ForkedBooter.main(ForkedBooter.java:417)<br />
                </div>
      </td>
</tr>
          <tr>
        <td colspan="3" class="group">com.michaels.mobile.test.TC10_HomeCarouselClickNavigateTest</td>
      </tr>
            
<tr>
  <td class="method">
                  tc10_homeCarouselClickNavigateTest
      </td>
  <td class="duration">
    39.164s
  </td>
  <td class="result">
        
    
            <div class="testOutput">
                        Initiated Method to Verify app guide and land on Home page <br />
                                Initiated Method to Verify Carousel <br />
                                Unable to find Verify Carouselorg.openqa.selenium.NoSuchElementException: Can&apos;t locate an element by this strategy: By.id: flexCarouselContainer<br />
                  </div>
    

        <a href="javascript:toggleElement('exception-2', 'block')" title="Click to expand/collapse"><b>java.lang.AssertionError: ******* Test Case FAILED ******* tc10_homeCarouselClickNavigateTest expected [true] but found [false]</b></a><br />
    <div class="stackTrace" id="exception-2">
              org.testng.Assert.fail(Assert.java:94)<br />
              org.testng.Assert.failNotEquals(Assert.java:494)<br />
              org.testng.Assert.assertTrue(Assert.java:42)<br />
              com.michaels.mobile.test.DriverTest.failTestCase(DriverTest.java:120)<br />
              com.michaels.mobile.test.TC10_HomeCarouselClickNavigateTest.tc10_homeCarouselClickNavigateTest(TC10_HomeCarouselClickNavigateTest.java:29)<br />
              sun.reflect.NativeMethodAccessorImpl.invoke0(Native Method)<br />
              sun.reflect.NativeMethodAccessorImpl.invoke(NativeMethodAccessorImpl.java:62)<br />
              sun.reflect.DelegatingMethodAccessorImpl.invoke(DelegatingMethodAccessorImpl.java:43)<br />
              java.lang.reflect.Method.invoke(Method.java:498)<br />
              org.testng.internal.MethodInvocationHelper.invokeMethod(MethodInvocationHelper.java:84)<br />
              org.testng.internal.Invoker.invokeMethod(Invoker.java:714)<br />
              org.testng.internal.Invoker.invokeTestMethod(Invoker.java:901)<br />
              org.testng.internal.Invoker.invokeTestMethods(Invoker.java:1231)<br />
              org.testng.internal.TestMethodWorker.invokeTestMethods(TestMethodWorker.java:127)<br />
              org.testng.internal.TestMethodWorker.run(TestMethodWorker.java:111)<br />
              org.testng.TestRunner.privateRun(TestRunner.java:767)<br />
              org.testng.TestRunner.run(TestRunner.java:617)<br />
              org.testng.SuiteRunner.runTest(SuiteRunner.java:348)<br />
              org.testng.SuiteRunner.runSequentially(SuiteRunner.java:343)<br />
              org.testng.SuiteRunner.privateRun(SuiteRunner.java:305)<br />
              org.testng.SuiteRunner.run(SuiteRunner.java:254)<br />
              org.testng.SuiteRunnerWorker.runSuite(SuiteRunnerWorker.java:52)<br />
              org.testng.SuiteRunnerWorker.run(SuiteRunnerWorker.java:86)<br />
              org.testng.TestNG.runSuitesSequentially(TestNG.java:1224)<br />
              org.testng.TestNG.runSuitesLocally(TestNG.java:1149)<br />
              org.testng.TestNG.run(TestNG.java:1057)<br />
              org.apache.maven.surefire.testng.TestNGExecutor.run(TestNGExecutor.java:283)<br />
              org.apache.maven.surefire.testng.TestNGXmlTestSuite.execute(TestNGXmlTestSuite.java:75)<br />
              org.apache.maven.surefire.testng.TestNGProvider.invoke(TestNGProvider.java:120)<br />
              org.apache.maven.surefire.booter.ForkedBooter.invokeProviderInSameClassLoader(ForkedBooter.java:383)<br />
              org.apache.maven.surefire.booter.ForkedBooter.runSuitesInProcess(ForkedBooter.java:344)<br />
              org.apache.maven.surefire.booter.ForkedBooter.execute(ForkedBooter.java:125)<br />
              org.apache.maven.surefire.booter.ForkedBooter.main(ForkedBooter.java:417)<br />
                </div>
      </td>
</tr>
          <tr>
        <td colspan="3" class="group">com.michaels.mobile.test.TC15_CallStoreTest</td>
      </tr>
            
<tr>
  <td class="method">
                  tc15_callStoreTest
      </td>
  <td class="duration">
    84.267s
  </td>
  <td class="result">
        
    
            <div class="testOutput">
                        Initiated Method to Verify app guide and land on Home page <br />
                                Initiated Method to Set Favourite Store <br />
                                Initiated Method to Select Store<br />
                                Unable to find Select Storeorg.openqa.selenium.NoSuchElementException: Can&apos;t locate an element by this strategy: By.id: textSearch<br />
                                Unable to find Verify Call Storeorg.openqa.selenium.NoSuchElementException: Can&apos;t locate an element by this strategy: By.id: lblProducts<br />
                  </div>
    

        <a href="javascript:toggleElement('exception-3', 'block')" title="Click to expand/collapse"><b>java.lang.AssertionError: ******* Test Case FAILED ******* tc15_callStoreTest expected [true] but found [false]</b></a><br />
    <div class="stackTrace" id="exception-3">
              org.testng.Assert.fail(Assert.java:94)<br />
              org.testng.Assert.failNotEquals(Assert.java:494)<br />
              org.testng.Assert.assertTrue(Assert.java:42)<br />
              com.michaels.mobile.test.DriverTest.failTestCase(DriverTest.java:120)<br />
              com.michaels.mobile.test.TC15_CallStoreTest.tc15_callStoreTest(TC15_CallStoreTest.java:32)<br />
              sun.reflect.NativeMethodAccessorImpl.invoke0(Native Method)<br />
              sun.reflect.NativeMethodAccessorImpl.invoke(NativeMethodAccessorImpl.java:62)<br />
              sun.reflect.DelegatingMethodAccessorImpl.invoke(DelegatingMethodAccessorImpl.java:43)<br />
              java.lang.reflect.Method.invoke(Method.java:498)<br />
              org.testng.internal.MethodInvocationHelper.invokeMethod(MethodInvocationHelper.java:84)<br />
              org.testng.internal.Invoker.invokeMethod(Invoker.java:714)<br />
              org.testng.internal.Invoker.invokeTestMethod(Invoker.java:901)<br />
              org.testng.internal.Invoker.invokeTestMethods(Invoker.java:1231)<br />
              org.testng.internal.TestMethodWorker.invokeTestMethods(TestMethodWorker.java:127)<br />
              org.testng.internal.TestMethodWorker.run(TestMethodWorker.java:111)<br />
              org.testng.TestRunner.privateRun(TestRunner.java:767)<br />
              org.testng.TestRunner.run(TestRunner.java:617)<br />
              org.testng.SuiteRunner.runTest(SuiteRunner.java:348)<br />
              org.testng.SuiteRunner.runSequentially(SuiteRunner.java:343)<br />
              org.testng.SuiteRunner.privateRun(SuiteRunner.java:305)<br />
              org.testng.SuiteRunner.run(SuiteRunner.java:254)<br />
              org.testng.SuiteRunnerWorker.runSuite(SuiteRunnerWorker.java:52)<br />
              org.testng.SuiteRunnerWorker.run(SuiteRunnerWorker.java:86)<br />
              org.testng.TestNG.runSuitesSequentially(TestNG.java:1224)<br />
              org.testng.TestNG.runSuitesLocally(TestNG.java:1149)<br />
              org.testng.TestNG.run(TestNG.java:1057)<br />
              org.apache.maven.surefire.testng.TestNGExecutor.run(TestNGExecutor.java:283)<br />
              org.apache.maven.surefire.testng.TestNGXmlTestSuite.execute(TestNGXmlTestSuite.java:75)<br />
              org.apache.maven.surefire.testng.TestNGProvider.invoke(TestNGProvider.java:120)<br />
              org.apache.maven.surefire.booter.ForkedBooter.invokeProviderInSameClassLoader(ForkedBooter.java:383)<br />
              org.apache.maven.surefire.booter.ForkedBooter.runSuitesInProcess(ForkedBooter.java:344)<br />
              org.apache.maven.surefire.booter.ForkedBooter.execute(ForkedBooter.java:125)<br />
              org.apache.maven.surefire.booter.ForkedBooter.main(ForkedBooter.java:417)<br />
                </div>
      </td>
</tr>
          <tr>
        <td colspan="3" class="group">com.michaels.mobile.test.TC20_ProductDetailsPageTest</td>
      </tr>
            
<tr>
  <td class="method">
                  tc20_productDetailsPageTest
      </td>
  <td class="duration">
    49.729s
  </td>
  <td class="result">
        
    
            <div class="testOutput">
                        Initiated Method to Verify app guide and land on Home page <br />
                                Initiated Method to Click on Shop Menu <br />
                                Initiated Method to Click on Shop Menu <br />
                                Unable to Click on Shop Menuorg.openqa.selenium.NoSuchElementException: Can&apos;t locate an element by this strategy: By.id: btnProducts<br />
                                Initiated Method to verify product details page <br />
                                 Initiated Method to Verify products Page <br />
                  </div>
    

        <a href="javascript:toggleElement('exception-4', 'block')" title="Click to expand/collapse"><b>java.lang.AssertionError: ******* Test Case FAILED ******* tc20_productDetailsPageTest expected [true] but found [false]</b></a><br />
    <div class="stackTrace" id="exception-4">
              org.testng.Assert.fail(Assert.java:94)<br />
              org.testng.Assert.failNotEquals(Assert.java:494)<br />
              org.testng.Assert.assertTrue(Assert.java:42)<br />
              com.michaels.mobile.test.DriverTest.failTestCase(DriverTest.java:120)<br />
              com.michaels.mobile.test.TC20_ProductDetailsPageTest.tc20_productDetailsPageTest(TC20_ProductDetailsPageTest.java:33)<br />
              sun.reflect.NativeMethodAccessorImpl.invoke0(Native Method)<br />
              sun.reflect.NativeMethodAccessorImpl.invoke(NativeMethodAccessorImpl.java:62)<br />
              sun.reflect.DelegatingMethodAccessorImpl.invoke(DelegatingMethodAccessorImpl.java:43)<br />
              java.lang.reflect.Method.invoke(Method.java:498)<br />
              org.testng.internal.MethodInvocationHelper.invokeMethod(MethodInvocationHelper.java:84)<br />
              org.testng.internal.Invoker.invokeMethod(Invoker.java:714)<br />
              org.testng.internal.Invoker.invokeTestMethod(Invoker.java:901)<br />
              org.testng.internal.Invoker.invokeTestMethods(Invoker.java:1231)<br />
              org.testng.internal.TestMethodWorker.invokeTestMethods(TestMethodWorker.java:127)<br />
              org.testng.internal.TestMethodWorker.run(TestMethodWorker.java:111)<br />
              org.testng.TestRunner.privateRun(TestRunner.java:767)<br />
              org.testng.TestRunner.run(TestRunner.java:617)<br />
              org.testng.SuiteRunner.runTest(SuiteRunner.java:348)<br />
              org.testng.SuiteRunner.runSequentially(SuiteRunner.java:343)<br />
              org.testng.SuiteRunner.privateRun(SuiteRunner.java:305)<br />
              org.testng.SuiteRunner.run(SuiteRunner.java:254)<br />
              org.testng.SuiteRunnerWorker.runSuite(SuiteRunnerWorker.java:52)<br />
              org.testng.SuiteRunnerWorker.run(SuiteRunnerWorker.java:86)<br />
              org.testng.TestNG.runSuitesSequentially(TestNG.java:1224)<br />
              org.testng.TestNG.runSuitesLocally(TestNG.java:1149)<br />
              org.testng.TestNG.run(TestNG.java:1057)<br />
              org.apache.maven.surefire.testng.TestNGExecutor.run(TestNGExecutor.java:283)<br />
              org.apache.maven.surefire.testng.TestNGXmlTestSuite.execute(TestNGXmlTestSuite.java:75)<br />
              org.apache.maven.surefire.testng.TestNGProvider.invoke(TestNGProvider.java:120)<br />
              org.apache.maven.surefire.booter.ForkedBooter.invokeProviderInSameClassLoader(ForkedBooter.java:383)<br />
              org.apache.maven.surefire.booter.ForkedBooter.runSuitesInProcess(ForkedBooter.java:344)<br />
              org.apache.maven.surefire.booter.ForkedBooter.execute(ForkedBooter.java:125)<br />
              org.apache.maven.surefire.booter.ForkedBooter.main(ForkedBooter.java:417)<br />
                </div>
      </td>
</tr>
          <tr>
        <td colspan="3" class="group">com.michaels.mobile.test.TC25_ProductCheckNearByStoresTest</td>
      </tr>
            
<tr>
  <td class="method">
                  tc25_productCheckNearByStoresTest
      </td>
  <td class="duration">
    151.508s
  </td>
  <td class="result">
        
    
            <div class="testOutput">
                        Initiated Method to Verify app guide and land on Home page <br />
                                Element is displayed Successfully*****Located by Locator map: <br/>
- native content: &quot;By.chained({By.id: android:id/button2})&quot; <br/>
- html content: &quot;by id or name &quot;btnDenyLocationAccess&quot;&quot;<br />
                                Element is displayed Successfully*****Located by By.id: flexGuideControl41<br />
                                Element is displayed Successfully*****Located by By.id: flexGuideControl41<br />
                                Element is displayed Successfully*****Located by Locator map: <br/>
- native content: &quot;By.chained({By.xpath: //*[@text=&apos;Deny&apos;]})&quot; <br/>
- html content: &quot;by id or name &quot;btnDeny&quot;&quot;<br />
                                Initiated Method to Set Favourite Store <br />
                                Element is displayed Successfully*****Located by By.id: btnChooseStore<br />
                                Initiated Method to Select Store<br />
                                Element is displayed Successfully*****Located by By.id: lblChevron<br />
                                Initiated Method to Click on Shop Menu <br />
                                Initiated Method to Click on Shop Menu <br />
                                Initiated Method to verify product details page <br />
                                 Initiated Method to Verify products Page <br />
                                Element is displayed Successfully*****Located by By.id: frmProducts<br />
                                Products Page is displayed<br />
                  </div>
    

        <a href="javascript:toggleElement('exception-5', 'block')" title="Click to expand/collapse"><b>java.lang.AssertionError: ******* Test Case FAILED ******* tc25_productCheckNearByStoresTest expected [true] but found [false]</b></a><br />
    <div class="stackTrace" id="exception-5">
              org.testng.Assert.fail(Assert.java:94)<br />
              org.testng.Assert.failNotEquals(Assert.java:494)<br />
              org.testng.Assert.assertTrue(Assert.java:42)<br />
              com.michaels.mobile.test.DriverTest.failTestCase(DriverTest.java:120)<br />
              com.michaels.mobile.test.TC25_ProductCheckNearByStoresTest.tc25_productCheckNearByStoresTest(TC25_ProductCheckNearByStoresTest.java:51)<br />
              sun.reflect.NativeMethodAccessorImpl.invoke0(Native Method)<br />
              sun.reflect.NativeMethodAccessorImpl.invoke(NativeMethodAccessorImpl.java:62)<br />
              sun.reflect.DelegatingMethodAccessorImpl.invoke(DelegatingMethodAccessorImpl.java:43)<br />
              java.lang.reflect.Method.invoke(Method.java:498)<br />
              org.testng.internal.MethodInvocationHelper.invokeMethod(MethodInvocationHelper.java:84)<br />
              org.testng.internal.Invoker.invokeMethod(Invoker.java:714)<br />
              org.testng.internal.Invoker.invokeTestMethod(Invoker.java:901)<br />
              org.testng.internal.Invoker.invokeTestMethods(Invoker.java:1231)<br />
              org.testng.internal.TestMethodWorker.invokeTestMethods(TestMethodWorker.java:127)<br />
              org.testng.internal.TestMethodWorker.run(TestMethodWorker.java:111)<br />
              org.testng.TestRunner.privateRun(TestRunner.java:767)<br />
              org.testng.TestRunner.run(TestRunner.java:617)<br />
              org.testng.SuiteRunner.runTest(SuiteRunner.java:348)<br />
              org.testng.SuiteRunner.runSequentially(SuiteRunner.java:343)<br />
              org.testng.SuiteRunner.privateRun(SuiteRunner.java:305)<br />
              org.testng.SuiteRunner.run(SuiteRunner.java:254)<br />
              org.testng.SuiteRunnerWorker.runSuite(SuiteRunnerWorker.java:52)<br />
              org.testng.SuiteRunnerWorker.run(SuiteRunnerWorker.java:86)<br />
              org.testng.TestNG.runSuitesSequentially(TestNG.java:1224)<br />
              org.testng.TestNG.runSuitesLocally(TestNG.java:1149)<br />
              org.testng.TestNG.run(TestNG.java:1057)<br />
              org.apache.maven.surefire.testng.TestNGExecutor.run(TestNGExecutor.java:283)<br />
              org.apache.maven.surefire.testng.TestNGXmlTestSuite.execute(TestNGXmlTestSuite.java:75)<br />
              org.apache.maven.surefire.testng.TestNGProvider.invoke(TestNGProvider.java:120)<br />
              org.apache.maven.surefire.booter.ForkedBooter.invokeProviderInSameClassLoader(ForkedBooter.java:383)<br />
              org.apache.maven.surefire.booter.ForkedBooter.runSuitesInProcess(ForkedBooter.java:344)<br />
              org.apache.maven.surefire.booter.ForkedBooter.execute(ForkedBooter.java:125)<br />
              org.apache.maven.surefire.booter.ForkedBooter.main(ForkedBooter.java:417)<br />
                </div>
      </td>
</tr>
          <tr>
        <td colspan="3" class="group">com.michaels.mobile.test.TC26_RecommendedProductsPDPTest</td>
      </tr>
            
<tr>
  <td class="method">
                  tc26_recommendedProductsPDPTest
      </td>
  <td class="duration">
    84.422s
  </td>
  <td class="result">
        
    
            <div class="testOutput">
                        Initiated Method to Verify app guide and land on Home page <br />
                                Element is displayed Successfully*****Located by Locator map: <br/>
- native content: &quot;By.chained({By.id: android:id/button2})&quot; <br/>
- html content: &quot;by id or name &quot;btnDenyLocationAccess&quot;&quot;<br />
                                Element is displayed Successfully*****Located by By.id: flexGuideControl41<br />
                                Element is displayed Successfully*****Located by By.id: flexGuideControl41<br />
                                Element is displayed Successfully*****Located by Locator map: <br/>
- native content: &quot;By.chained({By.xpath: //*[@text=&apos;Deny&apos;]})&quot; <br/>
- html content: &quot;by id or name &quot;btnDeny&quot;&quot;<br />
                                Initiated Method to Click on Shop Menu <br />
                                Initiated Method to Click on Shop Menu <br />
                                Initiated Method to verify product details page <br />
                                 Initiated Method to Verify products Page <br />
                                Element is displayed Successfully*****Located by By.id: frmProducts<br />
                                Products Page is displayed<br />
                                Intiated method for finding Text presence....<br />
                                Intiated Method to Find the Text...RECOMMENDED PRODUCTS<br />
                                Unable to find the text<br />
                                Intiated Method to Find the Text...RECOMMENDED PRODUCTS<br />
                                Unable to find the text<br />
                                Intiated Method to Find the Text...RECOMMENDED PRODUCTS<br />
                                Unable to find the text<br />
                                Intiated Method to Find the Text...RECOMMENDED PRODUCTS<br />
                                Unable to find the text<br />
                  </div>
    

        <a href="javascript:toggleElement('exception-6', 'block')" title="Click to expand/collapse"><b>java.lang.AssertionError: ******* Test Case FAILED ******* tc26_recommendedProductsPDPTest expected [true] but found [false]</b></a><br />
    <div class="stackTrace" id="exception-6">
              org.testng.Assert.fail(Assert.java:94)<br />
              org.testng.Assert.failNotEquals(Assert.java:494)<br />
              org.testng.Assert.assertTrue(Assert.java:42)<br />
              com.michaels.mobile.test.DriverTest.failTestCase(DriverTest.java:120)<br />
              com.michaels.mobile.test.TC26_RecommendedProductsPDPTest.tc26_recommendedProductsPDPTest(TC26_RecommendedProductsPDPTest.java:47)<br />
              sun.reflect.NativeMethodAccessorImpl.invoke0(Native Method)<br />
              sun.reflect.NativeMethodAccessorImpl.invoke(NativeMethodAccessorImpl.java:62)<br />
              sun.reflect.DelegatingMethodAccessorImpl.invoke(DelegatingMethodAccessorImpl.java:43)<br />
              java.lang.reflect.Method.invoke(Method.java:498)<br />
              org.testng.internal.MethodInvocationHelper.invokeMethod(MethodInvocationHelper.java:84)<br />
              org.testng.internal.Invoker.invokeMethod(Invoker.java:714)<br />
              org.testng.internal.Invoker.invokeTestMethod(Invoker.java:901)<br />
              org.testng.internal.Invoker.invokeTestMethods(Invoker.java:1231)<br />
              org.testng.internal.TestMethodWorker.invokeTestMethods(TestMethodWorker.java:127)<br />
              org.testng.internal.TestMethodWorker.run(TestMethodWorker.java:111)<br />
              org.testng.TestRunner.privateRun(TestRunner.java:767)<br />
              org.testng.TestRunner.run(TestRunner.java:617)<br />
              org.testng.SuiteRunner.runTest(SuiteRunner.java:348)<br />
              org.testng.SuiteRunner.runSequentially(SuiteRunner.java:343)<br />
              org.testng.SuiteRunner.privateRun(SuiteRunner.java:305)<br />
              org.testng.SuiteRunner.run(SuiteRunner.java:254)<br />
              org.testng.SuiteRunnerWorker.runSuite(SuiteRunnerWorker.java:52)<br />
              org.testng.SuiteRunnerWorker.run(SuiteRunnerWorker.java:86)<br />
              org.testng.TestNG.runSuitesSequentially(TestNG.java:1224)<br />
              org.testng.TestNG.runSuitesLocally(TestNG.java:1149)<br />
              org.testng.TestNG.run(TestNG.java:1057)<br />
              org.apache.maven.surefire.testng.TestNGExecutor.run(TestNGExecutor.java:283)<br />
              org.apache.maven.surefire.testng.TestNGXmlTestSuite.execute(TestNGXmlTestSuite.java:75)<br />
              org.apache.maven.surefire.testng.TestNGProvider.invoke(TestNGProvider.java:120)<br />
              org.apache.maven.surefire.booter.ForkedBooter.invokeProviderInSameClassLoader(ForkedBooter.java:383)<br />
              org.apache.maven.surefire.booter.ForkedBooter.runSuitesInProcess(ForkedBooter.java:344)<br />
              org.apache.maven.surefire.booter.ForkedBooter.execute(ForkedBooter.java:125)<br />
              org.apache.maven.surefire.booter.ForkedBooter.main(ForkedBooter.java:417)<br />
                </div>
      </td>
</tr>
          <tr>
        <td colspan="3" class="group">com.michaels.mobile.test.TC30_PLPRefineByTest</td>
      </tr>
            
<tr>
  <td class="method">
                  tc30_pLPRefineByTest
      </td>
  <td class="duration">
    56.714s
  </td>
  <td class="result">
        
    
            <div class="testOutput">
                        Initiated Method to Verify app guide and land on Home page <br />
                                Element is displayed Successfully*****Located by Locator map: <br/>
- native content: &quot;By.chained({By.id: android:id/button2})&quot; <br/>
- html content: &quot;by id or name &quot;btnDenyLocationAccess&quot;&quot;<br />
                                Element is displayed Successfully*****Located by By.id: flexGuideControl41<br />
                                Element is displayed Successfully*****Located by By.id: flexGuideControl41<br />
                                Element is displayed Successfully*****Located by Locator map: <br/>
- native content: &quot;By.chained({By.xpath: //*[@text=&apos;Deny&apos;]})&quot; <br/>
- html content: &quot;by id or name &quot;btnDeny&quot;&quot;<br />
                                Initiated Method to Click on Shop Menu <br />
                                Initiated Method to Click on Shop Menu <br />
                                 Initiated Method to Verify products Page <br />
                                Element is displayed Successfully*****Located by By.id: frmProducts<br />
                                Products Page is displayed<br />
                  </div>
    

        <a href="javascript:toggleElement('exception-7', 'block')" title="Click to expand/collapse"><b>java.lang.AssertionError:&nbsp; Unable to verify Products List page expected [true] but found [false]</b></a><br />
    <div class="stackTrace" id="exception-7">
              org.testng.Assert.fail(Assert.java:94)<br />
              org.testng.Assert.failNotEquals(Assert.java:494)<br />
              org.testng.Assert.assertTrue(Assert.java:42)<br />
              com.michaels.mobile.test.TC30_PLPRefineByTest.tc30_pLPRefineByTest(TC30_PLPRefineByTest.java:35)<br />
              sun.reflect.NativeMethodAccessorImpl.invoke0(Native Method)<br />
              sun.reflect.NativeMethodAccessorImpl.invoke(NativeMethodAccessorImpl.java:62)<br />
              sun.reflect.DelegatingMethodAccessorImpl.invoke(DelegatingMethodAccessorImpl.java:43)<br />
              java.lang.reflect.Method.invoke(Method.java:498)<br />
              org.testng.internal.MethodInvocationHelper.invokeMethod(MethodInvocationHelper.java:84)<br />
              org.testng.internal.Invoker.invokeMethod(Invoker.java:714)<br />
              org.testng.internal.Invoker.invokeTestMethod(Invoker.java:901)<br />
              org.testng.internal.Invoker.invokeTestMethods(Invoker.java:1231)<br />
              org.testng.internal.TestMethodWorker.invokeTestMethods(TestMethodWorker.java:127)<br />
              org.testng.internal.TestMethodWorker.run(TestMethodWorker.java:111)<br />
              org.testng.TestRunner.privateRun(TestRunner.java:767)<br />
              org.testng.TestRunner.run(TestRunner.java:617)<br />
              org.testng.SuiteRunner.runTest(SuiteRunner.java:348)<br />
              org.testng.SuiteRunner.runSequentially(SuiteRunner.java:343)<br />
              org.testng.SuiteRunner.privateRun(SuiteRunner.java:305)<br />
              org.testng.SuiteRunner.run(SuiteRunner.java:254)<br />
              org.testng.SuiteRunnerWorker.runSuite(SuiteRunnerWorker.java:52)<br />
              org.testng.SuiteRunnerWorker.run(SuiteRunnerWorker.java:86)<br />
              org.testng.TestNG.runSuitesSequentially(TestNG.java:1224)<br />
              org.testng.TestNG.runSuitesLocally(TestNG.java:1149)<br />
              org.testng.TestNG.run(TestNG.java:1057)<br />
              org.apache.maven.surefire.testng.TestNGExecutor.run(TestNGExecutor.java:283)<br />
              org.apache.maven.surefire.testng.TestNGXmlTestSuite.execute(TestNGXmlTestSuite.java:75)<br />
              org.apache.maven.surefire.testng.TestNGProvider.invoke(TestNGProvider.java:120)<br />
              org.apache.maven.surefire.booter.ForkedBooter.invokeProviderInSameClassLoader(ForkedBooter.java:383)<br />
              org.apache.maven.surefire.booter.ForkedBooter.runSuitesInProcess(ForkedBooter.java:344)<br />
              org.apache.maven.surefire.booter.ForkedBooter.execute(ForkedBooter.java:125)<br />
              org.apache.maven.surefire.booter.ForkedBooter.main(ForkedBooter.java:417)<br />
                </div>
      </td>
</tr>
          <tr>
        <td colspan="3" class="group">com.michaels.mobile.test.TC39_TextSearchOneProductIdTest</td>
      </tr>
            
<tr>
  <td class="method">
                  tc39_textSearchOneProductIdTest
      </td>
  <td class="duration">
    40.840s
  </td>
  <td class="result">
        
    
            <div class="testOutput">
                        Initiated Method to Verify app guide and land on Home page <br />
                                Element is displayed Successfully*****Located by Locator map: <br/>
- native content: &quot;By.chained({By.id: android:id/button2})&quot; <br/>
- html content: &quot;by id or name &quot;btnDenyLocationAccess&quot;&quot;<br />
                                Element is displayed Successfully*****Located by By.id: flexGuideControl41<br />
                                Element is displayed Successfully*****Located by By.id: flexGuideControl41<br />
                                Element is displayed Successfully*****Located by Locator map: <br/>
- native content: &quot;By.chained({By.xpath: //*[@text=&apos;Deny&apos;]})&quot; <br/>
- html content: &quot;by id or name &quot;btnDeny&quot;&quot;<br />
                                Unable to Click on do a text Searchorg.openqa.selenium.NoSuchElementException: Can&apos;t locate an element by this strategy: By.id: btnHome<br />
                  </div>
    

        <a href="javascript:toggleElement('exception-8', 'block')" title="Click to expand/collapse"><b>java.lang.AssertionError: ******* Test Case FAILED ******* tc39_textSearchOneProductIdTest expected [true] but found [false]</b></a><br />
    <div class="stackTrace" id="exception-8">
              org.testng.Assert.fail(Assert.java:94)<br />
              org.testng.Assert.failNotEquals(Assert.java:494)<br />
              org.testng.Assert.assertTrue(Assert.java:42)<br />
              com.michaels.mobile.test.DriverTest.failTestCase(DriverTest.java:120)<br />
              com.michaels.mobile.test.TC39_TextSearchOneProductIdTest.tc39_textSearchOneProductIdTest(TC39_TextSearchOneProductIdTest.java:36)<br />
              sun.reflect.NativeMethodAccessorImpl.invoke0(Native Method)<br />
              sun.reflect.NativeMethodAccessorImpl.invoke(NativeMethodAccessorImpl.java:62)<br />
              sun.reflect.DelegatingMethodAccessorImpl.invoke(DelegatingMethodAccessorImpl.java:43)<br />
              java.lang.reflect.Method.invoke(Method.java:498)<br />
              org.testng.internal.MethodInvocationHelper.invokeMethod(MethodInvocationHelper.java:84)<br />
              org.testng.internal.Invoker.invokeMethod(Invoker.java:714)<br />
              org.testng.internal.Invoker.invokeTestMethod(Invoker.java:901)<br />
              org.testng.internal.Invoker.invokeTestMethods(Invoker.java:1231)<br />
              org.testng.internal.TestMethodWorker.invokeTestMethods(TestMethodWorker.java:127)<br />
              org.testng.internal.TestMethodWorker.run(TestMethodWorker.java:111)<br />
              org.testng.TestRunner.privateRun(TestRunner.java:767)<br />
              org.testng.TestRunner.run(TestRunner.java:617)<br />
              org.testng.SuiteRunner.runTest(SuiteRunner.java:348)<br />
              org.testng.SuiteRunner.runSequentially(SuiteRunner.java:343)<br />
              org.testng.SuiteRunner.privateRun(SuiteRunner.java:305)<br />
              org.testng.SuiteRunner.run(SuiteRunner.java:254)<br />
              org.testng.SuiteRunnerWorker.runSuite(SuiteRunnerWorker.java:52)<br />
              org.testng.SuiteRunnerWorker.run(SuiteRunnerWorker.java:86)<br />
              org.testng.TestNG.runSuitesSequentially(TestNG.java:1224)<br />
              org.testng.TestNG.runSuitesLocally(TestNG.java:1149)<br />
              org.testng.TestNG.run(TestNG.java:1057)<br />
              org.apache.maven.surefire.testng.TestNGExecutor.run(TestNGExecutor.java:283)<br />
              org.apache.maven.surefire.testng.TestNGXmlTestSuite.execute(TestNGXmlTestSuite.java:75)<br />
              org.apache.maven.surefire.testng.TestNGProvider.invoke(TestNGProvider.java:120)<br />
              org.apache.maven.surefire.booter.ForkedBooter.invokeProviderInSameClassLoader(ForkedBooter.java:383)<br />
              org.apache.maven.surefire.booter.ForkedBooter.runSuitesInProcess(ForkedBooter.java:344)<br />
              org.apache.maven.surefire.booter.ForkedBooter.execute(ForkedBooter.java:125)<br />
              org.apache.maven.surefire.booter.ForkedBooter.main(ForkedBooter.java:417)<br />
                </div>
      </td>
</tr>
          <tr>
        <td colspan="3" class="group">com.michaels.mobile.test.TC47_SignInFromRewardsProgramInfoTest</td>
      </tr>
            
<tr>
  <td class="method">
                  tc47_signInFromRewardsProgramInfoTest
      </td>
  <td class="duration">
    61.175s
  </td>
  <td class="result">
        
    
            <div class="testOutput">
                        Initiated Method to Verify app guide and land on Home page <br />
                                Element is displayed Successfully*****Located by Locator map: <br/>
- native content: &quot;By.chained({By.id: android:id/button2})&quot; <br/>
- html content: &quot;by id or name &quot;btnDenyLocationAccess&quot;&quot;<br />
                                Element is displayed Successfully*****Located by By.id: flexGuideControl41<br />
                                Element is displayed Successfully*****Located by By.id: flexGuideControl41<br />
                                Element is displayed Successfully*****Located by Locator map: <br/>
- native content: &quot;By.chained({By.xpath: //*[@text=&apos;Deny&apos;]})&quot; <br/>
- html content: &quot;by id or name &quot;btnDeny&quot;&quot;<br />
                                Initiated Method to Click on More Menu <br />
                  </div>
    

        <a href="javascript:toggleElement('exception-9', 'block')" title="Click to expand/collapse"><b>java.lang.AssertionError: ******* Test Case FAILED ******* tc47_signInFromRewardsProgramInfoTest expected [true] but found [false]</b></a><br />
    <div class="stackTrace" id="exception-9">
              org.testng.Assert.fail(Assert.java:94)<br />
              org.testng.Assert.failNotEquals(Assert.java:494)<br />
              org.testng.Assert.assertTrue(Assert.java:42)<br />
              com.michaels.mobile.test.DriverTest.failTestCase(DriverTest.java:120)<br />
              com.michaels.mobile.test.TC47_SignInFromRewardsProgramInfoTest.tc47_signInFromRewardsProgramInfoTest(TC47_SignInFromRewardsProgramInfoTest.java:50)<br />
              sun.reflect.NativeMethodAccessorImpl.invoke0(Native Method)<br />
              sun.reflect.NativeMethodAccessorImpl.invoke(NativeMethodAccessorImpl.java:62)<br />
              sun.reflect.DelegatingMethodAccessorImpl.invoke(DelegatingMethodAccessorImpl.java:43)<br />
              java.lang.reflect.Method.invoke(Method.java:498)<br />
              org.testng.internal.MethodInvocationHelper.invokeMethod(MethodInvocationHelper.java:84)<br />
              org.testng.internal.Invoker.invokeMethod(Invoker.java:714)<br />
              org.testng.internal.Invoker.invokeTestMethod(Invoker.java:901)<br />
              org.testng.internal.Invoker.invokeTestMethods(Invoker.java:1231)<br />
              org.testng.internal.TestMethodWorker.invokeTestMethods(TestMethodWorker.java:127)<br />
              org.testng.internal.TestMethodWorker.run(TestMethodWorker.java:111)<br />
              org.testng.TestRunner.privateRun(TestRunner.java:767)<br />
              org.testng.TestRunner.run(TestRunner.java:617)<br />
              org.testng.SuiteRunner.runTest(SuiteRunner.java:348)<br />
              org.testng.SuiteRunner.runSequentially(SuiteRunner.java:343)<br />
              org.testng.SuiteRunner.privateRun(SuiteRunner.java:305)<br />
              org.testng.SuiteRunner.run(SuiteRunner.java:254)<br />
              org.testng.SuiteRunnerWorker.runSuite(SuiteRunnerWorker.java:52)<br />
              org.testng.SuiteRunnerWorker.run(SuiteRunnerWorker.java:86)<br />
              org.testng.TestNG.runSuitesSequentially(TestNG.java:1224)<br />
              org.testng.TestNG.runSuitesLocally(TestNG.java:1149)<br />
              org.testng.TestNG.run(TestNG.java:1057)<br />
              org.apache.maven.surefire.testng.TestNGExecutor.run(TestNGExecutor.java:283)<br />
              org.apache.maven.surefire.testng.TestNGXmlTestSuite.execute(TestNGXmlTestSuite.java:75)<br />
              org.apache.maven.surefire.testng.TestNGProvider.invoke(TestNGProvider.java:120)<br />
              org.apache.maven.surefire.booter.ForkedBooter.invokeProviderInSameClassLoader(ForkedBooter.java:383)<br />
              org.apache.maven.surefire.booter.ForkedBooter.runSuitesInProcess(ForkedBooter.java:344)<br />
              org.apache.maven.surefire.booter.ForkedBooter.execute(ForkedBooter.java:125)<br />
              org.apache.maven.surefire.booter.ForkedBooter.main(ForkedBooter.java:417)<br />
                </div>
      </td>
</tr>
          <tr>
        <td colspan="3" class="group">com.michaels.mobile.test.TC56_PJDPFindItTest</td>
      </tr>
            
<tr>
  <td class="method">
                  tc56_pJDPFindItTest
      </td>
  <td class="duration">
    14.339s
  </td>
  <td class="result">
        
    
            <div class="testOutput">
                        Initiated Method to Verify app guide and land on Home page <br />
                  </div>
    

        <a href="javascript:toggleElement('exception-10', 'block')" title="Click to expand/collapse"><b>java.lang.AssertionError:&nbsp; Unable to Verify App Guide&nbsp; expected [true] but found [false]</b></a><br />
    <div class="stackTrace" id="exception-10">
              org.testng.Assert.fail(Assert.java:94)<br />
              org.testng.Assert.failNotEquals(Assert.java:494)<br />
              org.testng.Assert.assertTrue(Assert.java:42)<br />
              com.michaels.mobile.test.TC56_PJDPFindItTest.tc56_pJDPFindItTest(TC56_PJDPFindItTest.java:42)<br />
              sun.reflect.NativeMethodAccessorImpl.invoke0(Native Method)<br />
              sun.reflect.NativeMethodAccessorImpl.invoke(NativeMethodAccessorImpl.java:62)<br />
              sun.reflect.DelegatingMethodAccessorImpl.invoke(DelegatingMethodAccessorImpl.java:43)<br />
              java.lang.reflect.Method.invoke(Method.java:498)<br />
              org.testng.internal.MethodInvocationHelper.invokeMethod(MethodInvocationHelper.java:84)<br />
              org.testng.internal.Invoker.invokeMethod(Invoker.java:714)<br />
              org.testng.internal.Invoker.invokeTestMethod(Invoker.java:901)<br />
              org.testng.internal.Invoker.invokeTestMethods(Invoker.java:1231)<br />
              org.testng.internal.TestMethodWorker.invokeTestMethods(TestMethodWorker.java:127)<br />
              org.testng.internal.TestMethodWorker.run(TestMethodWorker.java:111)<br />
              org.testng.TestRunner.privateRun(TestRunner.java:767)<br />
              org.testng.TestRunner.run(TestRunner.java:617)<br />
              org.testng.SuiteRunner.runTest(SuiteRunner.java:348)<br />
              org.testng.SuiteRunner.runSequentially(SuiteRunner.java:343)<br />
              org.testng.SuiteRunner.privateRun(SuiteRunner.java:305)<br />
              org.testng.SuiteRunner.run(SuiteRunner.java:254)<br />
              org.testng.SuiteRunnerWorker.runSuite(SuiteRunnerWorker.java:52)<br />
              org.testng.SuiteRunnerWorker.run(SuiteRunnerWorker.java:86)<br />
              org.testng.TestNG.runSuitesSequentially(TestNG.java:1224)<br />
              org.testng.TestNG.runSuitesLocally(TestNG.java:1149)<br />
              org.testng.TestNG.run(TestNG.java:1057)<br />
              org.apache.maven.surefire.testng.TestNGExecutor.run(TestNGExecutor.java:283)<br />
              org.apache.maven.surefire.testng.TestNGXmlTestSuite.execute(TestNGXmlTestSuite.java:75)<br />
              org.apache.maven.surefire.testng.TestNGProvider.invoke(TestNGProvider.java:120)<br />
              org.apache.maven.surefire.booter.ForkedBooter.invokeProviderInSameClassLoader(ForkedBooter.java:383)<br />
              org.apache.maven.surefire.booter.ForkedBooter.runSuitesInProcess(ForkedBooter.java:344)<br />
              org.apache.maven.surefire.booter.ForkedBooter.execute(ForkedBooter.java:125)<br />
              org.apache.maven.surefire.booter.ForkedBooter.main(ForkedBooter.java:417)<br />
                </div>
      </td>
</tr>
          <tr>
        <td colspan="3" class="group">com.michaels.mobile.test.TC58_CouponsListWithoutStoreSetTest</td>
      </tr>
            
<tr>
  <td class="method">
                  tc58_couponsListWithoutStoreSetTest
      </td>
  <td class="duration">
    98.147s
  </td>
  <td class="result">
        
    
            <div class="testOutput">
                        Initiated Method to Verify app guide and land on Home page <br />
                                Element is displayed Successfully*****Located by Locator map: <br/>
- native content: &quot;By.chained({By.id: android:id/button2})&quot; <br/>
- html content: &quot;by id or name &quot;btnDenyLocationAccess&quot;&quot;<br />
                                Element is displayed Successfully*****Located by By.id: flexGuideControl41<br />
                                Element is displayed Successfully*****Located by By.id: flexGuideControl41<br />
                                Element is displayed Successfully*****Located by Locator map: <br/>
- native content: &quot;By.chained({By.xpath: //*[@text=&apos;Deny&apos;]})&quot; <br/>
- html content: &quot;by id or name &quot;btnDeny&quot;&quot;<br />
                                Initiated Method to Click on More Menu <br />
                                Initiated Method to Click on SignIn Button <br />
                                Element is displayed Successfully*****Located by By.id: btnCouponMain<br />
                                Initiated Method to Select Store<br />
                                Element is displayed Successfully*****Located by Locator map: <br/>
- native content: &quot;By.chained({By.id: android:id/button1})&quot; <br/>
- html content: &quot;by id or name &quot;btn_Yes&quot;&quot;<br />
                                Initiated Method to verify Coupons Page <br />
                  </div>
    

        <a href="javascript:toggleElement('exception-11', 'block')" title="Click to expand/collapse"><b>java.lang.AssertionError: ******* Test Case FAILED ******* tc58_couponsListWithoutStoreSetTest expected [true] but found [false]</b></a><br />
    <div class="stackTrace" id="exception-11">
              org.testng.Assert.fail(Assert.java:94)<br />
              org.testng.Assert.failNotEquals(Assert.java:494)<br />
              org.testng.Assert.assertTrue(Assert.java:42)<br />
              com.michaels.mobile.test.DriverTest.failTestCase(DriverTest.java:120)<br />
              com.michaels.mobile.test.TC58_CouponsListWithoutStoreSetTest.tc58_couponsListWithoutStoreSetTest(TC58_CouponsListWithoutStoreSetTest.java:51)<br />
              sun.reflect.NativeMethodAccessorImpl.invoke0(Native Method)<br />
              sun.reflect.NativeMethodAccessorImpl.invoke(NativeMethodAccessorImpl.java:62)<br />
              sun.reflect.DelegatingMethodAccessorImpl.invoke(DelegatingMethodAccessorImpl.java:43)<br />
              java.lang.reflect.Method.invoke(Method.java:498)<br />
              org.testng.internal.MethodInvocationHelper.invokeMethod(MethodInvocationHelper.java:84)<br />
              org.testng.internal.Invoker.invokeMethod(Invoker.java:714)<br />
              org.testng.internal.Invoker.invokeTestMethod(Invoker.java:901)<br />
              org.testng.internal.Invoker.invokeTestMethods(Invoker.java:1231)<br />
              org.testng.internal.TestMethodWorker.invokeTestMethods(TestMethodWorker.java:127)<br />
              org.testng.internal.TestMethodWorker.run(TestMethodWorker.java:111)<br />
              org.testng.TestRunner.privateRun(TestRunner.java:767)<br />
              org.testng.TestRunner.run(TestRunner.java:617)<br />
              org.testng.SuiteRunner.runTest(SuiteRunner.java:348)<br />
              org.testng.SuiteRunner.runSequentially(SuiteRunner.java:343)<br />
              org.testng.SuiteRunner.privateRun(SuiteRunner.java:305)<br />
              org.testng.SuiteRunner.run(SuiteRunner.java:254)<br />
              org.testng.SuiteRunnerWorker.runSuite(SuiteRunnerWorker.java:52)<br />
              org.testng.SuiteRunnerWorker.run(SuiteRunnerWorker.java:86)<br />
              org.testng.TestNG.runSuitesSequentially(TestNG.java:1224)<br />
              org.testng.TestNG.runSuitesLocally(TestNG.java:1149)<br />
              org.testng.TestNG.run(TestNG.java:1057)<br />
              org.apache.maven.surefire.testng.TestNGExecutor.run(TestNGExecutor.java:283)<br />
              org.apache.maven.surefire.testng.TestNGXmlTestSuite.execute(TestNGXmlTestSuite.java:75)<br />
              org.apache.maven.surefire.testng.TestNGProvider.invoke(TestNGProvider.java:120)<br />
              org.apache.maven.surefire.booter.ForkedBooter.invokeProviderInSameClassLoader(ForkedBooter.java:383)<br />
              org.apache.maven.surefire.booter.ForkedBooter.runSuitesInProcess(ForkedBooter.java:344)<br />
              org.apache.maven.surefire.booter.ForkedBooter.execute(ForkedBooter.java:125)<br />
              org.apache.maven.surefire.booter.ForkedBooter.main(ForkedBooter.java:417)<br />
                </div>
      </td>
</tr>
          <tr>
        <td colspan="3" class="group">com.michaels.mobile.test.TC60_CouponsViewRestrictionsTest</td>
      </tr>
            
<tr>
  <td class="method">
                  tc60_couponsViewRestrictionsTest
      </td>
  <td class="duration">
    13.270s
  </td>
  <td class="result">
        
    
            <div class="testOutput">
                        Initiated Method to Verify app guide and land on Home page <br />
                  </div>
    

        <a href="javascript:toggleElement('exception-12', 'block')" title="Click to expand/collapse"><b>java.lang.AssertionError:&nbsp; Unable to Verify App Guide&nbsp; expected [true] but found [false]</b></a><br />
    <div class="stackTrace" id="exception-12">
              org.testng.Assert.fail(Assert.java:94)<br />
              org.testng.Assert.failNotEquals(Assert.java:494)<br />
              org.testng.Assert.assertTrue(Assert.java:42)<br />
              com.michaels.mobile.test.TC60_CouponsViewRestrictionsTest.tc60_couponsViewRestrictionsTest(TC60_CouponsViewRestrictionsTest.java:44)<br />
              sun.reflect.NativeMethodAccessorImpl.invoke0(Native Method)<br />
              sun.reflect.NativeMethodAccessorImpl.invoke(NativeMethodAccessorImpl.java:62)<br />
              sun.reflect.DelegatingMethodAccessorImpl.invoke(DelegatingMethodAccessorImpl.java:43)<br />
              java.lang.reflect.Method.invoke(Method.java:498)<br />
              org.testng.internal.MethodInvocationHelper.invokeMethod(MethodInvocationHelper.java:84)<br />
              org.testng.internal.Invoker.invokeMethod(Invoker.java:714)<br />
              org.testng.internal.Invoker.invokeTestMethod(Invoker.java:901)<br />
              org.testng.internal.Invoker.invokeTestMethods(Invoker.java:1231)<br />
              org.testng.internal.TestMethodWorker.invokeTestMethods(TestMethodWorker.java:127)<br />
              org.testng.internal.TestMethodWorker.run(TestMethodWorker.java:111)<br />
              org.testng.TestRunner.privateRun(TestRunner.java:767)<br />
              org.testng.TestRunner.run(TestRunner.java:617)<br />
              org.testng.SuiteRunner.runTest(SuiteRunner.java:348)<br />
              org.testng.SuiteRunner.runSequentially(SuiteRunner.java:343)<br />
              org.testng.SuiteRunner.privateRun(SuiteRunner.java:305)<br />
              org.testng.SuiteRunner.run(SuiteRunner.java:254)<br />
              org.testng.SuiteRunnerWorker.runSuite(SuiteRunnerWorker.java:52)<br />
              org.testng.SuiteRunnerWorker.run(SuiteRunnerWorker.java:86)<br />
              org.testng.TestNG.runSuitesSequentially(TestNG.java:1224)<br />
              org.testng.TestNG.runSuitesLocally(TestNG.java:1149)<br />
              org.testng.TestNG.run(TestNG.java:1057)<br />
              org.apache.maven.surefire.testng.TestNGExecutor.run(TestNGExecutor.java:283)<br />
              org.apache.maven.surefire.testng.TestNGXmlTestSuite.execute(TestNGXmlTestSuite.java:75)<br />
              org.apache.maven.surefire.testng.TestNGProvider.invoke(TestNGProvider.java:120)<br />
              org.apache.maven.surefire.booter.ForkedBooter.invokeProviderInSameClassLoader(ForkedBooter.java:383)<br />
              org.apache.maven.surefire.booter.ForkedBooter.runSuitesInProcess(ForkedBooter.java:344)<br />
              org.apache.maven.surefire.booter.ForkedBooter.execute(ForkedBooter.java:125)<br />
              org.apache.maven.surefire.booter.ForkedBooter.main(ForkedBooter.java:417)<br />
                </div>
      </td>
</tr>
          <tr>
        <td colspan="3" class="group">com.michaels.mobile.test.TC64_RewardsProfileSetupFromMoreMenuTest</td>
      </tr>
            
<tr>
  <td class="method">
                  tc64_rewardsProfileSetupFromMoreMenuTest
      </td>
  <td class="duration">
    246.124s
  </td>
  <td class="result">
        
    
            <div class="testOutput">
                        Initiated Method to Verify app guide and land on Home page <br />
                                Element is displayed Successfully*****Located by Locator map: <br/>
- native content: &quot;By.chained({By.id: android:id/button2})&quot; <br/>
- html content: &quot;by id or name &quot;btnDenyLocationAccess&quot;&quot;<br />
                                Element is displayed Successfully*****Located by By.id: flexGuideControl41<br />
                                Element is displayed Successfully*****Located by By.id: flexGuideControl41<br />
                                Element is displayed Successfully*****Located by Locator map: <br/>
- native content: &quot;By.chained({By.xpath: //*[@text=&apos;Deny&apos;]})&quot; <br/>
- html content: &quot;by id or name &quot;btnDeny&quot;&quot;<br />
                                Initiated Method to Click on More Menu <br />
                                Initiated Method to Click on SignIn Button <br />
                                Element is displayed Successfully*****Located by By.id: btnSignUp<br />
                                Initiated method to enter details and click on create account <br />
                  </div>
    

        <a href="javascript:toggleElement('exception-13', 'block')" title="Click to expand/collapse"><b>java.lang.AssertionError:&nbsp; Unable to Create Account expected [true] but found [false]</b></a><br />
    <div class="stackTrace" id="exception-13">
              org.testng.Assert.fail(Assert.java:94)<br />
              org.testng.Assert.failNotEquals(Assert.java:494)<br />
              org.testng.Assert.assertTrue(Assert.java:42)<br />
              com.michaels.mobile.test.TC64_RewardsProfileSetupFromMoreMenuTest.tc64_rewardsProfileSetupFromMoreMenuTest(TC64_RewardsProfileSetupFromMoreMenuTest.java:54)<br />
              sun.reflect.NativeMethodAccessorImpl.invoke0(Native Method)<br />
              sun.reflect.NativeMethodAccessorImpl.invoke(NativeMethodAccessorImpl.java:62)<br />
              sun.reflect.DelegatingMethodAccessorImpl.invoke(DelegatingMethodAccessorImpl.java:43)<br />
              java.lang.reflect.Method.invoke(Method.java:498)<br />
              org.testng.internal.MethodInvocationHelper.invokeMethod(MethodInvocationHelper.java:84)<br />
              org.testng.internal.Invoker.invokeMethod(Invoker.java:714)<br />
              org.testng.internal.Invoker.invokeTestMethod(Invoker.java:901)<br />
              org.testng.internal.Invoker.invokeTestMethods(Invoker.java:1231)<br />
              org.testng.internal.TestMethodWorker.invokeTestMethods(TestMethodWorker.java:127)<br />
              org.testng.internal.TestMethodWorker.run(TestMethodWorker.java:111)<br />
              org.testng.TestRunner.privateRun(TestRunner.java:767)<br />
              org.testng.TestRunner.run(TestRunner.java:617)<br />
              org.testng.SuiteRunner.runTest(SuiteRunner.java:348)<br />
              org.testng.SuiteRunner.runSequentially(SuiteRunner.java:343)<br />
              org.testng.SuiteRunner.privateRun(SuiteRunner.java:305)<br />
              org.testng.SuiteRunner.run(SuiteRunner.java:254)<br />
              org.testng.SuiteRunnerWorker.runSuite(SuiteRunnerWorker.java:52)<br />
              org.testng.SuiteRunnerWorker.run(SuiteRunnerWorker.java:86)<br />
              org.testng.TestNG.runSuitesSequentially(TestNG.java:1224)<br />
              org.testng.TestNG.runSuitesLocally(TestNG.java:1149)<br />
              org.testng.TestNG.run(TestNG.java:1057)<br />
              org.apache.maven.surefire.testng.TestNGExecutor.run(TestNGExecutor.java:283)<br />
              org.apache.maven.surefire.testng.TestNGXmlTestSuite.execute(TestNGXmlTestSuite.java:75)<br />
              org.apache.maven.surefire.testng.TestNGProvider.invoke(TestNGProvider.java:120)<br />
              org.apache.maven.surefire.booter.ForkedBooter.invokeProviderInSameClassLoader(ForkedBooter.java:383)<br />
              org.apache.maven.surefire.booter.ForkedBooter.runSuitesInProcess(ForkedBooter.java:344)<br />
              org.apache.maven.surefire.booter.ForkedBooter.execute(ForkedBooter.java:125)<br />
              org.apache.maven.surefire.booter.ForkedBooter.main(ForkedBooter.java:417)<br />
                </div>
      </td>
</tr>
          <tr>
        <td colspan="3" class="group">com.michaels.mobile.test.TC65_RewardsProfileSetUpWithCreateAccountTest</td>
      </tr>
            
<tr>
  <td class="method">
                  tc65_rewardsProfileSetUpWithCreateAccountTest
      </td>
  <td class="duration">
    12.891s
  </td>
  <td class="result">
        
    
            <div class="testOutput">
                        Initiated Method to Verify app guide and land on Home page <br />
                  </div>
    

        <a href="javascript:toggleElement('exception-14', 'block')" title="Click to expand/collapse"><b>java.lang.AssertionError:&nbsp; Unable to Verify App Guide&nbsp; expected [true] but found [false]</b></a><br />
    <div class="stackTrace" id="exception-14">
              org.testng.Assert.fail(Assert.java:94)<br />
              org.testng.Assert.failNotEquals(Assert.java:494)<br />
              org.testng.Assert.assertTrue(Assert.java:42)<br />
              com.michaels.mobile.test.TC65_RewardsProfileSetUpWithCreateAccountTest.tc65_rewardsProfileSetUpWithCreateAccountTest(TC65_RewardsProfileSetUpWithCreateAccountTest.java:47)<br />
              sun.reflect.NativeMethodAccessorImpl.invoke0(Native Method)<br />
              sun.reflect.NativeMethodAccessorImpl.invoke(NativeMethodAccessorImpl.java:62)<br />
              sun.reflect.DelegatingMethodAccessorImpl.invoke(DelegatingMethodAccessorImpl.java:43)<br />
              java.lang.reflect.Method.invoke(Method.java:498)<br />
              org.testng.internal.MethodInvocationHelper.invokeMethod(MethodInvocationHelper.java:84)<br />
              org.testng.internal.Invoker.invokeMethod(Invoker.java:714)<br />
              org.testng.internal.Invoker.invokeTestMethod(Invoker.java:901)<br />
              org.testng.internal.Invoker.invokeTestMethods(Invoker.java:1231)<br />
              org.testng.internal.TestMethodWorker.invokeTestMethods(TestMethodWorker.java:127)<br />
              org.testng.internal.TestMethodWorker.run(TestMethodWorker.java:111)<br />
              org.testng.TestRunner.privateRun(TestRunner.java:767)<br />
              org.testng.TestRunner.run(TestRunner.java:617)<br />
              org.testng.SuiteRunner.runTest(SuiteRunner.java:348)<br />
              org.testng.SuiteRunner.runSequentially(SuiteRunner.java:343)<br />
              org.testng.SuiteRunner.privateRun(SuiteRunner.java:305)<br />
              org.testng.SuiteRunner.run(SuiteRunner.java:254)<br />
              org.testng.SuiteRunnerWorker.runSuite(SuiteRunnerWorker.java:52)<br />
              org.testng.SuiteRunnerWorker.run(SuiteRunnerWorker.java:86)<br />
              org.testng.TestNG.runSuitesSequentially(TestNG.java:1224)<br />
              org.testng.TestNG.runSuitesLocally(TestNG.java:1149)<br />
              org.testng.TestNG.run(TestNG.java:1057)<br />
              org.apache.maven.surefire.testng.TestNGExecutor.run(TestNGExecutor.java:283)<br />
              org.apache.maven.surefire.testng.TestNGXmlTestSuite.execute(TestNGXmlTestSuite.java:75)<br />
              org.apache.maven.surefire.testng.TestNGProvider.invoke(TestNGProvider.java:120)<br />
              org.apache.maven.surefire.booter.ForkedBooter.invokeProviderInSameClassLoader(ForkedBooter.java:383)<br />
              org.apache.maven.surefire.booter.ForkedBooter.runSuitesInProcess(ForkedBooter.java:344)<br />
              org.apache.maven.surefire.booter.ForkedBooter.execute(ForkedBooter.java:125)<br />
              org.apache.maven.surefire.booter.ForkedBooter.main(ForkedBooter.java:417)<br />
                </div>
      </td>
</tr>
      </table>


  <table class="resultsTable">
    <tr><th colspan="3" class="header passed">Passed Tests</th></tr>
          <tr>
        <td colspan="3" class="group">com.michaels.mobile.test.TC01_AppGuideTest</td>
      </tr>
            
<tr>
  <td class="method">
                  tC01_appGuideTest
      </td>
  <td class="duration">
    42.791s
  </td>
  <td class="result">
        
    
            <div class="testOutput">
                        Initiated Method to Verify app guide and land on Home page <br />
                                Element is displayed Successfully*****Located by Locator map: <br/>
- native content: &quot;By.chained({By.id: android:id/button2})&quot; <br/>
- html content: &quot;by id or name &quot;btnDenyLocationAccess&quot;&quot;<br />
                                Element is displayed Successfully*****Located by By.id: flexGuideControl41<br />
                                Element is displayed Successfully*****Located by By.id: flexGuideControl41<br />
                                Element is displayed Successfully*****Located by Locator map: <br/>
- native content: &quot;By.chained({By.xpath: //*[@text=&apos;Deny&apos;]})&quot; <br/>
- html content: &quot;by id or name &quot;btnDeny&quot;&quot;<br />
                                ******* Test Case PASSED ******* tC01_appGuideTest<br />
                                ******* Test Case PASSED ******* tC01_appGuideTest<br />
                  </div>
    

      </td>
</tr>
          <tr>
        <td colspan="3" class="group">com.michaels.mobile.test.TC02_HomePageTest</td>
      </tr>
            
<tr>
  <td class="method">
                  tc02_homePageTest
      </td>
  <td class="duration">
    12.592s
  </td>
  <td class="result">
        
    
        

      </td>
</tr>
          <tr>
        <td colspan="3" class="group">com.michaels.mobile.test.TC03_AppGuideSignInTest</td>
      </tr>
            
<tr>
  <td class="method">
                  tc03_appGuideSignInTest
      </td>
  <td class="duration">
    77.719s
  </td>
  <td class="result">
        
    
            <div class="testOutput">
                        Intitaited method to Click on Sigin in On App guide page<br />
                                Element is displayed Successfully*****Located by Locator map: <br/>
- native content: &quot;By.chained({By.id: android:id/button2})&quot; <br/>
- html content: &quot;by id or name &quot;btnDenyLocationAccess&quot;&quot;<br />
                                Element is displayed Successfully*****Located by By.id: flexGuideControl41<br />
                                Element is displayed Successfully*****Located by By.id: flexGuideControl41<br />
                                Element is displayed Successfully*****Located by Locator map: <br/>
- native content: &quot;By.chained({By.xpath: //*[@text=&apos;Deny&apos;]})&quot; <br/>
- html content: &quot;by id or name &quot;btnDeny&quot;&quot;<br />
                                Element is displayed Successfully*****Located by Locator map: <br/>
- native content: &quot;By.chained({By.xpath: //*[@text=&apos;Youre logged in now.&apos;]})&quot; <br/>
- html content: &quot;by id or name &quot;txt_loginSuccess&quot;&quot;<br />
                                ******* Test Case PASSED ******* tc03_appGuideSignInTest<br />
                                ******* Test Case PASSED ******* tc03_appGuideSignInTest<br />
                  </div>
    

      </td>
</tr>
          <tr>
        <td colspan="3" class="group">com.michaels.mobile.test.TC04_CreateAccountAppGuideTest</td>
      </tr>
            
<tr>
  <td class="method">
                  tc04_createAccountAppGuideTest
      </td>
  <td class="duration">
    141.046s
  </td>
  <td class="result">
        
    
            <div class="testOutput">
                        Initiated Method to Click on Sign Up button on App guide Page <br />
                                Element is displayed Successfully*****Located by Locator map: <br/>
- native content: &quot;By.chained({By.id: android:id/button2})&quot; <br/>
- html content: &quot;by id or name &quot;btnDenyLocationAccess&quot;&quot;<br />
                                Element is displayed Successfully*****Located by By.id: flexGuideControl41<br />
                                Element is displayed Successfully*****Located by By.id: flexGuideControl41<br />
                                Element is displayed Successfully*****Located by Locator map: <br/>
- native content: &quot;By.chained({By.xpath: //*[@text=&apos;Deny&apos;]})&quot; <br/>
- html content: &quot;by id or name &quot;btnDeny&quot;&quot;<br />
                                Initiated method to enter details and click on create account <br />
                                Element is displayed Successfully*****Located by By.id: btnYes<br />
                                Element is displayed Successfully*****Located by By.id: btnNotRightNow<br />
                                ******* Test Case PASSED ******* tc04_createAccountAppGuideTest<br />
                                ******* Test Case PASSED ******* tc04_createAccountAppGuideTest<br />
                  </div>
    

      </td>
</tr>
          <tr>
        <td colspan="3" class="group">com.michaels.mobile.test.TC05_CreateAccountSignInTest</td>
      </tr>
            
<tr>
  <td class="method">
                  tc05_createAccountSignInTest
      </td>
  <td class="duration">
    152.540s
  </td>
  <td class="result">
        
    
            <div class="testOutput">
                        Initiated Method to Verify app guide and land on Home page <br />
                                Element is displayed Successfully*****Located by Locator map: <br/>
- native content: &quot;By.chained({By.id: android:id/button2})&quot; <br/>
- html content: &quot;by id or name &quot;btnDenyLocationAccess&quot;&quot;<br />
                                Element is displayed Successfully*****Located by By.id: flexGuideControl41<br />
                                Element is displayed Successfully*****Located by By.id: flexGuideControl41<br />
                                Element is displayed Successfully*****Located by Locator map: <br/>
- native content: &quot;By.chained({By.xpath: //*[@text=&apos;Deny&apos;]})&quot; <br/>
- html content: &quot;by id or name &quot;btnDeny&quot;&quot;<br />
                                Initiated Method to Click on More Menu <br />
                                Initiated Method to Click on SignIn Button <br />
                                Element is displayed Successfully*****Located by By.id: btnSignIn<br />
                                Initiated Method to Click on Create Account <br />
                                Initiated method to enter details and click on create account <br />
                                Element is displayed Successfully*****Located by By.id: btnYes<br />
                                Element is displayed Successfully*****Located by By.id: btnNotRightNow<br />
                                ******* Test Case PASSED ******* tc05_createAccountSignInTest<br />
                                ******* Test Case PASSED ******* tc05_createAccountSignInTest<br />
                  </div>
    

      </td>
</tr>
          <tr>
        <td colspan="3" class="group">com.michaels.mobile.test.TC06_TC07_HomeTileClickTest</td>
      </tr>
            
<tr>
  <td class="method">
                  tc06_tc07_homeTileClickTest
      </td>
  <td class="duration">
    88.697s
  </td>
  <td class="result">
        
    
            <div class="testOutput">
                        Initiated Method to Verify app guide and land on Home page <br />
                                Element is displayed Successfully*****Located by Locator map: <br/>
- native content: &quot;By.chained({By.id: android:id/button2})&quot; <br/>
- html content: &quot;by id or name &quot;btnDenyLocationAccess&quot;&quot;<br />
                                Element is displayed Successfully*****Located by By.id: flexGuideControl41<br />
                                Element is displayed Successfully*****Located by By.id: flexGuideControl41<br />
                                Element is displayed Successfully*****Located by Locator map: <br/>
- native content: &quot;By.chained({By.xpath: //*[@text=&apos;Deny&apos;]})&quot; <br/>
- html content: &quot;by id or name &quot;btnDeny&quot;&quot;<br />
                                Initiated Method to Verify Tile navigation <br />
                                Element is displayed Successfully*****Located by Locator map: <br/>
- native content: &quot;By.chained({By.id: android:id/button1})&quot; <br/>
- html content: &quot;by id or name &quot;btn_Yes&quot;&quot;<br />
                                Initiated Method to Select Store<br />
                                Element is displayed Successfully*****Located by Locator map: <br/>
- native content: &quot;By.chained({By.id: android:id/button1})&quot; <br/>
- html content: &quot;by id or name &quot;btn_Yes&quot;&quot;<br />
                                ******* Test Case PASSED ******* tc06_tc07_homeTileClickTest<br />
                                ******* Test Case PASSED ******* tc06_tc07_homeTileClickTest<br />
                  </div>
    

      </td>
</tr>
          <tr>
        <td colspan="3" class="group">com.michaels.mobile.test.TC08_HomePageCarouselTest</td>
      </tr>
            
<tr>
  <td class="method">
                  tc08_homePageCarouselTest
      </td>
  <td class="duration">
    46.167s
  </td>
  <td class="result">
        
    
            <div class="testOutput">
                        Initiated Method to Verify app guide and land on Home page <br />
                                Element is displayed Successfully*****Located by Locator map: <br/>
- native content: &quot;By.chained({By.id: android:id/button2})&quot; <br/>
- html content: &quot;by id or name &quot;btnDenyLocationAccess&quot;&quot;<br />
                                Element is displayed Successfully*****Located by By.id: flexGuideControl41<br />
                                Element is displayed Successfully*****Located by By.id: flexGuideControl41<br />
                                Element is displayed Successfully*****Located by Locator map: <br/>
- native content: &quot;By.chained({By.xpath: //*[@text=&apos;Deny&apos;]})&quot; <br/>
- html content: &quot;by id or name &quot;btnDeny&quot;&quot;<br />
                                Initiated Method to Verify Carousel <br />
                                Element is displayed Successfully*****Located by By.id: flexCarouselContainer<br />
                                ******* Test Case PASSED ******* tc08_homePageCarouselTest<br />
                                ******* Test Case PASSED ******* tc08_homePageCarouselTest<br />
                  </div>
    

      </td>
</tr>
          <tr>
        <td colspan="3" class="group">com.michaels.mobile.test.TC11_SetFavouriteStoreUsingZipCodeTest</td>
      </tr>
            
<tr>
  <td class="method">
                  tc11_setFavouriteStoreUsingZipCodeTest
      </td>
  <td class="duration">
    106.912s
  </td>
  <td class="result">
        
    
            <div class="testOutput">
                        Initiated Method to Verify app guide and land on Home page <br />
                                Element is displayed Successfully*****Located by Locator map: <br/>
- native content: &quot;By.chained({By.id: android:id/button2})&quot; <br/>
- html content: &quot;by id or name &quot;btnDenyLocationAccess&quot;&quot;<br />
                                Element is displayed Successfully*****Located by By.id: flexGuideControl41<br />
                                Element is displayed Successfully*****Located by By.id: flexGuideControl41<br />
                                Element is displayed Successfully*****Located by Locator map: <br/>
- native content: &quot;By.chained({By.xpath: //*[@text=&apos;Deny&apos;]})&quot; <br/>
- html content: &quot;by id or name &quot;btnDeny&quot;&quot;<br />
                                Initiated Method to Set Favourite Store <br />
                                Element is displayed Successfully*****Located by By.id: btnChooseStore<br />
                                Initiated Method to Select Store<br />
                                Element is displayed Successfully*****Located by By.id: lblChevron<br />
                                ******* Test Case PASSED ******* tc11_setFavouriteStoreUsingZipCodeTest<br />
                                ******* Test Case PASSED ******* tc11_setFavouriteStoreUsingZipCodeTest<br />
                  </div>
    

      </td>
</tr>
          <tr>
        <td colspan="3" class="group">com.michaels.mobile.test.TC12_SetFavouriteStoreUsingAddressTest</td>
      </tr>
            
<tr>
  <td class="method">
                  tc12_setFavouriteStoreUsingAddressTest
      </td>
  <td class="duration">
    107.408s
  </td>
  <td class="result">
        
    
            <div class="testOutput">
                        Initiated Method to Verify app guide and land on Home page <br />
                                Element is displayed Successfully*****Located by Locator map: <br/>
- native content: &quot;By.chained({By.id: android:id/button2})&quot; <br/>
- html content: &quot;by id or name &quot;btnDenyLocationAccess&quot;&quot;<br />
                                Element is displayed Successfully*****Located by By.id: flexGuideControl41<br />
                                Element is displayed Successfully*****Located by By.id: flexGuideControl41<br />
                                Element is displayed Successfully*****Located by Locator map: <br/>
- native content: &quot;By.chained({By.xpath: //*[@text=&apos;Deny&apos;]})&quot; <br/>
- html content: &quot;by id or name &quot;btnDeny&quot;&quot;<br />
                                Initiated Method to Set Favourite Store <br />
                                Element is displayed Successfully*****Located by By.id: btnChooseStore<br />
                                Initiated Method to Select Store<br />
                                Element is displayed Successfully*****Located by By.id: lblChevron<br />
                                ******* Test Case PASSED ******* tc12_setFavouriteStoreUsingAddressTest<br />
                                ******* Test Case PASSED ******* tc12_setFavouriteStoreUsingAddressTest<br />
                  </div>
    

      </td>
</tr>
          <tr>
        <td colspan="3" class="group">com.michaels.mobile.test.TC13_ChangeFavouriteStoreTest</td>
      </tr>
            
<tr>
  <td class="method">
                  tc13_changeFavouriteStoreTest
      </td>
  <td class="duration">
    169.399s
  </td>
  <td class="result">
        
    
            <div class="testOutput">
                        Initiated Method to Verify app guide and land on Home page <br />
                                Element is displayed Successfully*****Located by Locator map: <br/>
- native content: &quot;By.chained({By.id: android:id/button2})&quot; <br/>
- html content: &quot;by id or name &quot;btnDenyLocationAccess&quot;&quot;<br />
                                Element is displayed Successfully*****Located by By.id: flexGuideControl41<br />
                                Element is displayed Successfully*****Located by By.id: flexGuideControl41<br />
                                Element is displayed Successfully*****Located by Locator map: <br/>
- native content: &quot;By.chained({By.xpath: //*[@text=&apos;Deny&apos;]})&quot; <br/>
- html content: &quot;by id or name &quot;btnDeny&quot;&quot;<br />
                                Initiated Method to Set Favourite Store <br />
                                Element is displayed Successfully*****Located by By.id: btnChooseStore<br />
                                Initiated Method to Select Store<br />
                                Element is displayed Successfully*****Located by By.id: lblChevron<br />
                                Initiated Method to Change Favourite Store <br />
                                Element is displayed Successfully*****Located by By.id: btnChangeStore<br />
                                Initiated Method to Select Store<br />
                                Element is displayed Successfully*****Located by By.id: lblChevron<br />
                                ******* Test Case PASSED ******* tc13_changeFavouriteStoreTest<br />
                                ******* Test Case PASSED ******* tc13_changeFavouriteStoreTest<br />
                  </div>
    

      </td>
</tr>
          <tr>
        <td colspan="3" class="group">com.michaels.mobile.test.TC14_RemoveFavouriteStoreTest</td>
      </tr>
            
<tr>
  <td class="method">
                  tc14_removeFavouriteStoreTest
      </td>
  <td class="duration">
    114.836s
  </td>
  <td class="result">
        
    
            <div class="testOutput">
                        Initiated Method to Verify app guide and land on Home page <br />
                                Element is displayed Successfully*****Located by Locator map: <br/>
- native content: &quot;By.chained({By.id: android:id/button2})&quot; <br/>
- html content: &quot;by id or name &quot;btnDenyLocationAccess&quot;&quot;<br />
                                Element is displayed Successfully*****Located by By.id: flexGuideControl41<br />
                                Element is displayed Successfully*****Located by By.id: flexGuideControl41<br />
                                Element is displayed Successfully*****Located by Locator map: <br/>
- native content: &quot;By.chained({By.xpath: //*[@text=&apos;Deny&apos;]})&quot; <br/>
- html content: &quot;by id or name &quot;btnDeny&quot;&quot;<br />
                                Initiated Method to Set Favourite Store <br />
                                Element is displayed Successfully*****Located by By.id: btnChooseStore<br />
                                Initiated Method to Select Store<br />
                                Element is displayed Successfully*****Located by By.id: lblChevron<br />
                                Initiated Method to Remove Favourite Store <br />
                                Element is displayed Successfully*****Located by By.id: btnChangeStore<br />
                                Element is displayed Successfully*****Located by By.id: btnChooseStore<br />
                                ******* Test Case PASSED ******* tc14_removeFavouriteStoreTest<br />
                                ******* Test Case PASSED ******* tc14_removeFavouriteStoreTest<br />
                  </div>
    

      </td>
</tr>
          <tr>
        <td colspan="3" class="group">com.michaels.mobile.test.TC16_StoreMapTest</td>
      </tr>
            
<tr>
  <td class="method">
                  tc16_storeMapTest
      </td>
  <td class="duration">
    111.740s
  </td>
  <td class="result">
        
    
            <div class="testOutput">
                        Initiated Method to Verify app guide and land on Home page <br />
                                Element is displayed Successfully*****Located by Locator map: <br/>
- native content: &quot;By.chained({By.id: android:id/button2})&quot; <br/>
- html content: &quot;by id or name &quot;btnDenyLocationAccess&quot;&quot;<br />
                                Element is displayed Successfully*****Located by By.id: flexGuideControl41<br />
                                Element is displayed Successfully*****Located by By.id: flexGuideControl41<br />
                                Element is displayed Successfully*****Located by Locator map: <br/>
- native content: &quot;By.chained({By.xpath: //*[@text=&apos;Deny&apos;]})&quot; <br/>
- html content: &quot;by id or name &quot;btnDeny&quot;&quot;<br />
                                Initiated Method to Set Favourite Store <br />
                                Element is displayed Successfully*****Located by By.id: btnChooseStore<br />
                                Initiated Method to Select Store<br />
                                Element is displayed Successfully*****Located by By.id: lblChevron<br />
                                Element is displayed Successfully*****Located by By.id: btnStoreMap<br />
                                Element is displayed Successfully*****Located by Locator map: <br/>
- native content: &quot;By.chained({By.className: android.webkit.WebView})&quot; <br/>
- html content: &quot;by id or name &quot;androidWebView&quot;&quot;<br />
                                Element is displayed Successfully*****Located by By.id: btnDepartments<br />
                                Element is displayed Successfully*****Located by By.id: btnAisles<br />
                                ******* Test Case PASSED ******* tc16_storeMapTest<br />
                                ******* Test Case PASSED ******* tc16_storeMapTest<br />
                  </div>
    

      </td>
</tr>
          <tr>
        <td colspan="3" class="group">com.michaels.mobile.test.TC17_ProductWayFindingTest</td>
      </tr>
            
<tr>
  <td class="method">
                  tc17_productWayFindingTest
      </td>
  <td class="duration">
    133.571s
  </td>
  <td class="result">
        
    
            <div class="testOutput">
                        Initiated Method to Verify app guide and land on Home page <br />
                                Element is displayed Successfully*****Located by Locator map: <br/>
- native content: &quot;By.chained({By.id: android:id/button2})&quot; <br/>
- html content: &quot;by id or name &quot;btnDenyLocationAccess&quot;&quot;<br />
                                Element is displayed Successfully*****Located by By.id: flexGuideControl41<br />
                                Element is displayed Successfully*****Located by By.id: flexGuideControl41<br />
                                Element is displayed Successfully*****Located by Locator map: <br/>
- native content: &quot;By.chained({By.xpath: //*[@text=&apos;Deny&apos;]})&quot; <br/>
- html content: &quot;by id or name &quot;btnDeny&quot;&quot;<br />
                                Initiated Method to Set Favourite Store <br />
                                Element is displayed Successfully*****Located by By.id: btnChooseStore<br />
                                Initiated Method to Select Store<br />
                                Element is displayed Successfully*****Located by By.id: lblChevron<br />
                                Initiated Method to Click on Shop Menu <br />
                                Initiated Method to Click on Shop Menu <br />
                                 Initiated Method to Verify products Page <br />
                                Element is displayed Successfully*****Located by By.id: frmProducts<br />
                                Products Page is displayed<br />
                                Aisle info not available<br />
                                ******* Test Case PASSED ******* tc17_productWayFindingTest<br />
                                ******* Test Case PASSED ******* tc17_productWayFindingTest<br />
                  </div>
    

      </td>
</tr>
          <tr>
        <td colspan="3" class="group">com.michaels.mobile.test.TC18_ProductsListPageTest</td>
      </tr>
            
<tr>
  <td class="method">
                  tc18_productsListPageTest
      </td>
  <td class="duration">
    77.435s
  </td>
  <td class="result">
        
    
            <div class="testOutput">
                        Initiated Method to Verify app guide and land on Home page <br />
                                Element is displayed Successfully*****Located by Locator map: <br/>
- native content: &quot;By.chained({By.id: android:id/button2})&quot; <br/>
- html content: &quot;by id or name &quot;btnDenyLocationAccess&quot;&quot;<br />
                                Element is displayed Successfully*****Located by By.id: flexGuideControl41<br />
                                Element is displayed Successfully*****Located by By.id: flexGuideControl41<br />
                                Element is displayed Successfully*****Located by Locator map: <br/>
- native content: &quot;By.chained({By.xpath: //*[@text=&apos;Deny&apos;]})&quot; <br/>
- html content: &quot;by id or name &quot;btnDeny&quot;&quot;<br />
                                Initiated Method to Click on Shop Menu <br />
                                Initiated Method to Click on Shop Menu <br />
                                 Initiated Method to Verify products Page <br />
                                Element is displayed Successfully*****Located by By.id: frmProducts<br />
                                Products Page is displayed<br />
                                Element is displayed Successfully*****Located by By.id: frmProductsList<br />
                                ******* Test Case PASSED ******* tc18_productsListPageTest<br />
                                ******* Test Case PASSED ******* tc18_productsListPageTest<br />
                  </div>
    

      </td>
</tr>
          <tr>
        <td colspan="3" class="group">com.michaels.mobile.test.TC19_ProductsListPageScrollTest</td>
      </tr>
            
<tr>
  <td class="method">
                  tc19_productsListPageScrollTest
      </td>
  <td class="duration">
    76.071s
  </td>
  <td class="result">
        
    
            <div class="testOutput">
                        Initiated Method to Verify app guide and land on Home page <br />
                                Element is displayed Successfully*****Located by Locator map: <br/>
- native content: &quot;By.chained({By.id: android:id/button2})&quot; <br/>
- html content: &quot;by id or name &quot;btnDenyLocationAccess&quot;&quot;<br />
                                Element is displayed Successfully*****Located by By.id: flexGuideControl41<br />
                                Element is displayed Successfully*****Located by By.id: flexGuideControl41<br />
                                Element is displayed Successfully*****Located by Locator map: <br/>
- native content: &quot;By.chained({By.xpath: //*[@text=&apos;Deny&apos;]})&quot; <br/>
- html content: &quot;by id or name &quot;btnDeny&quot;&quot;<br />
                                Initiated Method to Click on Shop Menu <br />
                                Initiated Method to Click on Shop Menu <br />
                                 Initiated Method to Verify products Page <br />
                                Element is displayed Successfully*****Located by By.id: frmProducts<br />
                                Products Page is displayed<br />
                                Element is displayed Successfully*****Located by By.id: frmProductsList<br />
                                Element is displayed Successfully*****Located by By.id: frmProductsList<br />
                                ******* Test Case PASSED ******* tc19_productsListPageScrollTest<br />
                                ******* Test Case PASSED ******* tc19_productsListPageScrollTest<br />
                  </div>
    

      </td>
</tr>
          <tr>
        <td colspan="3" class="group">com.michaels.mobile.test.TC21_CouponsSignInTest</td>
      </tr>
            
<tr>
  <td class="method">
                  tc21_couponsSignInTest
      </td>
  <td class="duration">
    113.653s
  </td>
  <td class="result">
        
    
            <div class="testOutput">
                        Initiated Method to Verify app guide and land on Home page <br />
                                Element is displayed Successfully*****Located by Locator map: <br/>
- native content: &quot;By.chained({By.id: android:id/button2})&quot; <br/>
- html content: &quot;by id or name &quot;btnDenyLocationAccess&quot;&quot;<br />
                                Element is displayed Successfully*****Located by By.id: flexGuideControl41<br />
                                Element is displayed Successfully*****Located by By.id: flexGuideControl41<br />
                                Element is displayed Successfully*****Located by Locator map: <br/>
- native content: &quot;By.chained({By.xpath: //*[@text=&apos;Deny&apos;]})&quot; <br/>
- html content: &quot;by id or name &quot;btnDeny&quot;&quot;<br />
                                Initiated Method to Click on More Menu <br />
                                Initiated Method to Click on SignIn Button <br />
                                Element is displayed Successfully*****Located by By.id: btnSignIn<br />
                                Element is displayed Successfully*****Located by Locator map: <br/>
- native content: &quot;By.chained({By.xpath: //*[@text=&apos;Youre logged in now.&apos;]})&quot; <br/>
- html content: &quot;by id or name &quot;txt_loginSuccess&quot;&quot;<br />
                                Initiated Method to Click on SignIn Button <br />
                                Element is displayed Successfully*****Located by By.id: btnCouponMain<br />
                                Initiated Method to Select Store<br />
                                Element is displayed Successfully*****Located by Locator map: <br/>
- native content: &quot;By.chained({By.id: android:id/button1})&quot; <br/>
- html content: &quot;by id or name &quot;btn_Yes&quot;&quot;<br />
                                Initiated Method to verify Coupons Page <br />
                                Element is displayed Successfully*****Located by By.id: lblCouponTitle<br />
                                ******* Test Case PASSED ******* tc21_couponsSignInTest<br />
                                ******* Test Case PASSED ******* tc21_couponsSignInTest<br />
                  </div>
    

      </td>
</tr>
          <tr>
        <td colspan="3" class="group">com.michaels.mobile.test.TC22_ProductAddToMyListTest</td>
      </tr>
            
<tr>
  <td class="method">
                  tc22_productAddToMyListTest
      </td>
  <td class="duration">
    143.707s
  </td>
  <td class="result">
        
    
            <div class="testOutput">
                        Initiated Method to Verify app guide and land on Home page <br />
                                Element is displayed Successfully*****Located by Locator map: <br/>
- native content: &quot;By.chained({By.id: android:id/button2})&quot; <br/>
- html content: &quot;by id or name &quot;btnDenyLocationAccess&quot;&quot;<br />
                                Element is displayed Successfully*****Located by By.id: flexGuideControl41<br />
                                Element is displayed Successfully*****Located by By.id: flexGuideControl41<br />
                                Element is displayed Successfully*****Located by Locator map: <br/>
- native content: &quot;By.chained({By.xpath: //*[@text=&apos;Deny&apos;]})&quot; <br/>
- html content: &quot;by id or name &quot;btnDeny&quot;&quot;<br />
                                Initiated Method to Click on More Menu <br />
                                Initiated Method to Click on SignIn Button <br />
                                Element is displayed Successfully*****Located by By.id: btnSignIn<br />
                                Element is displayed Successfully*****Located by Locator map: <br/>
- native content: &quot;By.chained({By.xpath: //*[@text=&apos;Youre logged in now.&apos;]})&quot; <br/>
- html content: &quot;by id or name &quot;txt_loginSuccess&quot;&quot;<br />
                                Initiated Method to Click on Shop Menu <br />
                                Initiated Method to Click on Shop Menu <br />
                                Initiated Method to verify product details page <br />
                                 Initiated Method to Verify products Page <br />
                                Element is displayed Successfully*****Located by By.id: frmProducts<br />
                                Products Page is displayed<br />
                                Element is displayed Successfully*****Located by By.id: frmProductsList<br />
                                Element is displayed Successfully*****Located by By.id: flxProductDetails1<br />
                                ******* Test Case PASSED ******* tc22_productAddToMyListTest<br />
                                ******* Test Case PASSED ******* tc22_productAddToMyListTest<br />
                  </div>
    

      </td>
</tr>
          <tr>
        <td colspan="3" class="group">com.michaels.mobile.test.TC23_ProductAddToMyListNotSignedInTest</td>
      </tr>
            
<tr>
  <td class="method">
                  tc23_productAddToMyListNotSignedInTest
      </td>
  <td class="duration">
    132.341s
  </td>
  <td class="result">
        
    
            <div class="testOutput">
                        Initiated Method to Verify app guide and land on Home page <br />
                                Element is displayed Successfully*****Located by Locator map: <br/>
- native content: &quot;By.chained({By.id: android:id/button2})&quot; <br/>
- html content: &quot;by id or name &quot;btnDenyLocationAccess&quot;&quot;<br />
                                Element is displayed Successfully*****Located by By.id: flexGuideControl41<br />
                                Element is displayed Successfully*****Located by By.id: flexGuideControl41<br />
                                Element is displayed Successfully*****Located by Locator map: <br/>
- native content: &quot;By.chained({By.xpath: //*[@text=&apos;Deny&apos;]})&quot; <br/>
- html content: &quot;by id or name &quot;btnDeny&quot;&quot;<br />
                                Initiated Method to Click on Shop Menu <br />
                                Initiated Method to Click on Shop Menu <br />
                                Initiated Method to verify product details page <br />
                                 Initiated Method to Verify products Page <br />
                                Element is displayed Successfully*****Located by By.id: frmProducts<br />
                                Products Page is displayed<br />
                                Element is displayed Successfully*****Located by By.id: frmProductsList<br />
                                Element is displayed Successfully*****Located by By.id: flxProductDetails1<br />
                                Element is displayed Successfully*****Located by Locator map: <br/>
- native content: &quot;By.chained({By.xpath: //*[@text=&apos;Youre logged in now.&apos;]})&quot; <br/>
- html content: &quot;by id or name &quot;txt_loginSuccess&quot;&quot;<br />
                                ******* Test Case PASSED ******* tc23_productAddToMyListNotSignedInTest<br />
                                ******* Test Case PASSED ******* tc23_productAddToMyListNotSignedInTest<br />
                  </div>
    

      </td>
</tr>
          <tr>
        <td colspan="3" class="group">com.michaels.mobile.test.TC24_ProductBuyOnlineTest</td>
      </tr>
            
<tr>
  <td class="method">
                  tc24_productBuyOnlineTest
      </td>
  <td class="duration">
    85.987s
  </td>
  <td class="result">
        
    
            <div class="testOutput">
                        Initiated Method to Verify app guide and land on Home page <br />
                                Element is displayed Successfully*****Located by Locator map: <br/>
- native content: &quot;By.chained({By.id: android:id/button2})&quot; <br/>
- html content: &quot;by id or name &quot;btnDenyLocationAccess&quot;&quot;<br />
                                Element is displayed Successfully*****Located by By.id: flexGuideControl41<br />
                                Element is displayed Successfully*****Located by By.id: flexGuideControl41<br />
                                Element is displayed Successfully*****Located by Locator map: <br/>
- native content: &quot;By.chained({By.xpath: //*[@text=&apos;Deny&apos;]})&quot; <br/>
- html content: &quot;by id or name &quot;btnDeny&quot;&quot;<br />
                                Initiated Method to Click on Shop Menu <br />
                                Initiated Method to Click on Shop Menu <br />
                                Initiated Method to verify product details page <br />
                                 Initiated Method to Verify products Page <br />
                                Element is displayed Successfully*****Located by By.id: frmProducts<br />
                                Products Page is displayed<br />
                                Element is displayed Successfully*****Located by By.id: frmProductsList<br />
                                Element is displayed Successfully*****Located by By.id: flxProductDetails1<br />
                                Element is displayed Successfully*****Located by Locator map: <br/>
- native content: &quot;By.chained({By.className: android.webkit.WebView})&quot; <br/>
- html content: &quot;by id or name &quot;androidWebView&quot;&quot;<br />
                                ******* Test Case PASSED ******* tc24_productBuyOnlineTest<br />
                                ******* Test Case PASSED ******* tc24_productBuyOnlineTest<br />
                  </div>
    

      </td>
</tr>
          <tr>
        <td colspan="3" class="group">com.michaels.mobile.test.TC27_ShowMoreUpto15ProductsTest</td>
      </tr>
            
<tr>
  <td class="method">
                  tc27_showMoreUpto15ProductsTest
      </td>
  <td class="duration">
    137.598s
  </td>
  <td class="result">
        
    
            <div class="testOutput">
                        Initiated Method to Verify app guide and land on Home page <br />
                                Element is displayed Successfully*****Located by Locator map: <br/>
- native content: &quot;By.chained({By.id: android:id/button2})&quot; <br/>
- html content: &quot;by id or name &quot;btnDenyLocationAccess&quot;&quot;<br />
                                Element is displayed Successfully*****Located by By.id: flexGuideControl41<br />
                                Element is displayed Successfully*****Located by By.id: flexGuideControl41<br />
                                Element is displayed Successfully*****Located by Locator map: <br/>
- native content: &quot;By.chained({By.xpath: //*[@text=&apos;Deny&apos;]})&quot; <br/>
- html content: &quot;by id or name &quot;btnDeny&quot;&quot;<br />
                                Initiated Method to Click on Shop Menu <br />
                                Initiated Method to Click on Shop Menu <br />
                                Initiated Method to verify product details page <br />
                                 Initiated Method to Verify products Page <br />
                                Element is displayed Successfully*****Located by By.id: frmProducts<br />
                                Products Page is displayed<br />
                                Element is displayed Successfully*****Located by By.id: frmProductsList<br />
                                Element is displayed Successfully*****Located by By.id: flxProductDetails1<br />
                                Intiated method for finding Text presence....<br />
                                Intiated Method to Find the Text...SHOW MORE<br />
                                Unable to find the text<br />
                                Intiated Method to Find the Text...SHOW MORE<br />
                                Unable to find the text<br />
                                Intiated Method to Find the Text...SHOW MORE<br />
                                Unable to find the text<br />
                                Intiated Method to Find the Text...SHOW MORE<br />
                                Unable to find the text<br />
                                Intiated Method to Find the Text...SHOW MORE<br />
                                Got the Required Text :SHOW MORE<br />
                                Element is displayed Successfully*****Located by By.id: ShowMoreProducts<br />
                                Intiated method for finding Text presence....<br />
                                Intiated Method to Find the Text...SHOW MORE<br />
                                Got the Required Text :SHOW MORE<br />
                                Element is displayed Successfully*****Located by By.id: ShowMoreProducts<br />
                                Intiated method for finding Text presence....<br />
                                Intiated Method to Find the Text...SHOW MORE<br />
                                Got the Required Text :SHOW MORE<br />
                                Element is displayed Successfully*****Located by By.id: ShowMoreProducts<br />
                                Intiated method for finding Text presence....<br />
                                Intiated Method to Find the Text...SHOW MORE<br />
                                Got the Required Text :SHOW MORE<br />
                                Element is displayed Successfully*****Located by By.id: ShowMoreProducts<br />
                                ******* Test Case PASSED ******* tc27_showMoreUpto15ProductsTest<br />
                                ******* Test Case PASSED ******* tc27_showMoreUpto15ProductsTest<br />
                  </div>
    

      </td>
</tr>
          <tr>
        <td colspan="3" class="group">com.michaels.mobile.test.TC28_PLPSortByTest</td>
      </tr>
            
<tr>
  <td class="method">
                  tc28_pLPSortByTest
      </td>
  <td class="duration">
    90.043s
  </td>
  <td class="result">
        
    
            <div class="testOutput">
                        Initiated Method to Verify app guide and land on Home page <br />
                                Element is displayed Successfully*****Located by Locator map: <br/>
- native content: &quot;By.chained({By.id: android:id/button2})&quot; <br/>
- html content: &quot;by id or name &quot;btnDenyLocationAccess&quot;&quot;<br />
                                Element is displayed Successfully*****Located by By.id: flexGuideControl41<br />
                                Element is displayed Successfully*****Located by By.id: flexGuideControl41<br />
                                Element is displayed Successfully*****Located by Locator map: <br/>
- native content: &quot;By.chained({By.xpath: //*[@text=&apos;Deny&apos;]})&quot; <br/>
- html content: &quot;by id or name &quot;btnDeny&quot;&quot;<br />
                                Initiated Method to Click on Shop Menu <br />
                                Initiated Method to Click on Shop Menu <br />
                                 Initiated Method to Verify products Page <br />
                                Element is displayed Successfully*****Located by By.id: frmProducts<br />
                                Products Page is displayed<br />
                                Element is displayed Successfully*****Located by By.id: frmProductsList<br />
                                Element is displayed Successfully*****Located by By.id: frmSortAndRefine<br />
                                Element is displayed Successfully*****Located by Locator map: <br/>
- native content: &quot;By.chained({By.xpath: //*[@text=&apos;Price: low-high&apos;]})&quot; <br/>
- html content: &quot;by id or name &quot;lowToHigh&quot;&quot;<br />
                                Element is displayed Successfully*****Located by By.id: btnDone<br />
                                Price1119.99<br />
                                Price2194.99<br />
                                ******* Test Case PASSED ******* tc28_pLPSortByTest<br />
                                ******* Test Case PASSED ******* tc28_pLPSortByTest<br />
                  </div>
    

      </td>
</tr>
          <tr>
        <td colspan="3" class="group">com.michaels.mobile.test.TC29_PLPShopByTest</td>
      </tr>
            
<tr>
  <td class="method">
                  tc29_pLPShopByTest
      </td>
  <td class="duration">
    91.644s
  </td>
  <td class="result">
        
    
            <div class="testOutput">
                        Initiated Method to Verify app guide and land on Home page <br />
                                Element is displayed Successfully*****Located by Locator map: <br/>
- native content: &quot;By.chained({By.id: android:id/button2})&quot; <br/>
- html content: &quot;by id or name &quot;btnDenyLocationAccess&quot;&quot;<br />
                                Element is displayed Successfully*****Located by By.id: flexGuideControl41<br />
                                Element is displayed Successfully*****Located by By.id: flexGuideControl41<br />
                                Element is displayed Successfully*****Located by Locator map: <br/>
- native content: &quot;By.chained({By.xpath: //*[@text=&apos;Deny&apos;]})&quot; <br/>
- html content: &quot;by id or name &quot;btnDeny&quot;&quot;<br />
                                Initiated Method to Click on Shop Menu <br />
                                Initiated Method to Click on Shop Menu <br />
                                 Initiated Method to Verify products Page <br />
                                Element is displayed Successfully*****Located by By.id: frmProducts<br />
                                Products Page is displayed<br />
                                Element is displayed Successfully*****Located by By.id: frmProductsList<br />
                                Element is displayed Successfully*****Located by By.id: frmSortAndRefine<br />
                                ******* Test Case PASSED ******* tc29_pLPShopByTest<br />
                                ******* Test Case PASSED ******* tc29_pLPShopByTest<br />
                  </div>
    

      </td>
</tr>
          <tr>
        <td colspan="3" class="group">com.michaels.mobile.test.TC31_ProjectsLandingPageTest</td>
      </tr>
            
<tr>
  <td class="method">
                  tc31_projectsLandingPageTest
      </td>
  <td class="duration">
    46.925s
  </td>
  <td class="result">
        
    
            <div class="testOutput">
                        Initiated Method to Verify app guide and land on Home page <br />
                                Element is displayed Successfully*****Located by Locator map: <br/>
- native content: &quot;By.chained({By.id: android:id/button2})&quot; <br/>
- html content: &quot;by id or name &quot;btnDenyLocationAccess&quot;&quot;<br />
                                Element is displayed Successfully*****Located by By.id: flexGuideControl41<br />
                                Element is displayed Successfully*****Located by By.id: flexGuideControl41<br />
                                Element is displayed Successfully*****Located by Locator map: <br/>
- native content: &quot;By.chained({By.xpath: //*[@text=&apos;Deny&apos;]})&quot; <br/>
- html content: &quot;by id or name &quot;btnDeny&quot;&quot;<br />
                                Initiated Method to Click on Projects Menu <br />
                                Element is displayed Successfully*****Located by By.id: frmProjects<br />
                                ******* Test Case PASSED ******* tc31_projectsLandingPageTest<br />
                                ******* Test Case PASSED ******* tc31_projectsLandingPageTest<br />
                  </div>
    

      </td>
</tr>
          <tr>
        <td colspan="3" class="group">com.michaels.mobile.test.TC32_ProjectsListPageTest</td>
      </tr>
            
<tr>
  <td class="method">
                  tc32_projectsListPageTest
      </td>
  <td class="duration">
    61.962s
  </td>
  <td class="result">
        
    
            <div class="testOutput">
                        Initiated Method to Verify app guide and land on Home page <br />
                                Element is displayed Successfully*****Located by Locator map: <br/>
- native content: &quot;By.chained({By.id: android:id/button2})&quot; <br/>
- html content: &quot;by id or name &quot;btnDenyLocationAccess&quot;&quot;<br />
                                Element is displayed Successfully*****Located by By.id: flexGuideControl41<br />
                                Element is displayed Successfully*****Located by By.id: flexGuideControl41<br />
                                Element is displayed Successfully*****Located by Locator map: <br/>
- native content: &quot;By.chained({By.xpath: //*[@text=&apos;Deny&apos;]})&quot; <br/>
- html content: &quot;by id or name &quot;btnDeny&quot;&quot;<br />
                                Initiated Method to Click on Projects Menu <br />
                                Element is displayed Successfully*****Located by By.id: frmProjects<br />
                                Element is displayed Successfully*****Located by By.id: frmProjectsList<br />
                                ******* Test Case PASSED ******* tc32_projectsListPageTest<br />
                                ******* Test Case PASSED ******* tc32_projectsListPageTest<br />
                  </div>
    

      </td>
</tr>
          <tr>
        <td colspan="3" class="group">com.michaels.mobile.test.TC33_ProjectsListPageScrollTest</td>
      </tr>
            
<tr>
  <td class="method">
                  tc33_projectsListPageScrollTest
      </td>
  <td class="duration">
    63.821s
  </td>
  <td class="result">
        
    
            <div class="testOutput">
                        Initiated Method to Verify app guide and land on Home page <br />
                                Element is displayed Successfully*****Located by Locator map: <br/>
- native content: &quot;By.chained({By.id: android:id/button2})&quot; <br/>
- html content: &quot;by id or name &quot;btnDenyLocationAccess&quot;&quot;<br />
                                Element is displayed Successfully*****Located by By.id: flexGuideControl41<br />
                                Element is displayed Successfully*****Located by By.id: flexGuideControl41<br />
                                Element is displayed Successfully*****Located by Locator map: <br/>
- native content: &quot;By.chained({By.xpath: //*[@text=&apos;Deny&apos;]})&quot; <br/>
- html content: &quot;by id or name &quot;btnDeny&quot;&quot;<br />
                                Initiated Method to Click on Projects Menu <br />
                                Element is displayed Successfully*****Located by By.id: frmProjects<br />
                                Element is displayed Successfully*****Located by By.id: frmProjectsList<br />
                                Element is displayed Successfully*****Located by By.id: segProjectList<br />
                                ******* Test Case PASSED ******* tc33_projectsListPageScrollTest<br />
                                ******* Test Case PASSED ******* tc33_projectsListPageScrollTest<br />
                  </div>
    

      </td>
</tr>
          <tr>
        <td colspan="3" class="group">com.michaels.mobile.test.TC34_ProjectDetailsPageTest</td>
      </tr>
            
<tr>
  <td class="method">
                  tc34_projectDetailsPageTest
      </td>
  <td class="duration">
    67.213s
  </td>
  <td class="result">
        
    
            <div class="testOutput">
                        Initiated Method to Verify app guide and land on Home page <br />
                                Element is displayed Successfully*****Located by Locator map: <br/>
- native content: &quot;By.chained({By.id: android:id/button2})&quot; <br/>
- html content: &quot;by id or name &quot;btnDenyLocationAccess&quot;&quot;<br />
                                Element is displayed Successfully*****Located by By.id: flexGuideControl41<br />
                                Element is displayed Successfully*****Located by By.id: flexGuideControl41<br />
                                Element is displayed Successfully*****Located by Locator map: <br/>
- native content: &quot;By.chained({By.xpath: //*[@text=&apos;Deny&apos;]})&quot; <br/>
- html content: &quot;by id or name &quot;btnDeny&quot;&quot;<br />
                                Initiated Method to Click on Projects Menu <br />
                                Element is displayed Successfully*****Located by By.id: frmProjects<br />
                                Element is displayed Successfully*****Located by By.id: frmProjectsList<br />
                                Element is displayed Successfully*****Located by By.id: frmPJDP<br />
                                ******* Test Case PASSED ******* tc34_projectDetailsPageTest<br />
                                ******* Test Case PASSED ******* tc34_projectDetailsPageTest<br />
                  </div>
    

      </td>
</tr>
          <tr>
        <td colspan="3" class="group">com.michaels.mobile.test.TC35_ProjectsBuyOnlineTest</td>
      </tr>
            
<tr>
  <td class="method">
                  tc35_projectsBuyOnlineTest
      </td>
  <td class="duration">
    93.356s
  </td>
  <td class="result">
        
    
            <div class="testOutput">
                        Initiated Method to Verify app guide and land on Home page <br />
                                Element is displayed Successfully*****Located by Locator map: <br/>
- native content: &quot;By.chained({By.id: android:id/button2})&quot; <br/>
- html content: &quot;by id or name &quot;btnDenyLocationAccess&quot;&quot;<br />
                                Element is displayed Successfully*****Located by By.id: flexGuideControl41<br />
                                Element is displayed Successfully*****Located by By.id: flexGuideControl41<br />
                                Element is displayed Successfully*****Located by Locator map: <br/>
- native content: &quot;By.chained({By.xpath: //*[@text=&apos;Deny&apos;]})&quot; <br/>
- html content: &quot;by id or name &quot;btnDeny&quot;&quot;<br />
                                Initiated Method to Click on Projects Menu <br />
                                Element is displayed Successfully*****Located by By.id: frmProjects<br />
                                Element is displayed Successfully*****Located by By.id: frmProjectsList<br />
                                Element is displayed Successfully*****Located by By.id: frmPJDP<br />
                                Element is displayed Successfully*****Located by Locator map: <br/>
- native content: &quot;By.chained({By.className: android.webkit.WebView})&quot; <br/>
- html content: &quot;by id or name &quot;androidWebView&quot;&quot;<br />
                                ******* Test Case PASSED ******* tc35_projectsBuyOnlineTest<br />
                                ******* Test Case PASSED ******* tc35_projectsBuyOnlineTest<br />
                  </div>
    

      </td>
</tr>
          <tr>
        <td colspan="3" class="group">com.michaels.mobile.test.TC36_PJLPRefineBySkillLevelTest</td>
      </tr>
            
<tr>
  <td class="method">
                  tc36_pJLPRefineBySkillLevelTest
      </td>
  <td class="duration">
    74.675s
  </td>
  <td class="result">
        
    
            <div class="testOutput">
                        Initiated Method to Verify app guide and land on Home page <br />
                                Element is displayed Successfully*****Located by Locator map: <br/>
- native content: &quot;By.chained({By.id: android:id/button2})&quot; <br/>
- html content: &quot;by id or name &quot;btnDenyLocationAccess&quot;&quot;<br />
                                Element is displayed Successfully*****Located by By.id: flexGuideControl41<br />
                                Element is displayed Successfully*****Located by By.id: flexGuideControl41<br />
                                Element is displayed Successfully*****Located by Locator map: <br/>
- native content: &quot;By.chained({By.xpath: //*[@text=&apos;Deny&apos;]})&quot; <br/>
- html content: &quot;by id or name &quot;btnDeny&quot;&quot;<br />
                                Initiated Method to Click on Projects Menu <br />
                                Element is displayed Successfully*****Located by By.id: frmProjects<br />
                                Element is displayed Successfully*****Located by By.id: frmProjectsList<br />
                                Element is displayed Successfully*****Located by By.id: frmRefineProjects<br />
                                ******* Test Case PASSED ******* tc36_pJLPRefineBySkillLevelTest<br />
                                ******* Test Case PASSED ******* tc36_pJLPRefineBySkillLevelTest<br />
                  </div>
    

      </td>
</tr>
          <tr>
        <td colspan="3" class="group">com.michaels.mobile.test.TC37_PJLPRefineByCraftingTimeTest</td>
      </tr>
            
<tr>
  <td class="method">
                  tc37_pJLPRefineByCraftingTimeTest
      </td>
  <td class="duration">
    73.541s
  </td>
  <td class="result">
        
    
            <div class="testOutput">
                        Initiated Method to Verify app guide and land on Home page <br />
                                Element is displayed Successfully*****Located by Locator map: <br/>
- native content: &quot;By.chained({By.id: android:id/button2})&quot; <br/>
- html content: &quot;by id or name &quot;btnDenyLocationAccess&quot;&quot;<br />
                                Element is displayed Successfully*****Located by By.id: flexGuideControl41<br />
                                Element is displayed Successfully*****Located by By.id: flexGuideControl41<br />
                                Element is displayed Successfully*****Located by Locator map: <br/>
- native content: &quot;By.chained({By.xpath: //*[@text=&apos;Deny&apos;]})&quot; <br/>
- html content: &quot;by id or name &quot;btnDeny&quot;&quot;<br />
                                Initiated Method to Click on Projects Menu <br />
                                Element is displayed Successfully*****Located by By.id: frmProjects<br />
                                Element is displayed Successfully*****Located by By.id: frmProjectsList<br />
                                Element is displayed Successfully*****Located by By.id: frmRefineProjects<br />
                                ******* Test Case PASSED ******* tc37_pJLPRefineByCraftingTimeTest<br />
                                ******* Test Case PASSED ******* tc37_pJLPRefineByCraftingTimeTest<br />
                  </div>
    

      </td>
</tr>
          <tr>
        <td colspan="3" class="group">com.michaels.mobile.test.TC38_TextSearchOneWordTest</td>
      </tr>
            
<tr>
  <td class="method">
                  tc38_textSearchOneWordTest
      </td>
  <td class="duration">
    70.008s
  </td>
  <td class="result">
        
    
            <div class="testOutput">
                        Initiated Method to Verify app guide and land on Home page <br />
                                Element is displayed Successfully*****Located by Locator map: <br/>
- native content: &quot;By.chained({By.id: android:id/button2})&quot; <br/>
- html content: &quot;by id or name &quot;btnDenyLocationAccess&quot;&quot;<br />
                                Element is displayed Successfully*****Located by By.id: flexGuideControl41<br />
                                Element is displayed Successfully*****Located by By.id: flexGuideControl41<br />
                                Element is displayed Successfully*****Located by Locator map: <br/>
- native content: &quot;By.chained({By.xpath: //*[@text=&apos;Deny&apos;]})&quot; <br/>
- html content: &quot;by id or name &quot;btnDeny&quot;&quot;<br />
                                Initiated Method to verify Text Search with One Word <br />
                                Element is displayed Successfully*****Located by By.id: segProductsList<br />
                                ******* Test Case PASSED ******* tc38_textSearchOneWordTest<br />
                                ******* Test Case PASSED ******* tc38_textSearchOneWordTest<br />
                  </div>
    

      </td>
</tr>
          <tr>
        <td colspan="3" class="group">com.michaels.mobile.test.TC40_TextSearchMorethan1WordTest</td>
      </tr>
            
<tr>
  <td class="method">
                  tc40_textSearchMorethan1WordTest
      </td>
  <td class="duration">
    58.906s
  </td>
  <td class="result">
        
    
            <div class="testOutput">
                        Initiated Method to Verify app guide and land on Home page <br />
                                Element is displayed Successfully*****Located by Locator map: <br/>
- native content: &quot;By.chained({By.id: android:id/button2})&quot; <br/>
- html content: &quot;by id or name &quot;btnDenyLocationAccess&quot;&quot;<br />
                                Element is displayed Successfully*****Located by By.id: flexGuideControl41<br />
                                Element is displayed Successfully*****Located by By.id: flexGuideControl41<br />
                                Element is displayed Successfully*****Located by Locator map: <br/>
- native content: &quot;By.chained({By.xpath: //*[@text=&apos;Deny&apos;]})&quot; <br/>
- html content: &quot;by id or name &quot;btnDeny&quot;&quot;<br />
                                Initiated Method to verify Text Search with One Word <br />
                                Element is displayed Successfully*****Located by By.id: segProductsList<br />
                                ******* Test Case PASSED ******* tc40_textSearchMorethan1WordTest<br />
                                ******* Test Case PASSED ******* tc40_textSearchMorethan1WordTest<br />
                  </div>
    

      </td>
</tr>
          <tr>
        <td colspan="3" class="group">com.michaels.mobile.test.TC41_TextSearchFrenchOneWordTest</td>
      </tr>
            
<tr>
  <td class="method">
                  tc41_textSearchFrenchOneWordTest
      </td>
  <td class="duration">
    80.675s
  </td>
  <td class="result">
        
    
            <div class="testOutput">
                        Initiated Method to Verify app guide and land on Home page <br />
                                Element is displayed Successfully*****Located by Locator map: <br/>
- native content: &quot;By.chained({By.id: android:id/button2})&quot; <br/>
- html content: &quot;by id or name &quot;btnDenyLocationAccess&quot;&quot;<br />
                                Element is displayed Successfully*****Located by By.id: flexGuideControl41<br />
                                Element is displayed Successfully*****Located by By.id: flexGuideControl41<br />
                                Element is displayed Successfully*****Located by Locator map: <br/>
- native content: &quot;By.chained({By.xpath: //*[@text=&apos;Deny&apos;]})&quot; <br/>
- html content: &quot;by id or name &quot;btnDeny&quot;&quot;<br />
                                Initiated Method to Click on More Menu <br />
                                Initiated Method to change to French locale <br />
                                Element is displayed Successfully*****Located by By.id: imgLogo<br />
                                Initiated Method to verify Text Search with One Word <br />
                                Element is displayed Successfully*****Located by By.id: segProductsList<br />
                                ******* Test Case PASSED ******* tc41_textSearchFrenchOneWordTest<br />
                                ******* Test Case PASSED ******* tc41_textSearchFrenchOneWordTest<br />
                  </div>
    

      </td>
</tr>
          <tr>
        <td colspan="3" class="group">com.michaels.mobile.test.TC42_TextSearchFrenchTwoWordTest</td>
      </tr>
            
<tr>
  <td class="method">
                  tc42_textSearchFrenchTwoWordTest
      </td>
  <td class="duration">
    75.371s
  </td>
  <td class="result">
        
    
            <div class="testOutput">
                        Initiated Method to Verify app guide and land on Home page <br />
                                Element is displayed Successfully*****Located by Locator map: <br/>
- native content: &quot;By.chained({By.id: android:id/button2})&quot; <br/>
- html content: &quot;by id or name &quot;btnDenyLocationAccess&quot;&quot;<br />
                                Element is displayed Successfully*****Located by By.id: flexGuideControl41<br />
                                Element is displayed Successfully*****Located by By.id: flexGuideControl41<br />
                                Element is displayed Successfully*****Located by Locator map: <br/>
- native content: &quot;By.chained({By.xpath: //*[@text=&apos;Deny&apos;]})&quot; <br/>
- html content: &quot;by id or name &quot;btnDeny&quot;&quot;<br />
                                Initiated Method to Click on More Menu <br />
                                Initiated Method to change to French locale <br />
                                Element is displayed Successfully*****Located by By.id: imgLogo<br />
                                Initiated Method to verify Text Search with One Word <br />
                                Element is displayed Successfully*****Located by By.id: segProductsList<br />
                                ******* Test Case PASSED ******* tc42_textSearchFrenchTwoWordTest<br />
                                ******* Test Case PASSED ******* tc42_textSearchFrenchTwoWordTest<br />
                  </div>
    

      </td>
</tr>
          <tr>
        <td colspan="3" class="group">com.michaels.mobile.test.TC43_SignInMoreMenuTest</td>
      </tr>
            
<tr>
  <td class="method">
                  tc43_signInMoreMenuTest
      </td>
  <td class="duration">
    87.667s
  </td>
  <td class="result">
        
    
            <div class="testOutput">
                        Initiated Method to Verify app guide and land on Home page <br />
                                Element is displayed Successfully*****Located by Locator map: <br/>
- native content: &quot;By.chained({By.id: android:id/button2})&quot; <br/>
- html content: &quot;by id or name &quot;btnDenyLocationAccess&quot;&quot;<br />
                                Element is displayed Successfully*****Located by By.id: flexGuideControl41<br />
                                Element is displayed Successfully*****Located by By.id: flexGuideControl41<br />
                                Element is displayed Successfully*****Located by Locator map: <br/>
- native content: &quot;By.chained({By.xpath: //*[@text=&apos;Deny&apos;]})&quot; <br/>
- html content: &quot;by id or name &quot;btnDeny&quot;&quot;<br />
                                Initiated Method to Click on More Menu <br />
                                Initiated Method to Click on SignIn Button <br />
                                Element is displayed Successfully*****Located by By.id: btnSignIn<br />
                                Element is displayed Successfully*****Located by Locator map: <br/>
- native content: &quot;By.chained({By.xpath: //*[@text=&apos;Youre logged in now.&apos;]})&quot; <br/>
- html content: &quot;by id or name &quot;txt_loginSuccess&quot;&quot;<br />
                                ******* Test Case PASSED ******* tc43_signInMoreMenuTest<br />
                                ******* Test Case PASSED ******* tc43_signInMoreMenuTest<br />
                  </div>
    

      </td>
</tr>
          <tr>
        <td colspan="3" class="group">com.michaels.mobile.test.TC44_SignInFromMyListScreenTest</td>
      </tr>
            
<tr>
  <td class="method">
                  tc44_signInFromMyListScreenTest
      </td>
  <td class="duration">
    87.952s
  </td>
  <td class="result">
        
    
            <div class="testOutput">
                        Initiated Method to Verify app guide and land on Home page <br />
                                Element is displayed Successfully*****Located by Locator map: <br/>
- native content: &quot;By.chained({By.id: android:id/button2})&quot; <br/>
- html content: &quot;by id or name &quot;btnDenyLocationAccess&quot;&quot;<br />
                                Element is displayed Successfully*****Located by By.id: flexGuideControl41<br />
                                Element is displayed Successfully*****Located by By.id: flexGuideControl41<br />
                                Element is displayed Successfully*****Located by Locator map: <br/>
- native content: &quot;By.chained({By.xpath: //*[@text=&apos;Deny&apos;]})&quot; <br/>
- html content: &quot;by id or name &quot;btnDeny&quot;&quot;<br />
                                Initiated Method to Click on More Menu <br />
                                Element is displayed Successfully*****Located by Locator map: <br/>
- native content: &quot;By.chained({By.xpath: //*[@text=&apos;Youre logged in now.&apos;]})&quot; <br/>
- html content: &quot;by id or name &quot;txt_loginSuccess&quot;&quot;<br />
                                Element is displayed Successfully*****Located by Locator map: <br/>
- native content: &quot;By.chained({By.xpath: //*[@text=&apos;MY LIST&apos;]})&quot; <br/>
- html content: &quot;by id or name &quot;myList_Page&quot;&quot;<br />
                                ******* Test Case PASSED ******* tc44_signInFromMyListScreenTest<br />
                                ******* Test Case PASSED ******* tc44_signInFromMyListScreenTest<br />
                  </div>
    

      </td>
</tr>
          <tr>
        <td colspan="3" class="group">com.michaels.mobile.test.TC45_SignInFromPDPTest</td>
      </tr>
            
<tr>
  <td class="method">
                  tc45_signInFromPDPTest
      </td>
  <td class="duration">
    132.486s
  </td>
  <td class="result">
        
    
            <div class="testOutput">
                        Initiated Method to Verify app guide and land on Home page <br />
                                Element is displayed Successfully*****Located by Locator map: <br/>
- native content: &quot;By.chained({By.id: android:id/button2})&quot; <br/>
- html content: &quot;by id or name &quot;btnDenyLocationAccess&quot;&quot;<br />
                                Element is displayed Successfully*****Located by By.id: flexGuideControl41<br />
                                Element is displayed Successfully*****Located by By.id: flexGuideControl41<br />
                                Element is displayed Successfully*****Located by Locator map: <br/>
- native content: &quot;By.chained({By.xpath: //*[@text=&apos;Deny&apos;]})&quot; <br/>
- html content: &quot;by id or name &quot;btnDeny&quot;&quot;<br />
                                Initiated Method to Click on Shop Menu <br />
                                Initiated Method to Click on Shop Menu <br />
                                Initiated Method to verify product details page <br />
                                 Initiated Method to Verify products Page <br />
                                Element is displayed Successfully*****Located by By.id: frmProducts<br />
                                Products Page is displayed<br />
                                Element is displayed Successfully*****Located by By.id: frmProductsList<br />
                                Element is displayed Successfully*****Located by By.id: flxProductDetails1<br />
                                Element is displayed Successfully*****Located by Locator map: <br/>
- native content: &quot;By.chained({By.xpath: //*[@text=&apos;Youre logged in now.&apos;]})&quot; <br/>
- html content: &quot;by id or name &quot;txt_loginSuccess&quot;&quot;<br />
                                ******* Test Case PASSED ******* tc45_signInFromPDPTest<br />
                                ******* Test Case PASSED ******* tc45_signInFromPDPTest<br />
                  </div>
    

      </td>
</tr>
          <tr>
        <td colspan="3" class="group">com.michaels.mobile.test.TC46_SignInFromPJDPTest</td>
      </tr>
            
<tr>
  <td class="method">
                  tc46_signInFromPJDPTest
      </td>
  <td class="duration">
    123.949s
  </td>
  <td class="result">
        
    
            <div class="testOutput">
                        Initiated Method to Verify app guide and land on Home page <br />
                                Element is displayed Successfully*****Located by Locator map: <br/>
- native content: &quot;By.chained({By.id: android:id/button2})&quot; <br/>
- html content: &quot;by id or name &quot;btnDenyLocationAccess&quot;&quot;<br />
                                Element is displayed Successfully*****Located by By.id: flexGuideControl41<br />
                                Element is displayed Successfully*****Located by By.id: flexGuideControl41<br />
                                Element is displayed Successfully*****Located by Locator map: <br/>
- native content: &quot;By.chained({By.xpath: //*[@text=&apos;Deny&apos;]})&quot; <br/>
- html content: &quot;by id or name &quot;btnDeny&quot;&quot;<br />
                                Initiated Method to Click on Projects Menu <br />
                                Element is displayed Successfully*****Located by By.id: frmProjects<br />
                                Element is displayed Successfully*****Located by By.id: frmProjectsList<br />
                                Element is displayed Successfully*****Located by By.id: frmPJDP<br />
                                Element is displayed Successfully*****Located by Locator map: <br/>
- native content: &quot;By.chained({By.xpath: //*[@text=&apos;Youre logged in now.&apos;]})&quot; <br/>
- html content: &quot;by id or name &quot;txt_loginSuccess&quot;&quot;<br />
                                ******* Test Case PASSED ******* tc46_signInFromPJDPTest<br />
                                ******* Test Case PASSED ******* tc46_signInFromPJDPTest<br />
                  </div>
    

      </td>
</tr>
          <tr>
        <td colspan="3" class="group">com.michaels.mobile.test.TC48_SignUpFromMoreMenuTest</td>
      </tr>
            
<tr>
  <td class="method">
                  tc48_signUpFromMoreMenuTest
      </td>
  <td class="duration">
    155.144s
  </td>
  <td class="result">
        
    
            <div class="testOutput">
                        Initiated Method to Verify app guide and land on Home page <br />
                                Element is displayed Successfully*****Located by Locator map: <br/>
- native content: &quot;By.chained({By.id: android:id/button2})&quot; <br/>
- html content: &quot;by id or name &quot;btnDenyLocationAccess&quot;&quot;<br />
                                Element is displayed Successfully*****Located by By.id: flexGuideControl41<br />
                                Element is displayed Successfully*****Located by By.id: flexGuideControl41<br />
                                Element is displayed Successfully*****Located by Locator map: <br/>
- native content: &quot;By.chained({By.xpath: //*[@text=&apos;Deny&apos;]})&quot; <br/>
- html content: &quot;by id or name &quot;btnDeny&quot;&quot;<br />
                                Initiated Method to Click on More Menu <br />
                                Initiated Method to Click on SignIn Button <br />
                                Element is displayed Successfully*****Located by By.id: btnSignUp<br />
                                Initiated method to enter details and click on create account <br />
                                Element is displayed Successfully*****Located by By.id: btnYes<br />
                                Element is displayed Successfully*****Located by By.id: btnNotRightNow<br />
                  </div>
    

      </td>
</tr>
          <tr>
        <td colspan="3" class="group">com.michaels.mobile.test.TC49_SetFavouriteStoreFromMoreTest</td>
      </tr>
            
<tr>
  <td class="method">
                  tc49_setFavouriteStoreFromMoreTest
      </td>
  <td class="duration">
    101.172s
  </td>
  <td class="result">
        
    
            <div class="testOutput">
                        Initiated Method to Verify app guide and land on Home page <br />
                                Element is displayed Successfully*****Located by Locator map: <br/>
- native content: &quot;By.chained({By.id: android:id/button2})&quot; <br/>
- html content: &quot;by id or name &quot;btnDenyLocationAccess&quot;&quot;<br />
                                Element is displayed Successfully*****Located by By.id: flexGuideControl41<br />
                                Element is displayed Successfully*****Located by By.id: flexGuideControl41<br />
                                Element is displayed Successfully*****Located by Locator map: <br/>
- native content: &quot;By.chained({By.xpath: //*[@text=&apos;Deny&apos;]})&quot; <br/>
- html content: &quot;by id or name &quot;btnDeny&quot;&quot;<br />
                                Initiated Method to Click on More Menu <br />
                                Initiated Method to Click on SetMyStore <br />
                                Element is displayed Successfully*****Located by By.id: lblMyStore<br />
                                Initiated Method to Select Store<br />
                                Initiated Method to Click on Back button <br />
                                Element is displayed Successfully*****Located by By.id: flxBackToProducts<br />
                                Initiated Method to verify MyStore Set <br />
                                Element is displayed Successfully*****Located by By.id: lblMyStoreName<br />
                                ******* Test Case PASSED ******* tc49_setFavouriteStoreFromMoreTest<br />
                                ******* Test Case PASSED ******* tc49_setFavouriteStoreFromMoreTest<br />
                  </div>
    

      </td>
</tr>
          <tr>
        <td colspan="3" class="group">com.michaels.mobile.test.TC50_StoreInfoTest</td>
      </tr>
            
<tr>
  <td class="method">
                  tc50_storeInfoTest
      </td>
  <td class="duration">
    106.944s
  </td>
  <td class="result">
        
    
            <div class="testOutput">
                        Initiated Method to Verify app guide and land on Home page <br />
                                Element is displayed Successfully*****Located by Locator map: <br/>
- native content: &quot;By.chained({By.id: android:id/button2})&quot; <br/>
- html content: &quot;by id or name &quot;btnDenyLocationAccess&quot;&quot;<br />
                                Element is displayed Successfully*****Located by By.id: flexGuideControl41<br />
                                Element is displayed Successfully*****Located by By.id: flexGuideControl41<br />
                                Element is displayed Successfully*****Located by Locator map: <br/>
- native content: &quot;By.chained({By.xpath: //*[@text=&apos;Deny&apos;]})&quot; <br/>
- html content: &quot;by id or name &quot;btnDeny&quot;&quot;<br />
                                Initiated Method to verify Store Info<br />
                                Element is displayed Successfully*****Located by By.id: btnChooseStore<br />
                                Initiated Method to Select Store<br />
                                Element is displayed Successfully*****Located by By.id: lblChevron<br />
                                Element is displayed Successfully*****Located by By.id: btnStoreInfo<br />
                                Element is displayed Successfully*****Located by By.id: flxMyStoreDetailsNew<br />
                                Element is displayed Successfully*****Located by By.id: btnStoreMapMap<br />
                                Element is displayed Successfully*****Located by By.id: lblStoreHours<br />
                                ******* Test Case PASSED ******* tc50_storeInfoTest<br />
                                ******* Test Case PASSED ******* tc50_storeInfoTest<br />
                  </div>
    

      </td>
</tr>
          <tr>
        <td colspan="3" class="group">com.michaels.mobile.test.TC51_CouponAddToWalletfromHomeTest</td>
      </tr>
            
<tr>
  <td class="method">
                  tc51_couponAddToWalletfromHomeTest
      </td>
  <td class="duration">
    119.002s
  </td>
  <td class="result">
        
    
            <div class="testOutput">
                        Initiated Method to Verify app guide and land on Home page <br />
                                Element is displayed Successfully*****Located by Locator map: <br/>
- native content: &quot;By.chained({By.id: android:id/button2})&quot; <br/>
- html content: &quot;by id or name &quot;btnDenyLocationAccess&quot;&quot;<br />
                                Element is displayed Successfully*****Located by By.id: flexGuideControl41<br />
                                Element is displayed Successfully*****Located by By.id: flexGuideControl41<br />
                                Element is displayed Successfully*****Located by Locator map: <br/>
- native content: &quot;By.chained({By.xpath: //*[@text=&apos;Deny&apos;]})&quot; <br/>
- html content: &quot;by id or name &quot;btnDeny&quot;&quot;<br />
                                Initiated Method to Set Favourite Store <br />
                                Element is displayed Successfully*****Located by By.id: btnChooseStore<br />
                                Initiated Method to Select Store<br />
                                Element is displayed Successfully*****Located by By.id: lblChevron<br />
                                Initiated Method to Click on Coupons Button <br />
                                Element is displayed Successfully*****Located by By.id: btnCoupon<br />
                                Initiated Method to verify Coupons Page <br />
                                Element is displayed Successfully*****Located by By.id: lblCouponTitle<br />
                                Initiated Method to verify Add Wallet Coupons Page<br />
                                Element is displayed Successfully*****Located by Locator map: <br/>
- native content: &quot;By.chained({By.xpath: //*[@text=&apos;ADD TO WALLET&apos;]})&quot; <br/>
- html content: &quot;by id or name &quot;btnAddToWallet&quot;&quot;<br />
                                Element is displayed Successfully*****Located by Locator map: <br/>
- native content: &quot;By.chained({By.id: com.google.android.apps.walletnfcrel:id/AccountSpinnerContainer})&quot; <br/>
- html content: &quot;by id or name &quot;walletApp&quot;&quot;<br />
                                ******* Test Case PASSED ******* tc51_couponAddToWalletfromHomeTest<br />
                                ******* Test Case PASSED ******* tc51_couponAddToWalletfromHomeTest<br />
                  </div>
    

      </td>
</tr>
          <tr>
        <td colspan="3" class="group">com.michaels.mobile.test.TC52_ProjectsAddToMyListTest</td>
      </tr>
            
<tr>
  <td class="method">
                  tc52_projectsAddToMyListTest
      </td>
  <td class="duration">
    130.890s
  </td>
  <td class="result">
        
    
            <div class="testOutput">
                        Initiated Method to Verify app guide and land on Home page <br />
                                Element is displayed Successfully*****Located by Locator map: <br/>
- native content: &quot;By.chained({By.id: android:id/button2})&quot; <br/>
- html content: &quot;by id or name &quot;btnDenyLocationAccess&quot;&quot;<br />
                                Element is displayed Successfully*****Located by By.id: flexGuideControl41<br />
                                Element is displayed Successfully*****Located by By.id: flexGuideControl41<br />
                                Element is displayed Successfully*****Located by Locator map: <br/>
- native content: &quot;By.chained({By.xpath: //*[@text=&apos;Deny&apos;]})&quot; <br/>
- html content: &quot;by id or name &quot;btnDeny&quot;&quot;<br />
                                Initiated Method to Click on More Menu <br />
                                Initiated Method to Click on SignIn Button <br />
                                Element is displayed Successfully*****Located by By.id: btnSignIn<br />
                                Element is displayed Successfully*****Located by Locator map: <br/>
- native content: &quot;By.chained({By.xpath: //*[@text=&apos;Youre logged in now.&apos;]})&quot; <br/>
- html content: &quot;by id or name &quot;txt_loginSuccess&quot;&quot;<br />
                                Initiated Method to Click on Projects Menu <br />
                                Element is displayed Successfully*****Located by By.id: frmProjects<br />
                                Element is displayed Successfully*****Located by By.id: frmProjectsList<br />
                                Element is displayed Successfully*****Located by By.id: frmPJDP<br />
                                ******* Test Case PASSED ******* tc52_projectsAddToMyListTest<br />
                                ******* Test Case PASSED ******* tc52_projectsAddToMyListTest<br />
                  </div>
    

      </td>
</tr>
          <tr>
        <td colspan="3" class="group">com.michaels.mobile.test.TC53_PJDPAddtoMyListNotLoggedIn</td>
      </tr>
            
<tr>
  <td class="method">
                  tc53_pJDPAddtoMyListNotLoggedIn
      </td>
  <td class="duration">
    120.383s
  </td>
  <td class="result">
        
    
            <div class="testOutput">
                        Initiated Method to Verify app guide and land on Home page <br />
                                Element is displayed Successfully*****Located by Locator map: <br/>
- native content: &quot;By.chained({By.id: android:id/button2})&quot; <br/>
- html content: &quot;by id or name &quot;btnDenyLocationAccess&quot;&quot;<br />
                                Element is displayed Successfully*****Located by By.id: flexGuideControl41<br />
                                Element is displayed Successfully*****Located by By.id: flexGuideControl41<br />
                                Element is displayed Successfully*****Located by Locator map: <br/>
- native content: &quot;By.chained({By.xpath: //*[@text=&apos;Deny&apos;]})&quot; <br/>
- html content: &quot;by id or name &quot;btnDeny&quot;&quot;<br />
                                Initiated Method to Click on Projects Menu <br />
                                Element is displayed Successfully*****Located by By.id: frmProjects<br />
                                Element is displayed Successfully*****Located by By.id: frmProjectsList<br />
                                Element is displayed Successfully*****Located by By.id: frmPJDP<br />
                                Element is displayed Successfully*****Located by Locator map: <br/>
- native content: &quot;By.chained({By.xpath: //*[@text=&apos;Youre logged in now.&apos;]})&quot; <br/>
- html content: &quot;by id or name &quot;txt_loginSuccess&quot;&quot;<br />
                                ******* Test Case PASSED ******* tc53_pJDPAddtoMyListNotLoggedIn<br />
                                ******* Test Case PASSED ******* tc53_pJDPAddtoMyListNotLoggedIn<br />
                  </div>
    

      </td>
</tr>
          <tr>
        <td colspan="3" class="group">com.michaels.mobile.test.TC57_HomePageTilesTest</td>
      </tr>
            
<tr>
  <td class="method">
                  tc57_homePageTilesTest
      </td>
  <td class="duration">
    50.027s
  </td>
  <td class="result">
        
    
            <div class="testOutput">
                        Initiated Method to Verify app guide and land on Home page <br />
                                Element is displayed Successfully*****Located by Locator map: <br/>
- native content: &quot;By.chained({By.id: android:id/button2})&quot; <br/>
- html content: &quot;by id or name &quot;btnDenyLocationAccess&quot;&quot;<br />
                                Element is displayed Successfully*****Located by By.id: flexGuideControl41<br />
                                Element is displayed Successfully*****Located by By.id: flexGuideControl41<br />
                                Element is displayed Successfully*****Located by Locator map: <br/>
- native content: &quot;By.chained({By.xpath: //*[@text=&apos;Deny&apos;]})&quot; <br/>
- html content: &quot;by id or name &quot;btnDeny&quot;&quot;<br />
                                Initiated Method to Click on More Menu <br />
                                Element is displayed Successfully*****Located by By.id: fxlContainer<br />
                                ******* Test Case PASSED ******* tc57_homePageTilesTest<br />
                                ******* Test Case PASSED ******* tc57_homePageTilesTest<br />
                  </div>
    

      </td>
</tr>
          <tr>
        <td colspan="3" class="group">com.michaels.mobile.test.TC59_CouponsListWithStoreSetTest</td>
      </tr>
            
<tr>
  <td class="method">
                  tc59_couponsListWithStoreSetTest
      </td>
  <td class="duration">
    112.928s
  </td>
  <td class="result">
        
    
            <div class="testOutput">
                        Initiated Method to Verify app guide and land on Home page <br />
                                Element is displayed Successfully*****Located by Locator map: <br/>
- native content: &quot;By.chained({By.id: android:id/button2})&quot; <br/>
- html content: &quot;by id or name &quot;btnDenyLocationAccess&quot;&quot;<br />
                                Element is displayed Successfully*****Located by By.id: flexGuideControl41<br />
                                Element is displayed Successfully*****Located by By.id: flexGuideControl41<br />
                                Element is displayed Successfully*****Located by Locator map: <br/>
- native content: &quot;By.chained({By.xpath: //*[@text=&apos;Deny&apos;]})&quot; <br/>
- html content: &quot;by id or name &quot;btnDeny&quot;&quot;<br />
                                Initiated Method to Set Favourite Store <br />
                                Element is displayed Successfully*****Located by By.id: btnChooseStore<br />
                                Initiated Method to Select Store<br />
                                Element is displayed Successfully*****Located by By.id: lblChevron<br />
                                Initiated Method to Click on More Menu <br />
                                Initiated Method to Click on SignIn Button <br />
                                Element is displayed Successfully*****Located by By.id: btnCouponMain<br />
                                Initiated Method to verify Coupons Page <br />
                                Element is displayed Successfully*****Located by By.id: lblCouponTitle<br />
                                ******* Test Case PASSED ******* tc59_couponsListWithStoreSetTest<br />
                                ******* Test Case PASSED ******* tc59_couponsListWithStoreSetTest<br />
                  </div>
    

      </td>
</tr>
          <tr>
        <td colspan="3" class="group">com.michaels.mobile.test.TC61_CouponDetailsCloseButtonTest</td>
      </tr>
            
<tr>
  <td class="method">
                  tc61_couponDetailsCloseButtonTest
      </td>
  <td class="duration">
    113.573s
  </td>
  <td class="result">
        
    
            <div class="testOutput">
                        Initiated Method to Verify app guide and land on Home page <br />
                                Element is displayed Successfully*****Located by Locator map: <br/>
- native content: &quot;By.chained({By.id: android:id/button2})&quot; <br/>
- html content: &quot;by id or name &quot;btnDenyLocationAccess&quot;&quot;<br />
                                Element is displayed Successfully*****Located by By.id: flexGuideControl41<br />
                                Element is displayed Successfully*****Located by By.id: flexGuideControl41<br />
                                Element is displayed Successfully*****Located by Locator map: <br/>
- native content: &quot;By.chained({By.xpath: //*[@text=&apos;Deny&apos;]})&quot; <br/>
- html content: &quot;by id or name &quot;btnDeny&quot;&quot;<br />
                                Initiated Method to Set Favourite Store <br />
                                Element is displayed Successfully*****Located by By.id: btnChooseStore<br />
                                Initiated Method to Select Store<br />
                                Element is displayed Successfully*****Located by By.id: lblChevron<br />
                                Initiated Method to Click on Coupons Button <br />
                                Element is displayed Successfully*****Located by By.id: btnCoupon<br />
                                Initiated Method to verify View Restrictions<br />
                                Element is displayed Successfully*****Located by Locator map: <br/>
- native content: &quot;By.chained({By.xpath: //*[@text=&apos;VIEW RESTRICTIONS&apos;]})&quot; <br/>
- html content: &quot;by id or name &quot;btnViewRestrictions&quot;&quot;<br />
                                Element is displayed Successfully*****Located by By.id: lblOfferTitle1Restrictions<br />
                                Element is displayed Successfully*****Located by By.id: lblPromoCodeRestrictions<br />
                                Element is displayed Successfully*****Located by By.id: lblValidityRestrictions<br />
                                Element is displayed Successfully*****Located by By.id: imgBarcodeRestrictions<br />
                                Element is displayed Successfully*****Located by By.id: rchTxtRetrictions<br />
                                Element is displayed Successfully*****Located by By.id: flxCloseBtnWrap<br />
                                Initiated Method to verify Close button functionality of View Restrictions<br />
                                Element is displayed Successfully*****Located by By.id: flxCloseBtnWrap<br />
                                Element is displayed Successfully*****Located by By.id: lblCouponTitle<br />
                                ******* Test Case PASSED ******* tc61_couponDetailsCloseButtonTest<br />
                                ******* Test Case PASSED ******* tc61_couponDetailsCloseButtonTest<br />
                  </div>
    

      </td>
</tr>
          <tr>
        <td colspan="3" class="group">com.michaels.mobile.test.TC62_CouponAddToWalletTest</td>
      </tr>
            
<tr>
  <td class="method">
                  tc62_couponAddToWalletTest
      </td>
  <td class="duration">
    116.601s
  </td>
  <td class="result">
        
    
            <div class="testOutput">
                        Initiated Method to Verify app guide and land on Home page <br />
                                Element is displayed Successfully*****Located by Locator map: <br/>
- native content: &quot;By.chained({By.id: android:id/button2})&quot; <br/>
- html content: &quot;by id or name &quot;btnDenyLocationAccess&quot;&quot;<br />
                                Element is displayed Successfully*****Located by By.id: flexGuideControl41<br />
                                Element is displayed Successfully*****Located by By.id: flexGuideControl41<br />
                                Element is displayed Successfully*****Located by Locator map: <br/>
- native content: &quot;By.chained({By.xpath: //*[@text=&apos;Deny&apos;]})&quot; <br/>
- html content: &quot;by id or name &quot;btnDeny&quot;&quot;<br />
                                Initiated Method to Set Favourite Store <br />
                                Element is displayed Successfully*****Located by By.id: btnChooseStore<br />
                                Initiated Method to Select Store<br />
                                Element is displayed Successfully*****Located by By.id: lblChevron<br />
                                Initiated Method to Click on Coupons Button <br />
                                Element is displayed Successfully*****Located by By.id: btnCoupon<br />
                                Initiated Method to verify Coupons Page <br />
                                Element is displayed Successfully*****Located by By.id: lblCouponTitle<br />
                                Initiated Method to verify Add Wallet Coupons Page<br />
                                Element is displayed Successfully*****Located by Locator map: <br/>
- native content: &quot;By.chained({By.xpath: //*[@text=&apos;ADD TO WALLET&apos;]})&quot; <br/>
- html content: &quot;by id or name &quot;btnAddToWallet&quot;&quot;<br />
                                Element is displayed Successfully*****Located by Locator map: <br/>
- native content: &quot;By.chained({By.id: com.google.android.apps.walletnfcrel:id/AccountSpinnerContainer})&quot; <br/>
- html content: &quot;by id or name &quot;walletApp&quot;&quot;<br />
                                ******* Test Case PASSED ******* tc62_couponAddToWalletTest<br />
                                ******* Test Case PASSED ******* tc62_couponAddToWalletTest<br />
                  </div>
    

      </td>
</tr>
          <tr>
        <td colspan="3" class="group">com.michaels.mobile.test.TC63_CouponsDoneButtonTest</td>
      </tr>
            
<tr>
  <td class="method">
                  tc63_couponsDoneButtonTest
      </td>
  <td class="duration">
    116.595s
  </td>
  <td class="result">
        
    
            <div class="testOutput">
                        Initiated Method to Verify app guide and land on Home page <br />
                                Element is displayed Successfully*****Located by Locator map: <br/>
- native content: &quot;By.chained({By.id: android:id/button2})&quot; <br/>
- html content: &quot;by id or name &quot;btnDenyLocationAccess&quot;&quot;<br />
                                Element is displayed Successfully*****Located by By.id: flexGuideControl41<br />
                                Element is displayed Successfully*****Located by By.id: flexGuideControl41<br />
                                Element is displayed Successfully*****Located by Locator map: <br/>
- native content: &quot;By.chained({By.xpath: //*[@text=&apos;Deny&apos;]})&quot; <br/>
- html content: &quot;by id or name &quot;btnDeny&quot;&quot;<br />
                                Initiated Method to Set Favourite Store <br />
                                Element is displayed Successfully*****Located by By.id: btnChooseStore<br />
                                Initiated Method to Select Store<br />
                                Element is displayed Successfully*****Located by By.id: lblChevron<br />
                                Initiated Method to Click on Coupons Button <br />
                                Element is displayed Successfully*****Located by By.id: btnCoupon<br />
                                Initiated Method to verify Coupons Page <br />
                                Element is displayed Successfully*****Located by By.id: lblCouponTitle<br />
                                Initiated Method to verify Done button functionality of Coupons Page<br />
                                Element is displayed Successfully*****Located by By.id: btnDone<br />
                                Element is displayed Successfully*****Located by By.id: imgLogo<br />
                                ******* Test Case PASSED ******* tc63_couponsDoneButtonTest<br />
                                ******* Test Case PASSED ******* tc63_couponsDoneButtonTest<br />
                  </div>
    

      </td>
</tr>
      </table>
  
</body>
</html>
